29-Jan-2020 10:24:45.855 INFOS [main] org.apache.catalina.startup.VersionLoggerListener.log Version du serveur:        Apache Tomcat/9.0.30
29-Jan-2020 10:24:45.859 INFOS [main] org.apache.catalina.startup.VersionLoggerListener.log Serveur compilé:       Dec 7 2019 16:42:04 UTC
29-Jan-2020 10:24:45.859 INFOS [main] org.apache.catalina.startup.VersionLoggerListener.log Version du serveur:      9.0.30.0
29-Jan-2020 10:24:45.859 INFOS [main] org.apache.catalina.startup.VersionLoggerListener.log Nom de l'OS:           Mac OS X
29-Jan-2020 10:24:45.859 INFOS [main] org.apache.catalina.startup.VersionLoggerListener.log Version de l'OS:        10.15.2
29-Jan-2020 10:24:45.859 INFOS [main] org.apache.catalina.startup.VersionLoggerListener.log Architecture:          x86_64
29-Jan-2020 10:24:45.860 INFOS [main] org.apache.catalina.startup.VersionLoggerListener.log Répertoire de Java:     /Library/Java/JavaVirtualMachines/jdk1.8.0_141.jdk/Contents/Home/jre
29-Jan-2020 10:24:45.860 INFOS [main] org.apache.catalina.startup.VersionLoggerListener.log Version de la JVM:           1.8.0_141-b15
29-Jan-2020 10:24:45.860 INFOS [main] org.apache.catalina.startup.VersionLoggerListener.log Fournisseur de la JVM:            Oracle Corporation
29-Jan-2020 10:24:45.860 INFOS [main] org.apache.catalina.startup.VersionLoggerListener.log CATALINA_BASE:         /Users/Airi/Documents/SOEN487-Projects/Tutorial/apache-tomcat-9.0.30
29-Jan-2020 10:24:45.860 INFOS [main] org.apache.catalina.startup.VersionLoggerListener.log CATALINA_HOME:         /Users/Airi/Documents/SOEN487-Projects/Tutorial/apache-tomcat-9.0.30
29-Jan-2020 10:24:45.864 INFOS [main] org.apache.catalina.startup.VersionLoggerListener.log Argument de la ligne de commande: -Djava.util.logging.config.file=/Users/Airi/Documents/SOEN487-Projects/Tutorial/apache-tomcat-9.0.30/conf/logging.properties
29-Jan-2020 10:24:45.864 INFOS [main] org.apache.catalina.startup.VersionLoggerListener.log Argument de la ligne de commande: -Djava.util.logging.manager=org.apache.juli.ClassLoaderLogManager
29-Jan-2020 10:24:45.864 INFOS [main] org.apache.catalina.startup.VersionLoggerListener.log Argument de la ligne de commande: -Dhttp.nonProxyHosts=localhost|127.0.0.1|Airis-MBP
29-Jan-2020 10:24:45.864 INFOS [main] org.apache.catalina.startup.VersionLoggerListener.log Argument de la ligne de commande: -Djdk.tls.ephemeralDHKeySize=2048
29-Jan-2020 10:24:45.864 INFOS [main] org.apache.catalina.startup.VersionLoggerListener.log Argument de la ligne de commande: -Djava.protocol.handler.pkgs=org.apache.catalina.webresources
29-Jan-2020 10:24:45.864 INFOS [main] org.apache.catalina.startup.VersionLoggerListener.log Argument de la ligne de commande: -Dorg.apache.catalina.security.SecurityListener.UMASK=0027
29-Jan-2020 10:24:45.864 INFOS [main] org.apache.catalina.startup.VersionLoggerListener.log Argument de la ligne de commande: -Dignore.endorsed.dirs=
29-Jan-2020 10:24:45.864 INFOS [main] org.apache.catalina.startup.VersionLoggerListener.log Argument de la ligne de commande: -Dcatalina.base=/Users/Airi/Documents/SOEN487-Projects/Tutorial/apache-tomcat-9.0.30
29-Jan-2020 10:24:45.865 INFOS [main] org.apache.catalina.startup.VersionLoggerListener.log Argument de la ligne de commande: -Dcatalina.home=/Users/Airi/Documents/SOEN487-Projects/Tutorial/apache-tomcat-9.0.30
29-Jan-2020 10:24:45.865 INFOS [main] org.apache.catalina.startup.VersionLoggerListener.log Argument de la ligne de commande: -Djava.io.tmpdir=/Users/Airi/Documents/SOEN487-Projects/Tutorial/apache-tomcat-9.0.30/temp
29-Jan-2020 10:24:45.865 INFOS [main] org.apache.catalina.core.AprLifecycleListener.lifecycleEvent La librairie Apache Tomcat Native basée sur APR qui permet des performances optimales dans les environnements de production n'a pas été trouvée sur le java.library.path: [/Users/Airi/Library/Java/Extensions:/Library/Java/Extensions:/Network/Library/Java/Extensions:/System/Library/Java/Extensions:/usr/lib/java:.]
29-Jan-2020 10:24:46.778 INFOS [main] org.apache.coyote.AbstractProtocol.init Initialisation du gestionnaire de protocole ["http-nio-8080"]
29-Jan-2020 10:24:47.015 INFOS [main] org.apache.coyote.AbstractProtocol.init Initialisation du gestionnaire de protocole ["ajp-nio-8009"]
29-Jan-2020 10:24:47.029 INFOS [main] org.apache.catalina.startup.Catalina.load L'initialisation du serveur a pris [1 560] millisecondes
29-Jan-2020 10:24:47.163 INFOS [main] org.apache.catalina.core.StandardService.startInternal Démarrage du service [Catalina]
29-Jan-2020 10:24:47.164 INFOS [main] org.apache.catalina.core.StandardEngine.startInternal Démarrage du moteur de Servlets: [Apache Tomcat/9.0.30]
29-Jan-2020 10:24:47.242 INFOS [main] org.apache.catalina.startup.HostConfig.deployDirectory Déploiement du répertoire d'application web [/Users/Airi/Documents/SOEN487-Projects/Tutorial/apache-tomcat-9.0.30/webapps/docs]
29-Jan-2020 10:24:48.320 INFOS [main] org.apache.catalina.startup.HostConfig.deployDirectory Le déploiement du répertoire [/Users/Airi/Documents/SOEN487-Projects/Tutorial/apache-tomcat-9.0.30/webapps/docs] de l'application web s'est terminé en [1 078] ms
29-Jan-2020 10:24:48.321 INFOS [main] org.apache.catalina.startup.HostConfig.deployDirectory Déploiement du répertoire d'application web [/Users/Airi/Documents/SOEN487-Projects/Tutorial/apache-tomcat-9.0.30/webapps/manager]
29-Jan-2020 10:24:48.438 INFOS [main] org.apache.catalina.startup.HostConfig.deployDirectory Le déploiement du répertoire [/Users/Airi/Documents/SOEN487-Projects/Tutorial/apache-tomcat-9.0.30/webapps/manager] de l'application web s'est terminé en [116] ms
29-Jan-2020 10:24:48.438 INFOS [main] org.apache.catalina.startup.HostConfig.deployDirectory Déploiement du répertoire d'application web [/Users/Airi/Documents/SOEN487-Projects/Tutorial/apache-tomcat-9.0.30/webapps/examples]
29-Jan-2020 10:24:49.384 INFOS [main] org.apache.catalina.startup.HostConfig.deployDirectory Le déploiement du répertoire [/Users/Airi/Documents/SOEN487-Projects/Tutorial/apache-tomcat-9.0.30/webapps/examples] de l'application web s'est terminé en [946] ms
29-Jan-2020 10:24:49.386 INFOS [main] org.apache.catalina.startup.HostConfig.deployDirectory Déploiement du répertoire d'application web [/Users/Airi/Documents/SOEN487-Projects/Tutorial/apache-tomcat-9.0.30/webapps/ROOT]
29-Jan-2020 10:24:49.433 INFOS [main] org.apache.catalina.startup.HostConfig.deployDirectory Le déploiement du répertoire [/Users/Airi/Documents/SOEN487-Projects/Tutorial/apache-tomcat-9.0.30/webapps/ROOT] de l'application web s'est terminé en [47] ms
29-Jan-2020 10:24:49.434 INFOS [main] org.apache.catalina.startup.HostConfig.deployDirectory Déploiement du répertoire d'application web [/Users/Airi/Documents/SOEN487-Projects/Tutorial/apache-tomcat-9.0.30/webapps/host-manager]
29-Jan-2020 10:24:49.484 INFOS [main] org.apache.catalina.startup.HostConfig.deployDirectory Le déploiement du répertoire [/Users/Airi/Documents/SOEN487-Projects/Tutorial/apache-tomcat-9.0.30/webapps/host-manager] de l'application web s'est terminé en [50] ms
29-Jan-2020 10:24:49.559 INFOS [main] org.apache.coyote.AbstractProtocol.start Démarrage du gestionnaire de protocole ["http-nio-8080"]
29-Jan-2020 10:24:49.608 INFOS [main] org.apache.coyote.AbstractProtocol.start Démarrage du gestionnaire de protocole ["ajp-nio-8009"]
29-Jan-2020 10:24:49.656 INFOS [main] org.apache.catalina.startup.Catalina.start Le démarrage du serveur a pris [2 625] millisecondes
29-Jan-2020 10:25:07.075 INFOS [http-nio-8080-exec-8] org.apache.catalina.startup.HostConfig.deployDescriptor Déploiement du descripteur de configuration [/Users/Airi/Documents/SOEN487-Projects/Tutorial/apache-tomcat-9.0.30/conf/Catalina/localhost/A1-LibraryClient.xml]
29-Jan-2020 10:25:07.077 AVERTISSEMENT [http-nio-8080-exec-8] org.apache.catalina.startup.HostConfig.deployDescriptor L'attribut path avec la valeur [/A1-LibraryClient] dans le descripteur de déploiement [/Users/Airi/Documents/SOEN487-Projects/Tutorial/apache-tomcat-9.0.30/conf/Catalina/localhost/A1-LibraryClient.xml] a été ignoré
29-Jan-2020 10:25:07.132 INFOS [http-nio-8080-exec-8] org.apache.catalina.startup.HostConfig.deployDescriptor Le traitement du descripteur de déploiement [/Users/Airi/Documents/SOEN487-Projects/Tutorial/apache-tomcat-9.0.30/conf/Catalina/localhost/A1-LibraryClient.xml] a pris [57] ms
29-Jan-2020 10:25:07.150 INFOS [http-nio-8080-exec-9] org.apache.catalina.util.LifecycleBase.start La méthode start() a été appelée sur le composant [StandardEngine[Catalina].StandardHost[localhost].StandardContext[/A1-LibraryClient]] après que start() ait déjà été appelé, le deuxième appel sera ignoré
29-Jan-2020 10:25:28.018 INFOS [main] org.apache.catalina.core.StandardServer.await Une commande d'arrêt valide a été reçue sur le port d'arrêt, arrêt de l'instance du serveur
29-Jan-2020 10:25:28.018 INFOS [main] org.apache.coyote.AbstractProtocol.pause Le gestionnaire de protocole ["http-nio-8080"] est mis en pause
29-Jan-2020 10:25:28.026 INFOS [main] org.apache.coyote.AbstractProtocol.pause Le gestionnaire de protocole ["ajp-nio-8009"] est mis en pause
29-Jan-2020 10:25:28.033 INFOS [main] org.apache.catalina.core.StandardService.stopInternal Arrêt du service [Catalina]
29-Jan-2020 10:25:28.080 INFOS [main] org.apache.coyote.AbstractProtocol.stop Arrêt du gestionnaire de protocole ["http-nio-8080"]
29-Jan-2020 10:25:28.091 INFOS [main] org.apache.coyote.AbstractProtocol.stop Arrêt du gestionnaire de protocole ["ajp-nio-8009"]
29-Jan-2020 10:25:28.102 INFOS [main] org.apache.coyote.AbstractProtocol.destroy Destruction du gestionnaire de protocole ["http-nio-8080"]
29-Jan-2020 10:25:28.104 INFOS [main] org.apache.coyote.AbstractProtocol.destroy Destruction du gestionnaire de protocole ["ajp-nio-8009"]
29-Jan-2020 10:26:11.820 INFOS [main] org.apache.catalina.startup.VersionLoggerListener.log Version du serveur:        Apache Tomcat/9.0.30
29-Jan-2020 10:26:11.835 INFOS [main] org.apache.catalina.startup.VersionLoggerListener.log Serveur compilé:       Dec 7 2019 16:42:04 UTC
29-Jan-2020 10:26:11.835 INFOS [main] org.apache.catalina.startup.VersionLoggerListener.log Version du serveur:      9.0.30.0
29-Jan-2020 10:26:11.836 INFOS [main] org.apache.catalina.startup.VersionLoggerListener.log Nom de l'OS:           Mac OS X
29-Jan-2020 10:26:11.836 INFOS [main] org.apache.catalina.startup.VersionLoggerListener.log Version de l'OS:        10.15.2
29-Jan-2020 10:26:11.836 INFOS [main] org.apache.catalina.startup.VersionLoggerListener.log Architecture:          x86_64
29-Jan-2020 10:26:11.836 INFOS [main] org.apache.catalina.startup.VersionLoggerListener.log Répertoire de Java:     /Library/Java/JavaVirtualMachines/jdk1.8.0_141.jdk/Contents/Home/jre
29-Jan-2020 10:26:11.836 INFOS [main] org.apache.catalina.startup.VersionLoggerListener.log Version de la JVM:           1.8.0_141-b15
29-Jan-2020 10:26:11.836 INFOS [main] org.apache.catalina.startup.VersionLoggerListener.log Fournisseur de la JVM:            Oracle Corporation
29-Jan-2020 10:26:11.836 INFOS [main] org.apache.catalina.startup.VersionLoggerListener.log CATALINA_BASE:         /Users/Airi/Documents/SOEN487-Projects/Tutorial/apache-tomcat-9.0.30
29-Jan-2020 10:26:11.836 INFOS [main] org.apache.catalina.startup.VersionLoggerListener.log CATALINA_HOME:         /Users/Airi/Documents/SOEN487-Projects/Tutorial/apache-tomcat-9.0.30
29-Jan-2020 10:26:11.840 INFOS [main] org.apache.catalina.startup.VersionLoggerListener.log Argument de la ligne de commande: -Djava.util.logging.config.file=/Users/Airi/Documents/SOEN487-Projects/Tutorial/apache-tomcat-9.0.30/conf/logging.properties
29-Jan-2020 10:26:11.841 INFOS [main] org.apache.catalina.startup.VersionLoggerListener.log Argument de la ligne de commande: -Djava.util.logging.manager=org.apache.juli.ClassLoaderLogManager
29-Jan-2020 10:26:11.842 INFOS [main] org.apache.catalina.startup.VersionLoggerListener.log Argument de la ligne de commande: -Dhttp.nonProxyHosts=localhost|127.0.0.1|Airis-MBP
29-Jan-2020 10:26:11.843 INFOS [main] org.apache.catalina.startup.VersionLoggerListener.log Argument de la ligne de commande: -Djdk.tls.ephemeralDHKeySize=2048
29-Jan-2020 10:26:11.844 INFOS [main] org.apache.catalina.startup.VersionLoggerListener.log Argument de la ligne de commande: -Djava.protocol.handler.pkgs=org.apache.catalina.webresources
29-Jan-2020 10:26:11.845 INFOS [main] org.apache.catalina.startup.VersionLoggerListener.log Argument de la ligne de commande: -Dorg.apache.catalina.security.SecurityListener.UMASK=0027
29-Jan-2020 10:26:11.845 INFOS [main] org.apache.catalina.startup.VersionLoggerListener.log Argument de la ligne de commande: -Dignore.endorsed.dirs=
29-Jan-2020 10:26:11.846 INFOS [main] org.apache.catalina.startup.VersionLoggerListener.log Argument de la ligne de commande: -Dcatalina.base=/Users/Airi/Documents/SOEN487-Projects/Tutorial/apache-tomcat-9.0.30
29-Jan-2020 10:26:11.846 INFOS [main] org.apache.catalina.startup.VersionLoggerListener.log Argument de la ligne de commande: -Dcatalina.home=/Users/Airi/Documents/SOEN487-Projects/Tutorial/apache-tomcat-9.0.30
29-Jan-2020 10:26:11.847 INFOS [main] org.apache.catalina.startup.VersionLoggerListener.log Argument de la ligne de commande: -Djava.io.tmpdir=/Users/Airi/Documents/SOEN487-Projects/Tutorial/apache-tomcat-9.0.30/temp
29-Jan-2020 10:26:11.847 INFOS [main] org.apache.catalina.core.AprLifecycleListener.lifecycleEvent La librairie Apache Tomcat Native basée sur APR qui permet des performances optimales dans les environnements de production n'a pas été trouvée sur le java.library.path: [/Users/Airi/Library/Java/Extensions:/Library/Java/Extensions:/Network/Library/Java/Extensions:/System/Library/Java/Extensions:/usr/lib/java:.]
29-Jan-2020 10:26:12.874 INFOS [main] org.apache.coyote.AbstractProtocol.init Initialisation du gestionnaire de protocole ["http-nio-8080"]
29-Jan-2020 10:26:13.031 INFOS [main] org.apache.coyote.AbstractProtocol.init Initialisation du gestionnaire de protocole ["ajp-nio-8009"]
29-Jan-2020 10:26:13.041 INFOS [main] org.apache.catalina.startup.Catalina.load L'initialisation du serveur a pris [1 735] millisecondes
29-Jan-2020 10:26:13.147 INFOS [main] org.apache.catalina.core.StandardService.startInternal Démarrage du service [Catalina]
29-Jan-2020 10:26:13.147 INFOS [main] org.apache.catalina.core.StandardEngine.startInternal Démarrage du moteur de Servlets: [Apache Tomcat/9.0.30]
29-Jan-2020 10:26:13.162 INFOS [main] org.apache.catalina.startup.HostConfig.deployDescriptor Déploiement du descripteur de configuration [/Users/Airi/Documents/SOEN487-Projects/Tutorial/apache-tomcat-9.0.30/conf/Catalina/localhost/A1-LibraryClient.xml]
29-Jan-2020 10:26:13.249 AVERTISSEMENT [main] org.apache.catalina.startup.HostConfig.deployDescriptor L'attribut path avec la valeur [/A1-LibraryClient] dans le descripteur de déploiement [/Users/Airi/Documents/SOEN487-Projects/Tutorial/apache-tomcat-9.0.30/conf/Catalina/localhost/A1-LibraryClient.xml] a été ignoré
29-Jan-2020 10:26:14.084 INFOS [main] org.apache.catalina.startup.HostConfig.deployDescriptor Le traitement du descripteur de déploiement [/Users/Airi/Documents/SOEN487-Projects/Tutorial/apache-tomcat-9.0.30/conf/Catalina/localhost/A1-LibraryClient.xml] a pris [921] ms
29-Jan-2020 10:26:14.085 INFOS [main] org.apache.catalina.startup.HostConfig.deployDirectory Déploiement du répertoire d'application web [/Users/Airi/Documents/SOEN487-Projects/Tutorial/apache-tomcat-9.0.30/webapps/docs]
29-Jan-2020 10:26:14.188 INFOS [main] org.apache.catalina.startup.HostConfig.deployDirectory Le déploiement du répertoire [/Users/Airi/Documents/SOEN487-Projects/Tutorial/apache-tomcat-9.0.30/webapps/docs] de l'application web s'est terminé en [103] ms
29-Jan-2020 10:26:14.188 INFOS [main] org.apache.catalina.startup.HostConfig.deployDirectory Déploiement du répertoire d'application web [/Users/Airi/Documents/SOEN487-Projects/Tutorial/apache-tomcat-9.0.30/webapps/manager]
29-Jan-2020 10:26:14.390 INFOS [main] org.apache.catalina.startup.HostConfig.deployDirectory Le déploiement du répertoire [/Users/Airi/Documents/SOEN487-Projects/Tutorial/apache-tomcat-9.0.30/webapps/manager] de l'application web s'est terminé en [202] ms
29-Jan-2020 10:26:14.391 INFOS [main] org.apache.catalina.startup.HostConfig.deployDirectory Déploiement du répertoire d'application web [/Users/Airi/Documents/SOEN487-Projects/Tutorial/apache-tomcat-9.0.30/webapps/examples]
29-Jan-2020 10:26:15.292 INFOS [main] org.apache.catalina.startup.HostConfig.deployDirectory Le déploiement du répertoire [/Users/Airi/Documents/SOEN487-Projects/Tutorial/apache-tomcat-9.0.30/webapps/examples] de l'application web s'est terminé en [901] ms
29-Jan-2020 10:26:15.293 INFOS [main] org.apache.catalina.startup.HostConfig.deployDirectory Déploiement du répertoire d'application web [/Users/Airi/Documents/SOEN487-Projects/Tutorial/apache-tomcat-9.0.30/webapps/ROOT]
29-Jan-2020 10:26:15.357 INFOS [main] org.apache.catalina.startup.HostConfig.deployDirectory Le déploiement du répertoire [/Users/Airi/Documents/SOEN487-Projects/Tutorial/apache-tomcat-9.0.30/webapps/ROOT] de l'application web s'est terminé en [64] ms
29-Jan-2020 10:26:15.360 INFOS [main] org.apache.catalina.startup.HostConfig.deployDirectory Déploiement du répertoire d'application web [/Users/Airi/Documents/SOEN487-Projects/Tutorial/apache-tomcat-9.0.30/webapps/host-manager]
29-Jan-2020 10:26:15.512 INFOS [main] org.apache.catalina.startup.HostConfig.deployDirectory Le déploiement du répertoire [/Users/Airi/Documents/SOEN487-Projects/Tutorial/apache-tomcat-9.0.30/webapps/host-manager] de l'application web s'est terminé en [151] ms
29-Jan-2020 10:26:15.519 INFOS [main] org.apache.coyote.AbstractProtocol.start Démarrage du gestionnaire de protocole ["http-nio-8080"]
29-Jan-2020 10:26:15.595 INFOS [main] org.apache.coyote.AbstractProtocol.start Démarrage du gestionnaire de protocole ["ajp-nio-8009"]
29-Jan-2020 10:26:15.605 INFOS [main] org.apache.catalina.startup.Catalina.start Le démarrage du serveur a pris [2 561] millisecondes
29-Jan-2020 10:26:19.587 INFOS [http-nio-8080-exec-1] org.apache.catalina.startup.HostConfig.undeploy Retrait de l'application web ayant pour chemin de contexte [/A1-LibraryClient]
29-Jan-2020 10:26:19.617 INFOS [http-nio-8080-exec-4] org.apache.catalina.startup.HostConfig.deployDescriptor Déploiement du descripteur de configuration [/Users/Airi/Documents/SOEN487-Projects/Tutorial/apache-tomcat-9.0.30/conf/Catalina/localhost/A1-LibraryClient.xml]
29-Jan-2020 10:26:19.621 AVERTISSEMENT [http-nio-8080-exec-4] org.apache.catalina.startup.HostConfig.deployDescriptor L'attribut path avec la valeur [/A1-LibraryClient] dans le descripteur de déploiement [/Users/Airi/Documents/SOEN487-Projects/Tutorial/apache-tomcat-9.0.30/conf/Catalina/localhost/A1-LibraryClient.xml] a été ignoré
29-Jan-2020 10:26:19.647 INFOS [http-nio-8080-exec-4] org.apache.catalina.startup.HostConfig.deployDescriptor Le traitement du descripteur de déploiement [/Users/Airi/Documents/SOEN487-Projects/Tutorial/apache-tomcat-9.0.30/conf/Catalina/localhost/A1-LibraryClient.xml] a pris [30] ms
