09-Feb-2020 11:05:23.456 INFOS [main] org.apache.catalina.startup.VersionLoggerListener.log Version du serveur:        Apache Tomcat/9.0.30
09-Feb-2020 11:05:23.459 INFOS [main] org.apache.catalina.startup.VersionLoggerListener.log Serveur compilé:       Dec 7 2019 16:42:04 UTC
09-Feb-2020 11:05:23.459 INFOS [main] org.apache.catalina.startup.VersionLoggerListener.log Version du serveur:      9.0.30.0
09-Feb-2020 11:05:23.459 INFOS [main] org.apache.catalina.startup.VersionLoggerListener.log Nom de l'OS:           Mac OS X
09-Feb-2020 11:05:23.459 INFOS [main] org.apache.catalina.startup.VersionLoggerListener.log Version de l'OS:        10.15.3
09-Feb-2020 11:05:23.459 INFOS [main] org.apache.catalina.startup.VersionLoggerListener.log Architecture:          x86_64
09-Feb-2020 11:05:23.460 INFOS [main] org.apache.catalina.startup.VersionLoggerListener.log Répertoire de Java:     /Library/Java/JavaVirtualMachines/jdk1.8.0_141.jdk/Contents/Home/jre
09-Feb-2020 11:05:23.460 INFOS [main] org.apache.catalina.startup.VersionLoggerListener.log Version de la JVM:           1.8.0_141-b15
09-Feb-2020 11:05:23.461 INFOS [main] org.apache.catalina.startup.VersionLoggerListener.log Fournisseur de la JVM:            Oracle Corporation
09-Feb-2020 11:05:23.461 INFOS [main] org.apache.catalina.startup.VersionLoggerListener.log CATALINA_BASE:         /Users/Airi/Documents/SOEN487-Projects/Tutorial/apache-tomcat-9.0.30
09-Feb-2020 11:05:23.462 INFOS [main] org.apache.catalina.startup.VersionLoggerListener.log CATALINA_HOME:         /Users/Airi/Documents/SOEN487-Projects/Tutorial/apache-tomcat-9.0.30
09-Feb-2020 11:05:23.467 INFOS [main] org.apache.catalina.startup.VersionLoggerListener.log Argument de la ligne de commande: -Djava.util.logging.config.file=/Users/Airi/Documents/SOEN487-Projects/Tutorial/apache-tomcat-9.0.30/conf/logging.properties
09-Feb-2020 11:05:23.467 INFOS [main] org.apache.catalina.startup.VersionLoggerListener.log Argument de la ligne de commande: -Djava.util.logging.manager=org.apache.juli.ClassLoaderLogManager
09-Feb-2020 11:05:23.468 INFOS [main] org.apache.catalina.startup.VersionLoggerListener.log Argument de la ligne de commande: -Dhttp.nonProxyHosts=localhost|127.0.0.1|Airis-MBP
09-Feb-2020 11:05:23.468 INFOS [main] org.apache.catalina.startup.VersionLoggerListener.log Argument de la ligne de commande: -Djdk.tls.ephemeralDHKeySize=2048
09-Feb-2020 11:05:23.468 INFOS [main] org.apache.catalina.startup.VersionLoggerListener.log Argument de la ligne de commande: -Djava.protocol.handler.pkgs=org.apache.catalina.webresources
09-Feb-2020 11:05:23.468 INFOS [main] org.apache.catalina.startup.VersionLoggerListener.log Argument de la ligne de commande: -Dorg.apache.catalina.security.SecurityListener.UMASK=0027
09-Feb-2020 11:05:23.468 INFOS [main] org.apache.catalina.startup.VersionLoggerListener.log Argument de la ligne de commande: -Dignore.endorsed.dirs=
09-Feb-2020 11:05:23.468 INFOS [main] org.apache.catalina.startup.VersionLoggerListener.log Argument de la ligne de commande: -Dcatalina.base=/Users/Airi/Documents/SOEN487-Projects/Tutorial/apache-tomcat-9.0.30
09-Feb-2020 11:05:23.468 INFOS [main] org.apache.catalina.startup.VersionLoggerListener.log Argument de la ligne de commande: -Dcatalina.home=/Users/Airi/Documents/SOEN487-Projects/Tutorial/apache-tomcat-9.0.30
09-Feb-2020 11:05:23.468 INFOS [main] org.apache.catalina.startup.VersionLoggerListener.log Argument de la ligne de commande: -Djava.io.tmpdir=/Users/Airi/Documents/SOEN487-Projects/Tutorial/apache-tomcat-9.0.30/temp
09-Feb-2020 11:05:23.468 INFOS [main] org.apache.catalina.core.AprLifecycleListener.lifecycleEvent La librairie Apache Tomcat Native basée sur APR qui permet des performances optimales dans les environnements de production n'a pas été trouvée sur le java.library.path: [/Users/Airi/Library/Java/Extensions:/Library/Java/Extensions:/Network/Library/Java/Extensions:/System/Library/Java/Extensions:/usr/lib/java:.]
09-Feb-2020 11:05:24.262 INFOS [main] org.apache.coyote.AbstractProtocol.init Initialisation du gestionnaire de protocole ["http-nio-8080"]
09-Feb-2020 11:05:24.342 INFOS [main] org.apache.coyote.AbstractProtocol.init Initialisation du gestionnaire de protocole ["ajp-nio-8009"]
09-Feb-2020 11:05:24.354 INFOS [main] org.apache.catalina.startup.Catalina.load L'initialisation du serveur a pris [1 536] millisecondes
09-Feb-2020 11:05:24.502 INFOS [main] org.apache.catalina.core.StandardService.startInternal Démarrage du service [Catalina]
09-Feb-2020 11:05:24.502 INFOS [main] org.apache.catalina.core.StandardEngine.startInternal Démarrage du moteur de Servlets: [Apache Tomcat/9.0.30]
09-Feb-2020 11:05:24.547 INFOS [main] org.apache.catalina.startup.HostConfig.deployDescriptor Déploiement du descripteur de configuration [/Users/Airi/Documents/SOEN487-Projects/Tutorial/apache-tomcat-9.0.30/conf/Catalina/localhost/A1-LibraryServiceTest.xml]
09-Feb-2020 11:05:24.616 AVERTISSEMENT [main] org.apache.catalina.startup.HostConfig.deployDescriptor L'attribut path avec la valeur [/A1-LibraryServiceTest] dans le descripteur de déploiement [/Users/Airi/Documents/SOEN487-Projects/Tutorial/apache-tomcat-9.0.30/conf/Catalina/localhost/A1-LibraryServiceTest.xml] a été ignoré
09-Feb-2020 11:05:24.812 GRAVE [main] org.apache.catalina.startup.HostConfig.deployDescriptor Erreur lors du déploiement du descripteur de configuration [/Users/Airi/Documents/SOEN487-Projects/Tutorial/apache-tomcat-9.0.30/conf/Catalina/localhost/A1-LibraryServiceTest.xml]
	java.lang.IllegalStateException: Erreur lors du démarrage du conteneur fils
		at org.apache.catalina.core.ContainerBase.addChildInternal(ContainerBase.java:720)
		at org.apache.catalina.core.ContainerBase.addChild(ContainerBase.java:690)
		at org.apache.catalina.core.StandardHost.addChild(StandardHost.java:705)
		at org.apache.catalina.startup.HostConfig.deployDescriptor(HostConfig.java:631)
		at org.apache.catalina.startup.HostConfig$DeployDescriptor.run(HostConfig.java:1831)
		at java.util.concurrent.Executors$RunnableAdapter.call(Executors.java:511)
		at java.util.concurrent.FutureTask.run(FutureTask.java:266)
		at org.apache.tomcat.util.threads.InlineExecutorService.execute(InlineExecutorService.java:75)
		at java.util.concurrent.AbstractExecutorService.submit(AbstractExecutorService.java:112)
		at org.apache.catalina.startup.HostConfig.deployDescriptors(HostConfig.java:526)
		at org.apache.catalina.startup.HostConfig.deployApps(HostConfig.java:425)
		at org.apache.catalina.startup.HostConfig.start(HostConfig.java:1576)
		at org.apache.catalina.startup.HostConfig.lifecycleEvent(HostConfig.java:309)
		at org.apache.catalina.util.LifecycleBase.fireLifecycleEvent(LifecycleBase.java:123)
		at org.apache.catalina.util.LifecycleBase.setStateInternal(LifecycleBase.java:423)
		at org.apache.catalina.util.LifecycleBase.setState(LifecycleBase.java:366)
		at org.apache.catalina.core.ContainerBase.startInternal(ContainerBase.java:936)
		at org.apache.catalina.core.StandardHost.startInternal(StandardHost.java:841)
		at org.apache.catalina.util.LifecycleBase.start(LifecycleBase.java:183)
		at org.apache.catalina.core.ContainerBase$StartChild.call(ContainerBase.java:1384)
		at org.apache.catalina.core.ContainerBase$StartChild.call(ContainerBase.java:1374)
		at java.util.concurrent.FutureTask.run(FutureTask.java:266)
		at org.apache.tomcat.util.threads.InlineExecutorService.execute(InlineExecutorService.java:75)
		at java.util.concurrent.AbstractExecutorService.submit(AbstractExecutorService.java:134)
		at org.apache.catalina.core.ContainerBase.startInternal(ContainerBase.java:909)
		at org.apache.catalina.core.StandardEngine.startInternal(StandardEngine.java:262)
		at org.apache.catalina.util.LifecycleBase.start(LifecycleBase.java:183)
		at org.apache.catalina.core.StandardService.startInternal(StandardService.java:421)
		at org.apache.catalina.util.LifecycleBase.start(LifecycleBase.java:183)
		at org.apache.catalina.core.StandardServer.startInternal(StandardServer.java:930)
		at org.apache.catalina.util.LifecycleBase.start(LifecycleBase.java:183)
		at org.apache.catalina.startup.Catalina.start(Catalina.java:633)
		at sun.reflect.NativeMethodAccessorImpl.invoke0(Native Method)
		at sun.reflect.NativeMethodAccessorImpl.invoke(NativeMethodAccessorImpl.java:62)
		at sun.reflect.DelegatingMethodAccessorImpl.invoke(DelegatingMethodAccessorImpl.java:43)
		at java.lang.reflect.Method.invoke(Method.java:498)
		at org.apache.catalina.startup.Bootstrap.start(Bootstrap.java:343)
		at org.apache.catalina.startup.Bootstrap.main(Bootstrap.java:474)
	Caused by: org.apache.catalina.LifecycleException: Echec de démarrage du composant [org.apache.catalina.webresources.StandardRoot@491cc5c9]
		at org.apache.catalina.util.LifecycleBase.handleSubClassException(LifecycleBase.java:440)
		at org.apache.catalina.util.LifecycleBase.start(LifecycleBase.java:198)
		at org.apache.catalina.core.StandardContext.resourcesStart(StandardContext.java:4800)
		at org.apache.catalina.core.StandardContext.startInternal(StandardContext.java:4935)
		at org.apache.catalina.util.LifecycleBase.start(LifecycleBase.java:183)
		at org.apache.catalina.core.ContainerBase.addChildInternal(ContainerBase.java:717)
		... 37 more
	Caused by: java.lang.IllegalArgumentException: L'ensemble de ressources principal [/Users/Airi/Documents/SOEN487-Projects/Assignment1/A1-LibraryServiceTest/build/web] est invalide
		at org.apache.catalina.webresources.StandardRoot.createMainResourceSet(StandardRoot.java:752)
		at org.apache.catalina.webresources.StandardRoot.startInternal(StandardRoot.java:709)
		at org.apache.catalina.util.LifecycleBase.start(LifecycleBase.java:183)
		... 41 more
09-Feb-2020 11:05:24.816 INFOS [main] org.apache.catalina.startup.HostConfig.deployDescriptor Le traitement du descripteur de déploiement [/Users/Airi/Documents/SOEN487-Projects/Tutorial/apache-tomcat-9.0.30/conf/Catalina/localhost/A1-LibraryServiceTest.xml] a pris [268] ms
09-Feb-2020 11:05:24.816 INFOS [main] org.apache.catalina.startup.HostConfig.deployDescriptor Déploiement du descripteur de configuration [/Users/Airi/Documents/SOEN487-Projects/Tutorial/apache-tomcat-9.0.30/conf/Catalina/localhost/HelloWorldJersey.xml]
09-Feb-2020 11:05:24.817 AVERTISSEMENT [main] org.apache.catalina.startup.HostConfig.deployDescriptor L'attribut path avec la valeur [/HelloWorldJersey] dans le descripteur de déploiement [/Users/Airi/Documents/SOEN487-Projects/Tutorial/apache-tomcat-9.0.30/conf/Catalina/localhost/HelloWorldJersey.xml] a été ignoré
09-Feb-2020 11:05:29.619 INFOS [main] org.apache.jasper.servlet.TldScanner.scanJars Au moins un fichier JAR a été analysé pour trouver des TLDs mais il n'en contenait pas, le mode "debug" du journal peut être activé pour obtenir une liste complète de JAR scannés sans succès; éviter d'analyser des JARs inutilement peut améliorer sensiblement le temps de démarrage et le temps de compilation des JSPs
09-Feb-2020 11:05:31.020 INFOS [main] org.glassfish.jersey.server.ApplicationHandler.initialize Initiating Jersey application, version Jersey: 2.5.1 2014-01-02 13:43:00...
09-Feb-2020 11:05:32.016 INFOS [main] org.apache.catalina.startup.HostConfig.deployDescriptor Le traitement du descripteur de déploiement [/Users/Airi/Documents/SOEN487-Projects/Tutorial/apache-tomcat-9.0.30/conf/Catalina/localhost/HelloWorldJersey.xml] a pris [7 200] ms
09-Feb-2020 11:05:32.017 INFOS [main] org.apache.catalina.startup.HostConfig.deployDescriptor Déploiement du descripteur de configuration [/Users/Airi/Documents/SOEN487-Projects/Tutorial/apache-tomcat-9.0.30/conf/Catalina/localhost/HelloWorld1.xml]
09-Feb-2020 11:05:32.018 AVERTISSEMENT [main] org.apache.catalina.startup.HostConfig.deployDescriptor L'attribut path avec la valeur [/HelloWorld1] dans le descripteur de déploiement [/Users/Airi/Documents/SOEN487-Projects/Tutorial/apache-tomcat-9.0.30/conf/Catalina/localhost/HelloWorld1.xml] a été ignoré
09-Feb-2020 11:05:32.052 INFOS [main] org.apache.catalina.startup.HostConfig.deployDescriptor Le traitement du descripteur de déploiement [/Users/Airi/Documents/SOEN487-Projects/Tutorial/apache-tomcat-9.0.30/conf/Catalina/localhost/HelloWorld1.xml] a pris [36] ms
09-Feb-2020 11:05:32.052 INFOS [main] org.apache.catalina.startup.HostConfig.deployDescriptor Déploiement du descripteur de configuration [/Users/Airi/Documents/SOEN487-Projects/Tutorial/apache-tomcat-9.0.30/conf/Catalina/localhost/A1-LibraryService.xml]
09-Feb-2020 11:05:32.054 AVERTISSEMENT [main] org.apache.catalina.startup.HostConfig.deployDescriptor L'attribut path avec la valeur [/A1-LibraryService] dans le descripteur de déploiement [/Users/Airi/Documents/SOEN487-Projects/Tutorial/apache-tomcat-9.0.30/conf/Catalina/localhost/A1-LibraryService.xml] a été ignoré
09-Feb-2020 11:05:34.278 INFOS [main] org.glassfish.jersey.servlet.init.JerseyServletContainerInitializer.addServletWithApplication Registering the Jersey servlet application, named a1.libraryservice.ApplicationConfig, at the servlet mapping /webresources/*, with the Application class of the same name.
09-Feb-2020 11:05:34.311 INFOS [main] org.apache.jasper.servlet.TldScanner.scanJars Au moins un fichier JAR a été analysé pour trouver des TLDs mais il n'en contenait pas, le mode "debug" du journal peut être activé pour obtenir une liste complète de JAR scannés sans succès; éviter d'analyser des JARs inutilement peut améliorer sensiblement le temps de démarrage et le temps de compilation des JSPs
09-Feb-2020 11:05:34.910 INFOS [main] org.glassfish.jersey.server.ApplicationHandler.initialize Initiating Jersey application, version Jersey: 2.5.1 2014-01-02 13:43:00...
09-Feb-2020 11:05:35.726 INFOS [main] org.apache.catalina.startup.HostConfig.deployDescriptor Le traitement du descripteur de déploiement [/Users/Airi/Documents/SOEN487-Projects/Tutorial/apache-tomcat-9.0.30/conf/Catalina/localhost/A1-LibraryService.xml] a pris [3 674] ms
09-Feb-2020 11:05:35.726 INFOS [main] org.apache.catalina.startup.HostConfig.deployDescriptor Déploiement du descripteur de configuration [/Users/Airi/Documents/SOEN487-Projects/Tutorial/apache-tomcat-9.0.30/conf/Catalina/localhost/A1-LibraryService1.xml]
09-Feb-2020 11:05:35.728 AVERTISSEMENT [main] org.apache.catalina.startup.HostConfig.deployDescriptor L'attribut path avec la valeur [/A1-LibraryService1] dans le descripteur de déploiement [/Users/Airi/Documents/SOEN487-Projects/Tutorial/apache-tomcat-9.0.30/conf/Catalina/localhost/A1-LibraryService1.xml] a été ignoré
09-Feb-2020 11:05:35.732 GRAVE [main] org.apache.catalina.startup.HostConfig.deployDescriptor Erreur lors du déploiement du descripteur de configuration [/Users/Airi/Documents/SOEN487-Projects/Tutorial/apache-tomcat-9.0.30/conf/Catalina/localhost/A1-LibraryService1.xml]
	java.lang.IllegalStateException: Erreur lors du démarrage du conteneur fils
		at org.apache.catalina.core.ContainerBase.addChildInternal(ContainerBase.java:720)
		at org.apache.catalina.core.ContainerBase.addChild(ContainerBase.java:690)
		at org.apache.catalina.core.StandardHost.addChild(StandardHost.java:705)
		at org.apache.catalina.startup.HostConfig.deployDescriptor(HostConfig.java:631)
		at org.apache.catalina.startup.HostConfig$DeployDescriptor.run(HostConfig.java:1831)
		at java.util.concurrent.Executors$RunnableAdapter.call(Executors.java:511)
		at java.util.concurrent.FutureTask.run(FutureTask.java:266)
		at org.apache.tomcat.util.threads.InlineExecutorService.execute(InlineExecutorService.java:75)
		at java.util.concurrent.AbstractExecutorService.submit(AbstractExecutorService.java:112)
		at org.apache.catalina.startup.HostConfig.deployDescriptors(HostConfig.java:526)
		at org.apache.catalina.startup.HostConfig.deployApps(HostConfig.java:425)
		at org.apache.catalina.startup.HostConfig.start(HostConfig.java:1576)
		at org.apache.catalina.startup.HostConfig.lifecycleEvent(HostConfig.java:309)
		at org.apache.catalina.util.LifecycleBase.fireLifecycleEvent(LifecycleBase.java:123)
		at org.apache.catalina.util.LifecycleBase.setStateInternal(LifecycleBase.java:423)
		at org.apache.catalina.util.LifecycleBase.setState(LifecycleBase.java:366)
		at org.apache.catalina.core.ContainerBase.startInternal(ContainerBase.java:936)
		at org.apache.catalina.core.StandardHost.startInternal(StandardHost.java:841)
		at org.apache.catalina.util.LifecycleBase.start(LifecycleBase.java:183)
		at org.apache.catalina.core.ContainerBase$StartChild.call(ContainerBase.java:1384)
		at org.apache.catalina.core.ContainerBase$StartChild.call(ContainerBase.java:1374)
		at java.util.concurrent.FutureTask.run(FutureTask.java:266)
		at org.apache.tomcat.util.threads.InlineExecutorService.execute(InlineExecutorService.java:75)
		at java.util.concurrent.AbstractExecutorService.submit(AbstractExecutorService.java:134)
		at org.apache.catalina.core.ContainerBase.startInternal(ContainerBase.java:909)
		at org.apache.catalina.core.StandardEngine.startInternal(StandardEngine.java:262)
		at org.apache.catalina.util.LifecycleBase.start(LifecycleBase.java:183)
		at org.apache.catalina.core.StandardService.startInternal(StandardService.java:421)
		at org.apache.catalina.util.LifecycleBase.start(LifecycleBase.java:183)
		at org.apache.catalina.core.StandardServer.startInternal(StandardServer.java:930)
		at org.apache.catalina.util.LifecycleBase.start(LifecycleBase.java:183)
		at org.apache.catalina.startup.Catalina.start(Catalina.java:633)
		at sun.reflect.NativeMethodAccessorImpl.invoke0(Native Method)
		at sun.reflect.NativeMethodAccessorImpl.invoke(NativeMethodAccessorImpl.java:62)
		at sun.reflect.DelegatingMethodAccessorImpl.invoke(DelegatingMethodAccessorImpl.java:43)
		at java.lang.reflect.Method.invoke(Method.java:498)
		at org.apache.catalina.startup.Bootstrap.start(Bootstrap.java:343)
		at org.apache.catalina.startup.Bootstrap.main(Bootstrap.java:474)
	Caused by: org.apache.catalina.LifecycleException: Echec de démarrage du composant [org.apache.catalina.webresources.StandardRoot@5cb9ef8a]
		at org.apache.catalina.util.LifecycleBase.handleSubClassException(LifecycleBase.java:440)
		at org.apache.catalina.util.LifecycleBase.start(LifecycleBase.java:198)
		at org.apache.catalina.core.StandardContext.resourcesStart(StandardContext.java:4800)
		at org.apache.catalina.core.StandardContext.startInternal(StandardContext.java:4935)
		at org.apache.catalina.util.LifecycleBase.start(LifecycleBase.java:183)
		at org.apache.catalina.core.ContainerBase.addChildInternal(ContainerBase.java:717)
		... 37 more
	Caused by: java.lang.IllegalArgumentException: L'ensemble de ressources principal [/Users/Airi/Documents/SOEN487-Projects/Assignment1/A1-LibraryService1/build/web] est invalide
		at org.apache.catalina.webresources.StandardRoot.createMainResourceSet(StandardRoot.java:752)
		at org.apache.catalina.webresources.StandardRoot.startInternal(StandardRoot.java:709)
		at org.apache.catalina.util.LifecycleBase.start(LifecycleBase.java:183)
		... 41 more
09-Feb-2020 11:05:35.734 INFOS [main] org.apache.catalina.startup.HostConfig.deployDescriptor Le traitement du descripteur de déploiement [/Users/Airi/Documents/SOEN487-Projects/Tutorial/apache-tomcat-9.0.30/conf/Catalina/localhost/A1-LibraryService1.xml] a pris [7] ms
09-Feb-2020 11:05:35.734 INFOS [main] org.apache.catalina.startup.HostConfig.deployDescriptor Déploiement du descripteur de configuration [/Users/Airi/Documents/SOEN487-Projects/Tutorial/apache-tomcat-9.0.30/conf/Catalina/localhost/A1-LibraryClient.xml]
09-Feb-2020 11:05:35.735 AVERTISSEMENT [main] org.apache.catalina.startup.HostConfig.deployDescriptor L'attribut path avec la valeur [/A1-LibraryClient] dans le descripteur de déploiement [/Users/Airi/Documents/SOEN487-Projects/Tutorial/apache-tomcat-9.0.30/conf/Catalina/localhost/A1-LibraryClient.xml] a été ignoré
09-Feb-2020 11:05:37.274 INFOS [main] org.apache.jasper.servlet.TldScanner.scanJars Au moins un fichier JAR a été analysé pour trouver des TLDs mais il n'en contenait pas, le mode "debug" du journal peut être activé pour obtenir une liste complète de JAR scannés sans succès; éviter d'analyser des JARs inutilement peut améliorer sensiblement le temps de démarrage et le temps de compilation des JSPs
09-Feb-2020 11:05:37.277 INFOS [main] org.apache.catalina.startup.HostConfig.deployDescriptor Le traitement du descripteur de déploiement [/Users/Airi/Documents/SOEN487-Projects/Tutorial/apache-tomcat-9.0.30/conf/Catalina/localhost/A1-LibraryClient.xml] a pris [1 542] ms
09-Feb-2020 11:05:37.278 INFOS [main] org.apache.catalina.startup.HostConfig.deployDirectory Déploiement du répertoire d'application web [/Users/Airi/Documents/SOEN487-Projects/Tutorial/apache-tomcat-9.0.30/webapps/docs]
09-Feb-2020 11:05:37.297 INFOS [main] org.apache.catalina.startup.HostConfig.deployDirectory Le déploiement du répertoire [/Users/Airi/Documents/SOEN487-Projects/Tutorial/apache-tomcat-9.0.30/webapps/docs] de l'application web s'est terminé en [20] ms
09-Feb-2020 11:05:37.297 INFOS [main] org.apache.catalina.startup.HostConfig.deployDirectory Déploiement du répertoire d'application web [/Users/Airi/Documents/SOEN487-Projects/Tutorial/apache-tomcat-9.0.30/webapps/manager]
09-Feb-2020 11:05:37.343 INFOS [main] org.apache.catalina.startup.HostConfig.deployDirectory Le déploiement du répertoire [/Users/Airi/Documents/SOEN487-Projects/Tutorial/apache-tomcat-9.0.30/webapps/manager] de l'application web s'est terminé en [45] ms
09-Feb-2020 11:05:37.344 INFOS [main] org.apache.catalina.startup.HostConfig.deployDirectory Déploiement du répertoire d'application web [/Users/Airi/Documents/SOEN487-Projects/Tutorial/apache-tomcat-9.0.30/webapps/examples]
09-Feb-2020 11:05:37.653 INFOS [main] org.apache.catalina.startup.HostConfig.deployDirectory Le déploiement du répertoire [/Users/Airi/Documents/SOEN487-Projects/Tutorial/apache-tomcat-9.0.30/webapps/examples] de l'application web s'est terminé en [310] ms
09-Feb-2020 11:05:37.653 INFOS [main] org.apache.catalina.startup.HostConfig.deployDirectory Déploiement du répertoire d'application web [/Users/Airi/Documents/SOEN487-Projects/Tutorial/apache-tomcat-9.0.30/webapps/host-manager]
09-Feb-2020 11:05:37.693 INFOS [main] org.apache.catalina.startup.HostConfig.deployDirectory Le déploiement du répertoire [/Users/Airi/Documents/SOEN487-Projects/Tutorial/apache-tomcat-9.0.30/webapps/host-manager] de l'application web s'est terminé en [40] ms
09-Feb-2020 11:05:37.704 INFOS [main] org.apache.coyote.AbstractProtocol.start Démarrage du gestionnaire de protocole ["http-nio-8080"]
09-Feb-2020 11:05:37.727 INFOS [main] org.apache.coyote.AbstractProtocol.start Démarrage du gestionnaire de protocole ["ajp-nio-8009"]
09-Feb-2020 11:05:37.730 INFOS [main] org.apache.catalina.startup.Catalina.start Le démarrage du serveur a pris [13 375] millisecondes
09-Feb-2020 11:05:44.061 INFOS [http-nio-8080-exec-4] org.apache.catalina.core.StandardContext.reload Le rechargement du contexte [/A1-LibraryClient] a démarré
09-Feb-2020 11:05:46.443 INFOS [http-nio-8080-exec-4] org.apache.jasper.servlet.TldScanner.scanJars Au moins un fichier JAR a été analysé pour trouver des TLDs mais il n'en contenait pas, le mode "debug" du journal peut être activé pour obtenir une liste complète de JAR scannés sans succès; éviter d'analyser des JARs inutilement peut améliorer sensiblement le temps de démarrage et le temps de compilation des JSPs
09-Feb-2020 11:05:46.446 INFOS [http-nio-8080-exec-4] org.apache.catalina.core.StandardContext.reload Le rechargement de ce contexte est terminé
09-Feb-2020 11:40:24.536 INFOS [http-nio-8080-exec-12] org.apache.catalina.core.StandardContext.reload Le rechargement du contexte [/A1-LibraryService] a démarré
09-Feb-2020 11:40:26.791 INFOS [http-nio-8080-exec-12] org.glassfish.jersey.servlet.init.JerseyServletContainerInitializer.addServletWithApplication Registering the Jersey servlet application, named a1.libraryservice.ApplicationConfig, at the servlet mapping /webresources/*, with the Application class of the same name.
09-Feb-2020 11:40:26.831 INFOS [http-nio-8080-exec-12] org.apache.jasper.servlet.TldScanner.scanJars Au moins un fichier JAR a été analysé pour trouver des TLDs mais il n'en contenait pas, le mode "debug" du journal peut être activé pour obtenir une liste complète de JAR scannés sans succès; éviter d'analyser des JARs inutilement peut améliorer sensiblement le temps de démarrage et le temps de compilation des JSPs
09-Feb-2020 11:40:27.482 INFOS [http-nio-8080-exec-12] org.glassfish.jersey.server.ApplicationHandler.initialize Initiating Jersey application, version Jersey: 2.5.1 2014-01-02 13:43:00...
09-Feb-2020 11:40:28.173 INFOS [http-nio-8080-exec-12] org.apache.catalina.core.StandardContext.reload Le rechargement de ce contexte est terminé
09-Feb-2020 11:40:28.199 INFOS [http-nio-8080-exec-19] org.apache.catalina.core.StandardContext.reload Le rechargement du contexte [/A1-LibraryClient] a démarré
09-Feb-2020 11:40:29.860 INFOS [http-nio-8080-exec-19] org.apache.jasper.servlet.TldScanner.scanJars Au moins un fichier JAR a été analysé pour trouver des TLDs mais il n'en contenait pas, le mode "debug" du journal peut être activé pour obtenir une liste complète de JAR scannés sans succès; éviter d'analyser des JARs inutilement peut améliorer sensiblement le temps de démarrage et le temps de compilation des JSPs
09-Feb-2020 11:40:29.874 INFOS [http-nio-8080-exec-19] org.apache.catalina.core.StandardContext.reload Le rechargement de ce contexte est terminé
09-Feb-2020 11:45:59.074 INFOS [http-nio-8080-exec-23] org.apache.catalina.core.StandardContext.reload Le rechargement du contexte [/A1-LibraryClient] a démarré
09-Feb-2020 11:46:02.088 INFOS [http-nio-8080-exec-23] org.apache.jasper.servlet.TldScanner.scanJars Au moins un fichier JAR a été analysé pour trouver des TLDs mais il n'en contenait pas, le mode "debug" du journal peut être activé pour obtenir une liste complète de JAR scannés sans succès; éviter d'analyser des JARs inutilement peut améliorer sensiblement le temps de démarrage et le temps de compilation des JSPs
09-Feb-2020 11:46:02.092 INFOS [http-nio-8080-exec-23] org.apache.catalina.core.StandardContext.reload Le rechargement de ce contexte est terminé
09-Feb-2020 11:46:05.803 INFOS [http-nio-8080-exec-28] org.apache.catalina.core.StandardContext.reload Le rechargement du contexte [/A1-LibraryClient] a démarré
09-Feb-2020 11:46:07.423 INFOS [http-nio-8080-exec-28] org.apache.jasper.servlet.TldScanner.scanJars Au moins un fichier JAR a été analysé pour trouver des TLDs mais il n'en contenait pas, le mode "debug" du journal peut être activé pour obtenir une liste complète de JAR scannés sans succès; éviter d'analyser des JARs inutilement peut améliorer sensiblement le temps de démarrage et le temps de compilation des JSPs
09-Feb-2020 11:46:07.427 INFOS [http-nio-8080-exec-28] org.apache.catalina.core.StandardContext.reload Le rechargement de ce contexte est terminé
09-Feb-2020 11:46:07.464 INFOS [http-nio-8080-exec-27] org.apache.catalina.core.StandardContext.reload Le rechargement du contexte [/A1-LibraryService] a démarré
09-Feb-2020 11:46:09.879 INFOS [http-nio-8080-exec-27] org.glassfish.jersey.servlet.init.JerseyServletContainerInitializer.addServletWithApplication Registering the Jersey servlet application, named a1.libraryservice.ApplicationConfig, at the servlet mapping /webresources/*, with the Application class of the same name.
09-Feb-2020 11:46:09.894 INFOS [http-nio-8080-exec-27] org.apache.jasper.servlet.TldScanner.scanJars Au moins un fichier JAR a été analysé pour trouver des TLDs mais il n'en contenait pas, le mode "debug" du journal peut être activé pour obtenir une liste complète de JAR scannés sans succès; éviter d'analyser des JARs inutilement peut améliorer sensiblement le temps de démarrage et le temps de compilation des JSPs
09-Feb-2020 11:46:10.436 INFOS [http-nio-8080-exec-27] org.glassfish.jersey.server.ApplicationHandler.initialize Initiating Jersey application, version Jersey: 2.5.1 2014-01-02 13:43:00...
09-Feb-2020 11:46:11.061 INFOS [http-nio-8080-exec-27] org.apache.catalina.core.StandardContext.reload Le rechargement de ce contexte est terminé
09-Feb-2020 11:47:09.092 INFOS [http-nio-8080-exec-41] org.apache.catalina.core.StandardContext.reload Le rechargement du contexte [/A1-LibraryClient] a démarré
09-Feb-2020 11:47:13.898 INFOS [http-nio-8080-exec-41] org.apache.jasper.servlet.TldScanner.scanJars Au moins un fichier JAR a été analysé pour trouver des TLDs mais il n'en contenait pas, le mode "debug" du journal peut être activé pour obtenir une liste complète de JAR scannés sans succès; éviter d'analyser des JARs inutilement peut améliorer sensiblement le temps de démarrage et le temps de compilation des JSPs
09-Feb-2020 11:47:13.912 INFOS [http-nio-8080-exec-41] org.apache.catalina.core.StandardContext.reload Le rechargement de ce contexte est terminé
09-Feb-2020 11:49:34.262 INFOS [http-nio-8080-exec-46] org.apache.catalina.core.StandardContext.reload Le rechargement du contexte [/A1-LibraryClient] a démarré
09-Feb-2020 11:49:37.374 INFOS [http-nio-8080-exec-46] org.apache.jasper.servlet.TldScanner.scanJars Au moins un fichier JAR a été analysé pour trouver des TLDs mais il n'en contenait pas, le mode "debug" du journal peut être activé pour obtenir une liste complète de JAR scannés sans succès; éviter d'analyser des JARs inutilement peut améliorer sensiblement le temps de démarrage et le temps de compilation des JSPs
09-Feb-2020 11:49:37.378 INFOS [http-nio-8080-exec-46] org.apache.catalina.core.StandardContext.reload Le rechargement de ce contexte est terminé
09-Feb-2020 11:49:54.838 INFOS [http-nio-8080-exec-44] org.apache.catalina.core.StandardContext.reload Le rechargement du contexte [/A1-LibraryClient] a démarré
09-Feb-2020 11:49:57.154 INFOS [http-nio-8080-exec-44] org.apache.jasper.servlet.TldScanner.scanJars Au moins un fichier JAR a été analysé pour trouver des TLDs mais il n'en contenait pas, le mode "debug" du journal peut être activé pour obtenir une liste complète de JAR scannés sans succès; éviter d'analyser des JARs inutilement peut améliorer sensiblement le temps de démarrage et le temps de compilation des JSPs
09-Feb-2020 11:49:57.156 INFOS [http-nio-8080-exec-44] org.apache.catalina.core.StandardContext.reload Le rechargement de ce contexte est terminé
09-Feb-2020 12:04:18.720 INFOS [http-nio-8080-exec-54] org.apache.catalina.core.StandardContext.reload Le rechargement du contexte [/A1-LibraryClient] a démarré
09-Feb-2020 12:04:21.110 INFOS [http-nio-8080-exec-54] org.apache.jasper.servlet.TldScanner.scanJars Au moins un fichier JAR a été analysé pour trouver des TLDs mais il n'en contenait pas, le mode "debug" du journal peut être activé pour obtenir une liste complète de JAR scannés sans succès; éviter d'analyser des JARs inutilement peut améliorer sensiblement le temps de démarrage et le temps de compilation des JSPs
09-Feb-2020 12:04:21.113 INFOS [http-nio-8080-exec-54] org.apache.catalina.core.StandardContext.reload Le rechargement de ce contexte est terminé
09-Feb-2020 12:04:21.172 INFOS [http-nio-8080-exec-63] org.apache.catalina.core.StandardContext.reload Le rechargement du contexte [/A1-LibraryService] a démarré
09-Feb-2020 12:04:25.115 INFOS [http-nio-8080-exec-63] org.glassfish.jersey.servlet.init.JerseyServletContainerInitializer.addServletWithApplication Registering the Jersey servlet application, named a1.libraryservice.ApplicationConfig, at the servlet mapping /webresources/*, with the Application class of the same name.
09-Feb-2020 12:04:25.130 INFOS [http-nio-8080-exec-63] org.apache.jasper.servlet.TldScanner.scanJars Au moins un fichier JAR a été analysé pour trouver des TLDs mais il n'en contenait pas, le mode "debug" du journal peut être activé pour obtenir une liste complète de JAR scannés sans succès; éviter d'analyser des JARs inutilement peut améliorer sensiblement le temps de démarrage et le temps de compilation des JSPs
09-Feb-2020 12:04:25.692 INFOS [http-nio-8080-exec-63] org.glassfish.jersey.server.ApplicationHandler.initialize Initiating Jersey application, version Jersey: 2.5.1 2014-01-02 13:43:00...
09-Feb-2020 12:04:26.687 INFOS [http-nio-8080-exec-63] org.apache.catalina.core.StandardContext.reload Le rechargement de ce contexte est terminé
09-Feb-2020 12:12:41.484 INFOS [http-nio-8080-exec-70] org.apache.catalina.core.StandardContext.reload Le rechargement du contexte [/A1-LibraryClient] a démarré
09-Feb-2020 12:12:43.888 INFOS [http-nio-8080-exec-70] org.apache.jasper.servlet.TldScanner.scanJars Au moins un fichier JAR a été analysé pour trouver des TLDs mais il n'en contenait pas, le mode "debug" du journal peut être activé pour obtenir une liste complète de JAR scannés sans succès; éviter d'analyser des JARs inutilement peut améliorer sensiblement le temps de démarrage et le temps de compilation des JSPs
09-Feb-2020 12:12:43.892 INFOS [http-nio-8080-exec-70] org.apache.catalina.core.StandardContext.reload Le rechargement de ce contexte est terminé
09-Feb-2020 12:13:08.149 INFOS [http-nio-8080-exec-66] org.apache.catalina.core.StandardContext.reload Le rechargement du contexte [/A1-LibraryService] a démarré
09-Feb-2020 12:13:10.469 INFOS [http-nio-8080-exec-66] org.glassfish.jersey.servlet.init.JerseyServletContainerInitializer.addServletWithApplication Registering the Jersey servlet application, named a1.libraryservice.ApplicationConfig, at the servlet mapping /webresources/*, with the Application class of the same name.
09-Feb-2020 12:13:10.481 INFOS [http-nio-8080-exec-66] org.apache.jasper.servlet.TldScanner.scanJars Au moins un fichier JAR a été analysé pour trouver des TLDs mais il n'en contenait pas, le mode "debug" du journal peut être activé pour obtenir une liste complète de JAR scannés sans succès; éviter d'analyser des JARs inutilement peut améliorer sensiblement le temps de démarrage et le temps de compilation des JSPs
09-Feb-2020 12:13:10.872 INFOS [http-nio-8080-exec-66] org.glassfish.jersey.server.ApplicationHandler.initialize Initiating Jersey application, version Jersey: 2.5.1 2014-01-02 13:43:00...
09-Feb-2020 12:13:11.519 INFOS [http-nio-8080-exec-66] org.apache.catalina.core.StandardContext.reload Le rechargement de ce contexte est terminé
09-Feb-2020 12:13:11.533 INFOS [http-nio-8080-exec-65] org.apache.catalina.core.StandardContext.reload Le rechargement du contexte [/A1-LibraryClient] a démarré
09-Feb-2020 12:13:13.002 INFOS [http-nio-8080-exec-65] org.apache.jasper.servlet.TldScanner.scanJars Au moins un fichier JAR a été analysé pour trouver des TLDs mais il n'en contenait pas, le mode "debug" du journal peut être activé pour obtenir une liste complète de JAR scannés sans succès; éviter d'analyser des JARs inutilement peut améliorer sensiblement le temps de démarrage et le temps de compilation des JSPs
09-Feb-2020 12:13:13.007 INFOS [http-nio-8080-exec-65] org.apache.catalina.core.StandardContext.reload Le rechargement de ce contexte est terminé
09-Feb-2020 12:14:28.346 INFOS [http-nio-8080-exec-81] org.apache.catalina.core.StandardContext.reload Le rechargement du contexte [/A1-LibraryClient] a démarré
09-Feb-2020 12:14:30.560 INFOS [http-nio-8080-exec-81] org.apache.jasper.servlet.TldScanner.scanJars Au moins un fichier JAR a été analysé pour trouver des TLDs mais il n'en contenait pas, le mode "debug" du journal peut être activé pour obtenir une liste complète de JAR scannés sans succès; éviter d'analyser des JARs inutilement peut améliorer sensiblement le temps de démarrage et le temps de compilation des JSPs
09-Feb-2020 12:14:30.564 INFOS [http-nio-8080-exec-81] org.apache.catalina.core.StandardContext.reload Le rechargement de ce contexte est terminé
09-Feb-2020 12:14:31.815 INFOS [http-nio-8080-exec-88] org.apache.catalina.core.StandardContext.reload Le rechargement du contexte [/A1-LibraryClient] a démarré
09-Feb-2020 12:14:34.379 INFOS [http-nio-8080-exec-88] org.apache.jasper.servlet.TldScanner.scanJars Au moins un fichier JAR a été analysé pour trouver des TLDs mais il n'en contenait pas, le mode "debug" du journal peut être activé pour obtenir une liste complète de JAR scannés sans succès; éviter d'analyser des JARs inutilement peut améliorer sensiblement le temps de démarrage et le temps de compilation des JSPs
09-Feb-2020 12:14:34.392 INFOS [http-nio-8080-exec-88] org.apache.catalina.core.StandardContext.reload Le rechargement de ce contexte est terminé
09-Feb-2020 12:14:53.981 INFOS [http-nio-8080-exec-82] org.apache.catalina.core.StandardContext.reload Le rechargement du contexte [/A1-LibraryClient] a démarré
09-Feb-2020 12:14:56.521 INFOS [http-nio-8080-exec-82] org.apache.jasper.servlet.TldScanner.scanJars Au moins un fichier JAR a été analysé pour trouver des TLDs mais il n'en contenait pas, le mode "debug" du journal peut être activé pour obtenir une liste complète de JAR scannés sans succès; éviter d'analyser des JARs inutilement peut améliorer sensiblement le temps de démarrage et le temps de compilation des JSPs
09-Feb-2020 12:14:56.532 INFOS [http-nio-8080-exec-82] org.apache.catalina.core.StandardContext.reload Le rechargement de ce contexte est terminé
09-Feb-2020 12:15:02.190 INFOS [http-nio-8080-exec-84] org.apache.catalina.core.StandardContext.reload Le rechargement du contexte [/A1-LibraryClient] a démarré
09-Feb-2020 12:15:04.886 INFOS [http-nio-8080-exec-84] org.apache.jasper.servlet.TldScanner.scanJars Au moins un fichier JAR a été analysé pour trouver des TLDs mais il n'en contenait pas, le mode "debug" du journal peut être activé pour obtenir une liste complète de JAR scannés sans succès; éviter d'analyser des JARs inutilement peut améliorer sensiblement le temps de démarrage et le temps de compilation des JSPs
09-Feb-2020 12:15:04.889 INFOS [http-nio-8080-exec-84] org.apache.catalina.core.StandardContext.reload Le rechargement de ce contexte est terminé
09-Feb-2020 12:15:22.420 INFOS [http-nio-8080-exec-82] org.apache.catalina.core.StandardContext.reload Le rechargement du contexte [/A1-LibraryClient] a démarré
09-Feb-2020 12:15:27.052 INFOS [http-nio-8080-exec-82] org.apache.jasper.servlet.TldScanner.scanJars Au moins un fichier JAR a été analysé pour trouver des TLDs mais il n'en contenait pas, le mode "debug" du journal peut être activé pour obtenir une liste complète de JAR scannés sans succès; éviter d'analyser des JARs inutilement peut améliorer sensiblement le temps de démarrage et le temps de compilation des JSPs
09-Feb-2020 12:15:27.056 INFOS [http-nio-8080-exec-82] org.apache.catalina.core.StandardContext.reload Le rechargement de ce contexte est terminé
09-Feb-2020 12:15:31.563 INFOS [http-nio-8080-exec-83] org.apache.catalina.core.StandardContext.reload Le rechargement du contexte [/A1-LibraryService] a démarré
09-Feb-2020 12:15:34.174 INFOS [http-nio-8080-exec-83] org.glassfish.jersey.servlet.init.JerseyServletContainerInitializer.addServletWithApplication Registering the Jersey servlet application, named a1.libraryservice.ApplicationConfig, at the servlet mapping /webresources/*, with the Application class of the same name.
09-Feb-2020 12:15:34.195 INFOS [http-nio-8080-exec-83] org.apache.jasper.servlet.TldScanner.scanJars Au moins un fichier JAR a été analysé pour trouver des TLDs mais il n'en contenait pas, le mode "debug" du journal peut être activé pour obtenir une liste complète de JAR scannés sans succès; éviter d'analyser des JARs inutilement peut améliorer sensiblement le temps de démarrage et le temps de compilation des JSPs
09-Feb-2020 12:15:34.936 INFOS [http-nio-8080-exec-83] org.glassfish.jersey.server.ApplicationHandler.initialize Initiating Jersey application, version Jersey: 2.5.1 2014-01-02 13:43:00...
09-Feb-2020 12:15:35.626 INFOS [http-nio-8080-exec-83] org.apache.catalina.core.StandardContext.reload Le rechargement de ce contexte est terminé
09-Feb-2020 12:15:35.647 INFOS [http-nio-8080-exec-96] org.apache.catalina.core.StandardContext.reload Le rechargement du contexte [/A1-LibraryClient] a démarré
09-Feb-2020 12:15:37.168 INFOS [http-nio-8080-exec-96] org.apache.jasper.servlet.TldScanner.scanJars Au moins un fichier JAR a été analysé pour trouver des TLDs mais il n'en contenait pas, le mode "debug" du journal peut être activé pour obtenir une liste complète de JAR scannés sans succès; éviter d'analyser des JARs inutilement peut améliorer sensiblement le temps de démarrage et le temps de compilation des JSPs
09-Feb-2020 12:15:37.171 INFOS [http-nio-8080-exec-96] org.apache.catalina.core.StandardContext.reload Le rechargement de ce contexte est terminé
09-Feb-2020 12:18:28.313 INFOS [http-nio-8080-exec-100] org.apache.catalina.core.StandardContext.reload Le rechargement du contexte [/A1-LibraryClient] a démarré
09-Feb-2020 12:18:30.340 INFOS [http-nio-8080-exec-100] org.apache.jasper.servlet.TldScanner.scanJars Au moins un fichier JAR a été analysé pour trouver des TLDs mais il n'en contenait pas, le mode "debug" du journal peut être activé pour obtenir une liste complète de JAR scannés sans succès; éviter d'analyser des JARs inutilement peut améliorer sensiblement le temps de démarrage et le temps de compilation des JSPs
09-Feb-2020 12:18:30.344 INFOS [http-nio-8080-exec-100] org.apache.catalina.core.StandardContext.reload Le rechargement de ce contexte est terminé
