21-Mar-2020 10:38:57.804 INFOS [main] org.apache.catalina.core.ApplicationContext.log ContextListener: contextInitialized()
21-Mar-2020 10:38:57.805 INFOS [main] org.apache.catalina.core.ApplicationContext.log SessionListener: contextInitialized()
21-Mar-2020 10:38:57.807 INFOS [main] org.apache.catalina.core.ApplicationContext.log ContextListener: attributeAdded('StockTicker', 'async.Stockticker@31475919')
21-Mar-2020 10:50:06.196 INFOS [main] org.apache.catalina.core.ApplicationContext.log SessionListener: contextDestroyed()
21-Mar-2020 10:50:06.196 INFOS [main] org.apache.catalina.core.ApplicationContext.log ContextListener: contextDestroyed()
21-Mar-2020 10:53:03.937 INFOS [main] org.apache.catalina.core.ApplicationContext.log ContextListener: contextInitialized()
21-Mar-2020 10:53:03.938 INFOS [main] org.apache.catalina.core.ApplicationContext.log SessionListener: contextInitialized()
21-Mar-2020 10:53:03.941 INFOS [main] org.apache.catalina.core.ApplicationContext.log ContextListener: attributeAdded('StockTicker', 'async.Stockticker@2de4045a')
21-Mar-2020 10:53:57.169 INFOS [main] org.apache.catalina.core.ApplicationContext.log SessionListener: contextDestroyed()
21-Mar-2020 10:53:57.169 INFOS [main] org.apache.catalina.core.ApplicationContext.log ContextListener: contextDestroyed()
21-Mar-2020 11:04:08.184 INFOS [main] org.apache.catalina.core.ApplicationContext.log ContextListener: contextInitialized()
21-Mar-2020 11:04:08.184 INFOS [main] org.apache.catalina.core.ApplicationContext.log SessionListener: contextInitialized()
21-Mar-2020 11:04:08.188 INFOS [main] org.apache.catalina.core.ApplicationContext.log ContextListener: attributeAdded('StockTicker', 'async.Stockticker@766f2d65')
21-Mar-2020 11:08:14.743 INFOS [main] org.apache.catalina.core.ApplicationContext.log SessionListener: contextDestroyed()
21-Mar-2020 11:08:14.743 INFOS [main] org.apache.catalina.core.ApplicationContext.log ContextListener: contextDestroyed()
21-Mar-2020 11:08:54.982 INFOS [main] org.apache.catalina.core.ApplicationContext.log ContextListener: contextInitialized()
21-Mar-2020 11:08:54.982 INFOS [main] org.apache.catalina.core.ApplicationContext.log SessionListener: contextInitialized()
21-Mar-2020 11:08:54.984 INFOS [main] org.apache.catalina.core.ApplicationContext.log ContextListener: attributeAdded('StockTicker', 'async.Stockticker@78cd1d5c')
21-Mar-2020 13:44:04.067 INFOS [main] org.apache.catalina.core.ApplicationContext.log ContextListener: contextInitialized()
21-Mar-2020 13:44:04.069 INFOS [main] org.apache.catalina.core.ApplicationContext.log SessionListener: contextInitialized()
21-Mar-2020 13:44:04.072 INFOS [main] org.apache.catalina.core.ApplicationContext.log ContextListener: attributeAdded('StockTicker', 'async.Stockticker@d59f195')
21-Mar-2020 13:47:47.308 INFOS [main] org.apache.catalina.core.ApplicationContext.log SessionListener: contextDestroyed()
21-Mar-2020 13:47:47.308 INFOS [main] org.apache.catalina.core.ApplicationContext.log ContextListener: contextDestroyed()
21-Mar-2020 13:51:44.687 INFOS [main] org.apache.catalina.core.ApplicationContext.log ContextListener: contextInitialized()
21-Mar-2020 13:51:44.687 INFOS [main] org.apache.catalina.core.ApplicationContext.log SessionListener: contextInitialized()
21-Mar-2020 13:51:44.689 INFOS [main] org.apache.catalina.core.ApplicationContext.log ContextListener: attributeAdded('StockTicker', 'async.Stockticker@2be0ea4a')
21-Mar-2020 13:53:34.797 GRAVE [http-nio-8080-exec-8] org.apache.catalina.core.StandardWrapperValve.invoke Servlet.service() du Servlet [jsp] dans le contexte au chemin [/A2-LoanClient] a retourné une exception [Impossible de compiler la classe pour la JSP: 

Une erreur s'est produite à la ligne: [19] dans le fichier jsp: [/index.jsp]
helloWorldClient.HelloWorld_Service cannot be resolved to a type
16:     <%-- start web service invocation --%><hr/>
17:     <%
18:     try {
19: 	helloWorldClient.HelloWorld_Service service = new helloWorldClient.HelloWorld_Service();
20: 	helloWorldClient.HelloWorld port = service.getHelloWorldPort();
21: 	 // TODO initialize WS operation arguments here
22: 	java.lang.String name = "TestingHelloWorld";


Une erreur s'est produite à la ligne: [19] dans le fichier jsp: [/index.jsp]
helloWorldClient.HelloWorld_Service cannot be resolved to a type
16:     <%-- start web service invocation --%><hr/>
17:     <%
18:     try {
19: 	helloWorldClient.HelloWorld_Service service = new helloWorldClient.HelloWorld_Service();
20: 	helloWorldClient.HelloWorld port = service.getHelloWorldPort();
21: 	 // TODO initialize WS operation arguments here
22: 	java.lang.String name = "TestingHelloWorld";


Une erreur s'est produite à la ligne: [20] dans le fichier jsp: [/index.jsp]
helloWorldClient.HelloWorld cannot be resolved to a type
17:     <%
18:     try {
19: 	helloWorldClient.HelloWorld_Service service = new helloWorldClient.HelloWorld_Service();
20: 	helloWorldClient.HelloWorld port = service.getHelloWorldPort();
21: 	 // TODO initialize WS operation arguments here
22: 	java.lang.String name = "TestingHelloWorld";
23: 	// TODO process result here


Stacktrace:] avec la cause
	org.apache.jasper.JasperException: Impossible de compiler la classe pour la JSP: 

Une erreur s'est produite à la ligne: [19] dans le fichier jsp: [/index.jsp]
helloWorldClient.HelloWorld_Service cannot be resolved to a type
16:     <%-- start web service invocation --%><hr/>
17:     <%
18:     try {
19: 	helloWorldClient.HelloWorld_Service service = new helloWorldClient.HelloWorld_Service();
20: 	helloWorldClient.HelloWorld port = service.getHelloWorldPort();
21: 	 // TODO initialize WS operation arguments here
22: 	java.lang.String name = "TestingHelloWorld";


Une erreur s'est produite à la ligne: [19] dans le fichier jsp: [/index.jsp]
helloWorldClient.HelloWorld_Service cannot be resolved to a type
16:     <%-- start web service invocation --%><hr/>
17:     <%
18:     try {
19: 	helloWorldClient.HelloWorld_Service service = new helloWorldClient.HelloWorld_Service();
20: 	helloWorldClient.HelloWorld port = service.getHelloWorldPort();
21: 	 // TODO initialize WS operation arguments here
22: 	java.lang.String name = "TestingHelloWorld";


Une erreur s'est produite à la ligne: [20] dans le fichier jsp: [/index.jsp]
helloWorldClient.HelloWorld cannot be resolved to a type
17:     <%
18:     try {
19: 	helloWorldClient.HelloWorld_Service service = new helloWorldClient.HelloWorld_Service();
20: 	helloWorldClient.HelloWorld port = service.getHelloWorldPort();
21: 	 // TODO initialize WS operation arguments here
22: 	java.lang.String name = "TestingHelloWorld";
23: 	// TODO process result here


Stacktrace:
		at org.apache.jasper.compiler.DefaultErrorHandler.javacError(DefaultErrorHandler.java:103)
		at org.apache.jasper.compiler.ErrorDispatcher.javacError(ErrorDispatcher.java:213)
		at org.apache.jasper.compiler.JDTCompiler.generateClass(JDTCompiler.java:519)
		at org.apache.jasper.compiler.Compiler.compile(Compiler.java:392)
		at org.apache.jasper.compiler.Compiler.compile(Compiler.java:362)
		at org.apache.jasper.compiler.Compiler.compile(Compiler.java:346)
		at org.apache.jasper.JspCompilationContext.compile(JspCompilationContext.java:605)
		at org.apache.jasper.servlet.JspServletWrapper.service(JspServletWrapper.java:400)
		at org.apache.jasper.servlet.JspServlet.serviceJspFile(JspServlet.java:385)
		at org.apache.jasper.servlet.JspServlet.service(JspServlet.java:329)
		at javax.servlet.http.HttpServlet.service(HttpServlet.java:741)
		at org.apache.catalina.core.ApplicationFilterChain.internalDoFilter(ApplicationFilterChain.java:231)
		at org.apache.catalina.core.ApplicationFilterChain.doFilter(ApplicationFilterChain.java:166)
		at org.apache.tomcat.websocket.server.WsFilter.doFilter(WsFilter.java:53)
		at org.apache.catalina.core.ApplicationFilterChain.internalDoFilter(ApplicationFilterChain.java:193)
		at org.apache.catalina.core.ApplicationFilterChain.doFilter(ApplicationFilterChain.java:166)
		at org.apache.catalina.core.StandardWrapperValve.invoke(StandardWrapperValve.java:202)
		at org.apache.catalina.core.StandardContextValve.invoke(StandardContextValve.java:96)
		at org.apache.catalina.authenticator.AuthenticatorBase.invoke(AuthenticatorBase.java:541)
		at org.apache.catalina.core.StandardHostValve.invoke(StandardHostValve.java:139)
		at org.apache.catalina.valves.ErrorReportValve.invoke(ErrorReportValve.java:92)
		at org.apache.catalina.valves.AbstractAccessLogValve.invoke(AbstractAccessLogValve.java:678)
		at org.apache.catalina.core.StandardEngineValve.invoke(StandardEngineValve.java:74)
		at org.apache.catalina.connector.CoyoteAdapter.service(CoyoteAdapter.java:343)
		at org.apache.coyote.http11.Http11Processor.service(Http11Processor.java:367)
		at org.apache.coyote.AbstractProcessorLight.process(AbstractProcessorLight.java:65)
		at org.apache.coyote.AbstractProtocol$ConnectionHandler.process(AbstractProtocol.java:860)
		at org.apache.tomcat.util.net.NioEndpoint$SocketProcessor.doRun(NioEndpoint.java:1598)
		at org.apache.tomcat.util.net.SocketProcessorBase.run(SocketProcessorBase.java:49)
		at java.util.concurrent.ThreadPoolExecutor.runWorker(ThreadPoolExecutor.java:1149)
		at java.util.concurrent.ThreadPoolExecutor$Worker.run(ThreadPoolExecutor.java:624)
		at org.apache.tomcat.util.threads.TaskThread$WrappingRunnable.run(TaskThread.java:61)
		at java.lang.Thread.run(Thread.java:748)
21-Mar-2020 13:54:12.756 GRAVE [http-nio-8080-exec-12] org.apache.catalina.core.StandardWrapperValve.invoke Servlet.service() du Servlet [jsp] dans le contexte au chemin [/A2-LoanClient] a retourné une exception [Impossible de compiler la classe pour la JSP: 

Une erreur s'est produite à la ligne: [20] dans le fichier jsp: [/index.jsp]
HelloWorldClientTest.HelloWorld_Service cannot be resolved to a type
17:     <%-- start web service invocation --%><hr/>
18:     <%
19:     try {
20: 	HelloWorldClientTest.HelloWorld_Service service = new HelloWorldClientTest.HelloWorld_Service();
21: 	javax.xml.namespace.QName portQName = new javax.xml.namespace.QName("http://helloWorld/", "HelloWorldClientTest.HelloWorld");
22: 	String req = "<hello  xmlns=\"http://helloWorld/\"><name>ENTER VALUE</name></hello>";
23: 	javax.xml.ws.Dispatch<javax.xml.transform.Source> sourceDispatch = null;


Une erreur s'est produite à la ligne: [20] dans le fichier jsp: [/index.jsp]
HelloWorldClientTest.HelloWorld_Service cannot be resolved to a type
17:     <%-- start web service invocation --%><hr/>
18:     <%
19:     try {
20: 	HelloWorldClientTest.HelloWorld_Service service = new HelloWorldClientTest.HelloWorld_Service();
21: 	javax.xml.namespace.QName portQName = new javax.xml.namespace.QName("http://helloWorld/", "HelloWorldClientTest.HelloWorld");
22: 	String req = "<hello  xmlns=\"http://helloWorld/\"><name>ENTER VALUE</name></hello>";
23: 	javax.xml.ws.Dispatch<javax.xml.transform.Source> sourceDispatch = null;


Stacktrace:] avec la cause
	org.apache.jasper.JasperException: Impossible de compiler la classe pour la JSP: 

Une erreur s'est produite à la ligne: [20] dans le fichier jsp: [/index.jsp]
HelloWorldClientTest.HelloWorld_Service cannot be resolved to a type
17:     <%-- start web service invocation --%><hr/>
18:     <%
19:     try {
20: 	HelloWorldClientTest.HelloWorld_Service service = new HelloWorldClientTest.HelloWorld_Service();
21: 	javax.xml.namespace.QName portQName = new javax.xml.namespace.QName("http://helloWorld/", "HelloWorldClientTest.HelloWorld");
22: 	String req = "<hello  xmlns=\"http://helloWorld/\"><name>ENTER VALUE</name></hello>";
23: 	javax.xml.ws.Dispatch<javax.xml.transform.Source> sourceDispatch = null;


Une erreur s'est produite à la ligne: [20] dans le fichier jsp: [/index.jsp]
HelloWorldClientTest.HelloWorld_Service cannot be resolved to a type
17:     <%-- start web service invocation --%><hr/>
18:     <%
19:     try {
20: 	HelloWorldClientTest.HelloWorld_Service service = new HelloWorldClientTest.HelloWorld_Service();
21: 	javax.xml.namespace.QName portQName = new javax.xml.namespace.QName("http://helloWorld/", "HelloWorldClientTest.HelloWorld");
22: 	String req = "<hello  xmlns=\"http://helloWorld/\"><name>ENTER VALUE</name></hello>";
23: 	javax.xml.ws.Dispatch<javax.xml.transform.Source> sourceDispatch = null;


Stacktrace:
		at org.apache.jasper.compiler.DefaultErrorHandler.javacError(DefaultErrorHandler.java:103)
		at org.apache.jasper.compiler.ErrorDispatcher.javacError(ErrorDispatcher.java:213)
		at org.apache.jasper.compiler.JDTCompiler.generateClass(JDTCompiler.java:519)
		at org.apache.jasper.compiler.Compiler.compile(Compiler.java:392)
		at org.apache.jasper.compiler.Compiler.compile(Compiler.java:362)
		at org.apache.jasper.compiler.Compiler.compile(Compiler.java:346)
		at org.apache.jasper.JspCompilationContext.compile(JspCompilationContext.java:605)
		at org.apache.jasper.servlet.JspServletWrapper.service(JspServletWrapper.java:400)
		at org.apache.jasper.servlet.JspServlet.serviceJspFile(JspServlet.java:385)
		at org.apache.jasper.servlet.JspServlet.service(JspServlet.java:329)
		at javax.servlet.http.HttpServlet.service(HttpServlet.java:741)
		at org.apache.catalina.core.ApplicationFilterChain.internalDoFilter(ApplicationFilterChain.java:231)
		at org.apache.catalina.core.ApplicationFilterChain.doFilter(ApplicationFilterChain.java:166)
		at org.apache.tomcat.websocket.server.WsFilter.doFilter(WsFilter.java:53)
		at org.apache.catalina.core.ApplicationFilterChain.internalDoFilter(ApplicationFilterChain.java:193)
		at org.apache.catalina.core.ApplicationFilterChain.doFilter(ApplicationFilterChain.java:166)
		at org.apache.catalina.core.StandardWrapperValve.invoke(StandardWrapperValve.java:202)
		at org.apache.catalina.core.StandardContextValve.invoke(StandardContextValve.java:96)
		at org.apache.catalina.authenticator.AuthenticatorBase.invoke(AuthenticatorBase.java:541)
		at org.apache.catalina.core.StandardHostValve.invoke(StandardHostValve.java:139)
		at org.apache.catalina.valves.ErrorReportValve.invoke(ErrorReportValve.java:92)
		at org.apache.catalina.valves.AbstractAccessLogValve.invoke(AbstractAccessLogValve.java:678)
		at org.apache.catalina.core.StandardEngineValve.invoke(StandardEngineValve.java:74)
		at org.apache.catalina.connector.CoyoteAdapter.service(CoyoteAdapter.java:343)
		at org.apache.coyote.http11.Http11Processor.service(Http11Processor.java:367)
		at org.apache.coyote.AbstractProcessorLight.process(AbstractProcessorLight.java:65)
		at org.apache.coyote.AbstractProtocol$ConnectionHandler.process(AbstractProtocol.java:860)
		at org.apache.tomcat.util.net.NioEndpoint$SocketProcessor.doRun(NioEndpoint.java:1598)
		at org.apache.tomcat.util.net.SocketProcessorBase.run(SocketProcessorBase.java:49)
		at java.util.concurrent.ThreadPoolExecutor.runWorker(ThreadPoolExecutor.java:1149)
		at java.util.concurrent.ThreadPoolExecutor$Worker.run(ThreadPoolExecutor.java:624)
		at org.apache.tomcat.util.threads.TaskThread$WrappingRunnable.run(TaskThread.java:61)
		at java.lang.Thread.run(Thread.java:748)
21-Mar-2020 13:56:49.966 INFOS [http-nio-8080-exec-30] org.apache.catalina.core.ApplicationContext.log La servlet [MemberManagerServlet] est marqué comme indisponible
21-Mar-2020 13:56:49.967 GRAVE [http-nio-8080-exec-30] org.apache.catalina.core.StandardWrapperValve.invoke Exception lors de l'allocation pour la servlet [MemberManagerServlet]
	java.lang.ClassNotFoundException: a2.loanservice.test.client.MemberManagerServlet
		at org.apache.catalina.loader.WebappClassLoaderBase.loadClass(WebappClassLoaderBase.java:1365)
		at org.apache.catalina.loader.WebappClassLoaderBase.loadClass(WebappClassLoaderBase.java:1188)
		at org.apache.catalina.core.DefaultInstanceManager.loadClass(DefaultInstanceManager.java:540)
		at org.apache.catalina.core.DefaultInstanceManager.loadClassMaybePrivileged(DefaultInstanceManager.java:521)
		at org.apache.catalina.core.DefaultInstanceManager.newInstance(DefaultInstanceManager.java:150)
		at org.apache.catalina.core.StandardWrapper.loadServlet(StandardWrapper.java:1042)
		at org.apache.catalina.core.StandardWrapper.allocate(StandardWrapper.java:761)
		at org.apache.catalina.core.StandardWrapperValve.invoke(StandardWrapperValve.java:135)
		at org.apache.catalina.core.StandardContextValve.invoke(StandardContextValve.java:96)
		at org.apache.catalina.authenticator.AuthenticatorBase.invoke(AuthenticatorBase.java:541)
		at org.apache.catalina.core.StandardHostValve.invoke(StandardHostValve.java:139)
		at org.apache.catalina.valves.ErrorReportValve.invoke(ErrorReportValve.java:92)
		at org.apache.catalina.valves.AbstractAccessLogValve.invoke(AbstractAccessLogValve.java:678)
		at org.apache.catalina.core.StandardEngineValve.invoke(StandardEngineValve.java:74)
		at org.apache.catalina.connector.CoyoteAdapter.service(CoyoteAdapter.java:343)
		at org.apache.coyote.http11.Http11Processor.service(Http11Processor.java:367)
		at org.apache.coyote.AbstractProcessorLight.process(AbstractProcessorLight.java:65)
		at org.apache.coyote.AbstractProtocol$ConnectionHandler.process(AbstractProtocol.java:860)
		at org.apache.tomcat.util.net.NioEndpoint$SocketProcessor.doRun(NioEndpoint.java:1598)
		at org.apache.tomcat.util.net.SocketProcessorBase.run(SocketProcessorBase.java:49)
		at java.util.concurrent.ThreadPoolExecutor.runWorker(ThreadPoolExecutor.java:1149)
		at java.util.concurrent.ThreadPoolExecutor$Worker.run(ThreadPoolExecutor.java:624)
		at org.apache.tomcat.util.threads.TaskThread$WrappingRunnable.run(TaskThread.java:61)
		at java.lang.Thread.run(Thread.java:748)
