10-Feb-2020 12:22:26.467 INFOS [main] org.apache.catalina.core.ApplicationContext.log ContextListener: contextInitialized()
10-Feb-2020 12:22:26.467 INFOS [main] org.apache.catalina.core.ApplicationContext.log SessionListener: contextInitialized()
10-Feb-2020 12:22:26.469 INFOS [main] org.apache.catalina.core.ApplicationContext.log ContextListener: attributeAdded('StockTicker', 'async.Stockticker@523685f6')
10-Feb-2020 12:26:36.104 INFOS [main] org.apache.catalina.core.ApplicationContext.log SessionListener: contextDestroyed()
10-Feb-2020 12:26:36.104 INFOS [main] org.apache.catalina.core.ApplicationContext.log ContextListener: contextDestroyed()
10-Feb-2020 12:27:04.560 INFOS [main] org.apache.catalina.core.ApplicationContext.log ContextListener: contextInitialized()
10-Feb-2020 12:27:04.560 INFOS [main] org.apache.catalina.core.ApplicationContext.log SessionListener: contextInitialized()
10-Feb-2020 12:27:04.562 INFOS [main] org.apache.catalina.core.ApplicationContext.log ContextListener: attributeAdded('StockTicker', 'async.Stockticker@15ede14e')
10-Feb-2020 12:30:13.084 INFOS [main] org.apache.catalina.core.ApplicationContext.log SessionListener: contextDestroyed()
10-Feb-2020 12:30:13.084 INFOS [main] org.apache.catalina.core.ApplicationContext.log ContextListener: contextDestroyed()
10-Feb-2020 12:31:25.035 INFOS [main] org.apache.catalina.core.ApplicationContext.log ContextListener: contextInitialized()
10-Feb-2020 12:31:25.035 INFOS [main] org.apache.catalina.core.ApplicationContext.log SessionListener: contextInitialized()
10-Feb-2020 12:31:25.041 INFOS [main] org.apache.catalina.core.ApplicationContext.log ContextListener: attributeAdded('StockTicker', 'async.Stockticker@7dd31f90')
10-Feb-2020 12:31:32.240 INFOS [main] org.apache.catalina.core.ApplicationContext.log SessionListener: contextDestroyed()
10-Feb-2020 12:31:32.240 INFOS [main] org.apache.catalina.core.ApplicationContext.log ContextListener: contextDestroyed()
10-Feb-2020 12:31:59.171 INFOS [main] org.apache.catalina.core.ApplicationContext.log ContextListener: contextInitialized()
10-Feb-2020 12:31:59.171 INFOS [main] org.apache.catalina.core.ApplicationContext.log SessionListener: contextInitialized()
10-Feb-2020 12:31:59.189 INFOS [main] org.apache.catalina.core.ApplicationContext.log ContextListener: attributeAdded('StockTicker', 'async.Stockticker@7ae5a4ca')
10-Feb-2020 12:40:52.729 INFOS [main] org.apache.catalina.core.ApplicationContext.log SessionListener: contextDestroyed()
10-Feb-2020 12:40:52.731 INFOS [main] org.apache.catalina.core.ApplicationContext.log ContextListener: contextDestroyed()
10-Feb-2020 12:46:40.177 INFOS [main] org.apache.catalina.core.ApplicationContext.log ContextListener: contextInitialized()
10-Feb-2020 12:46:40.178 INFOS [main] org.apache.catalina.core.ApplicationContext.log SessionListener: contextInitialized()
10-Feb-2020 12:46:40.183 INFOS [main] org.apache.catalina.core.ApplicationContext.log ContextListener: attributeAdded('StockTicker', 'async.Stockticker@5b3b21d1')
10-Feb-2020 12:52:28.241 INFOS [main] org.apache.catalina.core.ApplicationContext.log SessionListener: contextDestroyed()
10-Feb-2020 12:52:28.241 INFOS [main] org.apache.catalina.core.ApplicationContext.log ContextListener: contextDestroyed()
10-Feb-2020 12:52:54.711 INFOS [main] org.apache.catalina.core.ApplicationContext.log ContextListener: contextInitialized()
10-Feb-2020 12:52:54.711 INFOS [main] org.apache.catalina.core.ApplicationContext.log SessionListener: contextInitialized()
10-Feb-2020 12:52:54.719 INFOS [main] org.apache.catalina.core.ApplicationContext.log ContextListener: attributeAdded('StockTicker', 'async.Stockticker@66a3ca04')
10-Feb-2020 12:54:39.155 INFOS [main] org.apache.catalina.core.ApplicationContext.log SessionListener: contextDestroyed()
10-Feb-2020 12:54:39.155 INFOS [main] org.apache.catalina.core.ApplicationContext.log ContextListener: contextDestroyed()
10-Feb-2020 12:58:56.287 INFOS [main] org.apache.catalina.core.ApplicationContext.log ContextListener: contextInitialized()
10-Feb-2020 12:58:56.287 INFOS [main] org.apache.catalina.core.ApplicationContext.log SessionListener: contextInitialized()
10-Feb-2020 12:58:56.288 INFOS [main] org.apache.catalina.core.ApplicationContext.log ContextListener: attributeAdded('StockTicker', 'async.Stockticker@1f98b6aa')
10-Feb-2020 13:04:00.546 INFOS [main] org.apache.catalina.core.ApplicationContext.log SessionListener: contextDestroyed()
10-Feb-2020 13:04:00.546 INFOS [main] org.apache.catalina.core.ApplicationContext.log ContextListener: contextDestroyed()
