16-Mar-2020 11:27:14.982 INFOS [main] org.apache.catalina.core.ApplicationContext.log ContextListener: contextInitialized()
16-Mar-2020 11:27:14.983 INFOS [main] org.apache.catalina.core.ApplicationContext.log SessionListener: contextInitialized()
16-Mar-2020 11:27:14.984 INFOS [main] org.apache.catalina.core.ApplicationContext.log ContextListener: attributeAdded('StockTicker', 'async.Stockticker@221a4506')
16-Mar-2020 11:38:45.885 INFOS [main] org.apache.catalina.core.ApplicationContext.log SessionListener: contextDestroyed()
16-Mar-2020 11:38:45.885 INFOS [main] org.apache.catalina.core.ApplicationContext.log ContextListener: contextDestroyed()
16-Mar-2020 11:40:16.550 INFOS [main] org.apache.catalina.core.ApplicationContext.log ContextListener: contextInitialized()
16-Mar-2020 11:40:16.550 INFOS [main] org.apache.catalina.core.ApplicationContext.log SessionListener: contextInitialized()
16-Mar-2020 11:40:16.551 INFOS [main] org.apache.catalina.core.ApplicationContext.log ContextListener: attributeAdded('StockTicker', 'async.Stockticker@5816be44')
16-Mar-2020 11:41:43.623 INFOS [main] org.apache.catalina.core.ApplicationContext.log SessionListener: contextDestroyed()
16-Mar-2020 11:41:43.623 INFOS [main] org.apache.catalina.core.ApplicationContext.log ContextListener: contextDestroyed()
16-Mar-2020 11:42:38.932 INFOS [main] org.apache.catalina.core.ApplicationContext.log ContextListener: contextInitialized()
16-Mar-2020 11:42:38.933 INFOS [main] org.apache.catalina.core.ApplicationContext.log SessionListener: contextInitialized()
16-Mar-2020 11:42:38.934 INFOS [main] org.apache.catalina.core.ApplicationContext.log ContextListener: attributeAdded('StockTicker', 'async.Stockticker@bc55216')
16-Mar-2020 11:44:28.522 INFOS [main] org.apache.catalina.core.ApplicationContext.log SessionListener: contextDestroyed()
16-Mar-2020 11:44:28.522 INFOS [main] org.apache.catalina.core.ApplicationContext.log ContextListener: contextDestroyed()
16-Mar-2020 11:46:45.180 INFOS [main] org.apache.catalina.core.ApplicationContext.log ContextListener: contextInitialized()
16-Mar-2020 11:46:45.181 INFOS [main] org.apache.catalina.core.ApplicationContext.log SessionListener: contextInitialized()
16-Mar-2020 11:46:45.182 INFOS [main] org.apache.catalina.core.ApplicationContext.log ContextListener: attributeAdded('StockTicker', 'async.Stockticker@2a53db9c')
16-Mar-2020 11:47:17.326 INFOS [main] org.apache.catalina.core.ApplicationContext.log SessionListener: contextDestroyed()
16-Mar-2020 11:47:17.326 INFOS [main] org.apache.catalina.core.ApplicationContext.log ContextListener: contextDestroyed()
16-Mar-2020 13:11:18.692 INFOS [main] org.apache.catalina.core.ApplicationContext.log ContextListener: contextInitialized()
16-Mar-2020 13:11:18.692 INFOS [main] org.apache.catalina.core.ApplicationContext.log SessionListener: contextInitialized()
16-Mar-2020 13:11:18.694 INFOS [main] org.apache.catalina.core.ApplicationContext.log ContextListener: attributeAdded('StockTicker', 'async.Stockticker@18e9f44f')
16-Mar-2020 13:13:43.082 GRAVE [http-nio-8080-exec-19] org.apache.catalina.core.StandardWrapperValve.invoke Servlet.service() du Servlet [jsp] dans le contexte au chemin [/A2-LoanService] a retourné une exception [Exception lancée durent le traitement de [/index.jsp] à la ligne [26]

23:         out.println(library.getBooksMap());
24:         out.println(library.getCallNumbersMap());
25: 
26:         library.addBook("2-Meditations", "Written in Greek, without any intention of publication, by the only Roman emperor",
27:                 "01404493372", "Marcus Aurelius", "Penguin Classic", "B 583 S74 2021");
28: 
29:         library.updateBook(1, "Meditations", "Written in Greek, without any intention of publication, by the only Roman emperor",


Stacktrace:] avec la cause
	a2.librarysystem.LibraryException
		at a2.librarysystem.Library.addBook(Library.java:98)
		at org.apache.jsp.index_jsp._jspService(index_jsp.java:142)
		at org.apache.jasper.runtime.HttpJspBase.service(HttpJspBase.java:70)
		at javax.servlet.http.HttpServlet.service(HttpServlet.java:741)
		at org.apache.jasper.servlet.JspServletWrapper.service(JspServletWrapper.java:477)
		at org.apache.jasper.servlet.JspServlet.serviceJspFile(JspServlet.java:385)
		at org.apache.jasper.servlet.JspServlet.service(JspServlet.java:329)
		at javax.servlet.http.HttpServlet.service(HttpServlet.java:741)
		at org.apache.catalina.core.ApplicationFilterChain.internalDoFilter(ApplicationFilterChain.java:231)
		at org.apache.catalina.core.ApplicationFilterChain.doFilter(ApplicationFilterChain.java:166)
		at org.apache.tomcat.websocket.server.WsFilter.doFilter(WsFilter.java:53)
		at org.apache.catalina.core.ApplicationFilterChain.internalDoFilter(ApplicationFilterChain.java:193)
		at org.apache.catalina.core.ApplicationFilterChain.doFilter(ApplicationFilterChain.java:166)
		at org.apache.catalina.core.StandardWrapperValve.invoke(StandardWrapperValve.java:202)
		at org.apache.catalina.core.StandardContextValve.invoke(StandardContextValve.java:96)
		at org.apache.catalina.authenticator.AuthenticatorBase.invoke(AuthenticatorBase.java:541)
		at org.apache.catalina.core.StandardHostValve.invoke(StandardHostValve.java:139)
		at org.apache.catalina.valves.ErrorReportValve.invoke(ErrorReportValve.java:92)
		at org.apache.catalina.valves.AbstractAccessLogValve.invoke(AbstractAccessLogValve.java:678)
		at org.apache.catalina.core.StandardEngineValve.invoke(StandardEngineValve.java:74)
		at org.apache.catalina.connector.CoyoteAdapter.service(CoyoteAdapter.java:343)
		at org.apache.coyote.http11.Http11Processor.service(Http11Processor.java:367)
		at org.apache.coyote.AbstractProcessorLight.process(AbstractProcessorLight.java:65)
		at org.apache.coyote.AbstractProtocol$ConnectionHandler.process(AbstractProtocol.java:860)
		at org.apache.tomcat.util.net.NioEndpoint$SocketProcessor.doRun(NioEndpoint.java:1598)
		at org.apache.tomcat.util.net.SocketProcessorBase.run(SocketProcessorBase.java:49)
		at java.util.concurrent.ThreadPoolExecutor.runWorker(ThreadPoolExecutor.java:1149)
		at java.util.concurrent.ThreadPoolExecutor$Worker.run(ThreadPoolExecutor.java:624)
		at org.apache.tomcat.util.threads.TaskThread$WrappingRunnable.run(TaskThread.java:61)
		at java.lang.Thread.run(Thread.java:748)
16-Mar-2020 13:20:31.133 INFOS [main] org.apache.catalina.core.ApplicationContext.log SessionListener: contextDestroyed()
16-Mar-2020 13:20:31.134 INFOS [main] org.apache.catalina.core.ApplicationContext.log ContextListener: contextDestroyed()
