11-Feb-2020 15:49:07.931 INFOS [main] org.apache.catalina.core.ApplicationContext.log ContextListener: contextInitialized()
11-Feb-2020 15:49:07.932 INFOS [main] org.apache.catalina.core.ApplicationContext.log SessionListener: contextInitialized()
11-Feb-2020 15:49:07.936 INFOS [main] org.apache.catalina.core.ApplicationContext.log ContextListener: attributeAdded('StockTicker', 'async.Stockticker@27af34df')
11-Feb-2020 15:49:43.383 GRAVE [http-nio-8080-exec-3] org.apache.catalina.core.StandardWrapperValve.invoke Servlet.service() du Servlet [a1.libraryservice.ApplicationConfig] dans le contexte au chemin [/A1-LibraryService] a retourné une exception [java.lang.RuntimeException: Uncompilable source code - incompatible types: void cannot be converted to java.lang.String] avec la cause
	java.lang.RuntimeException: Uncompilable source code - incompatible types: void cannot be converted to java.lang.String
		at a1.libraryservice.LibraryRESTService.updateBook(LibraryRESTService.java:70)
		at sun.reflect.NativeMethodAccessorImpl.invoke0(Native Method)
		at sun.reflect.NativeMethodAccessorImpl.invoke(NativeMethodAccessorImpl.java:62)
		at sun.reflect.DelegatingMethodAccessorImpl.invoke(DelegatingMethodAccessorImpl.java:43)
		at java.lang.reflect.Method.invoke(Method.java:498)
		at org.glassfish.jersey.server.model.internal.ResourceMethodInvocationHandlerFactory$1.invoke(ResourceMethodInvocationHandlerFactory.java:81)
		at org.glassfish.jersey.server.model.internal.AbstractJavaResourceMethodDispatcher$1.run(AbstractJavaResourceMethodDispatcher.java:151)
		at org.glassfish.jersey.server.model.internal.AbstractJavaResourceMethodDispatcher.invoke(AbstractJavaResourceMethodDispatcher.java:171)
		at org.glassfish.jersey.server.model.internal.JavaResourceMethodDispatcherProvider$ResponseOutInvoker.doDispatch(JavaResourceMethodDispatcherProvider.java:152)
		at org.glassfish.jersey.server.model.internal.AbstractJavaResourceMethodDispatcher.dispatch(AbstractJavaResourceMethodDispatcher.java:104)
		at org.glassfish.jersey.server.model.ResourceMethodInvoker.invoke(ResourceMethodInvoker.java:402)
		at org.glassfish.jersey.server.model.ResourceMethodInvoker.apply(ResourceMethodInvoker.java:349)
		at org.glassfish.jersey.server.model.ResourceMethodInvoker.apply(ResourceMethodInvoker.java:106)
		at org.glassfish.jersey.server.ServerRuntime$1.run(ServerRuntime.java:259)
		at org.glassfish.jersey.internal.Errors$1.call(Errors.java:271)
		at org.glassfish.jersey.internal.Errors$1.call(Errors.java:267)
		at org.glassfish.jersey.internal.Errors.process(Errors.java:315)
		at org.glassfish.jersey.internal.Errors.process(Errors.java:297)
		at org.glassfish.jersey.internal.Errors.process(Errors.java:267)
		at org.glassfish.jersey.process.internal.RequestScope.runInScope(RequestScope.java:318)
		at org.glassfish.jersey.server.ServerRuntime.process(ServerRuntime.java:236)
		at org.glassfish.jersey.server.ApplicationHandler.handle(ApplicationHandler.java:1010)
		at org.glassfish.jersey.servlet.WebComponent.service(WebComponent.java:373)
		at org.glassfish.jersey.servlet.ServletContainer.service(ServletContainer.java:382)
		at org.glassfish.jersey.servlet.ServletContainer.service(ServletContainer.java:345)
		at org.glassfish.jersey.servlet.ServletContainer.service(ServletContainer.java:220)
		at org.apache.catalina.core.ApplicationFilterChain.internalDoFilter(ApplicationFilterChain.java:231)
		at org.apache.catalina.core.ApplicationFilterChain.doFilter(ApplicationFilterChain.java:166)
		at org.apache.tomcat.websocket.server.WsFilter.doFilter(WsFilter.java:53)
		at org.apache.catalina.core.ApplicationFilterChain.internalDoFilter(ApplicationFilterChain.java:193)
		at org.apache.catalina.core.ApplicationFilterChain.doFilter(ApplicationFilterChain.java:166)
		at org.apache.catalina.core.StandardWrapperValve.invoke(StandardWrapperValve.java:202)
		at org.apache.catalina.core.StandardContextValve.invoke(StandardContextValve.java:96)
		at org.apache.catalina.authenticator.AuthenticatorBase.invoke(AuthenticatorBase.java:541)
		at org.apache.catalina.core.StandardHostValve.invoke(StandardHostValve.java:139)
		at org.apache.catalina.valves.ErrorReportValve.invoke(ErrorReportValve.java:92)
		at org.apache.catalina.valves.AbstractAccessLogValve.invoke(AbstractAccessLogValve.java:678)
		at org.apache.catalina.core.StandardEngineValve.invoke(StandardEngineValve.java:74)
		at org.apache.catalina.connector.CoyoteAdapter.service(CoyoteAdapter.java:343)
		at org.apache.coyote.http11.Http11Processor.service(Http11Processor.java:367)
		at org.apache.coyote.AbstractProcessorLight.process(AbstractProcessorLight.java:65)
		at org.apache.coyote.AbstractProtocol$ConnectionHandler.process(AbstractProtocol.java:860)
		at org.apache.tomcat.util.net.NioEndpoint$SocketProcessor.doRun(NioEndpoint.java:1598)
		at org.apache.tomcat.util.net.SocketProcessorBase.run(SocketProcessorBase.java:49)
		at java.util.concurrent.ThreadPoolExecutor.runWorker(ThreadPoolExecutor.java:1149)
		at java.util.concurrent.ThreadPoolExecutor$Worker.run(ThreadPoolExecutor.java:624)
		at org.apache.tomcat.util.threads.TaskThread$WrappingRunnable.run(TaskThread.java:61)
		at java.lang.Thread.run(Thread.java:748)
11-Feb-2020 15:50:39.356 GRAVE [http-nio-8080-exec-15] org.apache.catalina.core.StandardWrapperValve.invoke Servlet.service() du Servlet [a1.libraryservice.ApplicationConfig] dans le contexte au chemin [/A1-LibraryService] a retourné une exception [java.lang.RuntimeException: Uncompilable source code - incompatible types: void cannot be converted to java.lang.String] avec la cause
	java.lang.RuntimeException: Uncompilable source code - incompatible types: void cannot be converted to java.lang.String
		at a1.libraryservice.LibraryRESTService.updateBook(LibraryRESTService.java:70)
		at sun.reflect.NativeMethodAccessorImpl.invoke0(Native Method)
		at sun.reflect.NativeMethodAccessorImpl.invoke(NativeMethodAccessorImpl.java:62)
		at sun.reflect.DelegatingMethodAccessorImpl.invoke(DelegatingMethodAccessorImpl.java:43)
		at java.lang.reflect.Method.invoke(Method.java:498)
		at org.glassfish.jersey.server.model.internal.ResourceMethodInvocationHandlerFactory$1.invoke(ResourceMethodInvocationHandlerFactory.java:81)
		at org.glassfish.jersey.server.model.internal.AbstractJavaResourceMethodDispatcher$1.run(AbstractJavaResourceMethodDispatcher.java:151)
		at org.glassfish.jersey.server.model.internal.AbstractJavaResourceMethodDispatcher.invoke(AbstractJavaResourceMethodDispatcher.java:171)
		at org.glassfish.jersey.server.model.internal.JavaResourceMethodDispatcherProvider$ResponseOutInvoker.doDispatch(JavaResourceMethodDispatcherProvider.java:152)
		at org.glassfish.jersey.server.model.internal.AbstractJavaResourceMethodDispatcher.dispatch(AbstractJavaResourceMethodDispatcher.java:104)
		at org.glassfish.jersey.server.model.ResourceMethodInvoker.invoke(ResourceMethodInvoker.java:402)
		at org.glassfish.jersey.server.model.ResourceMethodInvoker.apply(ResourceMethodInvoker.java:349)
		at org.glassfish.jersey.server.model.ResourceMethodInvoker.apply(ResourceMethodInvoker.java:106)
		at org.glassfish.jersey.server.ServerRuntime$1.run(ServerRuntime.java:259)
		at org.glassfish.jersey.internal.Errors$1.call(Errors.java:271)
		at org.glassfish.jersey.internal.Errors$1.call(Errors.java:267)
		at org.glassfish.jersey.internal.Errors.process(Errors.java:315)
		at org.glassfish.jersey.internal.Errors.process(Errors.java:297)
		at org.glassfish.jersey.internal.Errors.process(Errors.java:267)
		at org.glassfish.jersey.process.internal.RequestScope.runInScope(RequestScope.java:318)
		at org.glassfish.jersey.server.ServerRuntime.process(ServerRuntime.java:236)
		at org.glassfish.jersey.server.ApplicationHandler.handle(ApplicationHandler.java:1010)
		at org.glassfish.jersey.servlet.WebComponent.service(WebComponent.java:373)
		at org.glassfish.jersey.servlet.ServletContainer.service(ServletContainer.java:382)
		at org.glassfish.jersey.servlet.ServletContainer.service(ServletContainer.java:345)
		at org.glassfish.jersey.servlet.ServletContainer.service(ServletContainer.java:220)
		at org.apache.catalina.core.ApplicationFilterChain.internalDoFilter(ApplicationFilterChain.java:231)
		at org.apache.catalina.core.ApplicationFilterChain.doFilter(ApplicationFilterChain.java:166)
		at org.apache.tomcat.websocket.server.WsFilter.doFilter(WsFilter.java:53)
		at org.apache.catalina.core.ApplicationFilterChain.internalDoFilter(ApplicationFilterChain.java:193)
		at org.apache.catalina.core.ApplicationFilterChain.doFilter(ApplicationFilterChain.java:166)
		at org.apache.catalina.core.StandardWrapperValve.invoke(StandardWrapperValve.java:202)
		at org.apache.catalina.core.StandardContextValve.invoke(StandardContextValve.java:96)
		at org.apache.catalina.authenticator.AuthenticatorBase.invoke(AuthenticatorBase.java:541)
		at org.apache.catalina.core.StandardHostValve.invoke(StandardHostValve.java:139)
		at org.apache.catalina.valves.ErrorReportValve.invoke(ErrorReportValve.java:92)
		at org.apache.catalina.valves.AbstractAccessLogValve.invoke(AbstractAccessLogValve.java:678)
		at org.apache.catalina.core.StandardEngineValve.invoke(StandardEngineValve.java:74)
		at org.apache.catalina.connector.CoyoteAdapter.service(CoyoteAdapter.java:343)
		at org.apache.coyote.http11.Http11Processor.service(Http11Processor.java:367)
		at org.apache.coyote.AbstractProcessorLight.process(AbstractProcessorLight.java:65)
		at org.apache.coyote.AbstractProtocol$ConnectionHandler.process(AbstractProtocol.java:860)
		at org.apache.tomcat.util.net.NioEndpoint$SocketProcessor.doRun(NioEndpoint.java:1598)
		at org.apache.tomcat.util.net.SocketProcessorBase.run(SocketProcessorBase.java:49)
		at java.util.concurrent.ThreadPoolExecutor.runWorker(ThreadPoolExecutor.java:1149)
		at java.util.concurrent.ThreadPoolExecutor$Worker.run(ThreadPoolExecutor.java:624)
		at org.apache.tomcat.util.threads.TaskThread$WrappingRunnable.run(TaskThread.java:61)
		at java.lang.Thread.run(Thread.java:748)
11-Feb-2020 15:51:31.790 GRAVE [http-nio-8080-exec-21] org.apache.catalina.core.StandardWrapperValve.invoke Servlet.service() du Servlet [a1.libraryservice.ApplicationConfig] dans le contexte au chemin [/A1-LibraryService] a retourné une exception [java.lang.RuntimeException: Uncompilable source code - incompatible types: void cannot be converted to java.lang.String] avec la cause
	java.lang.RuntimeException: Uncompilable source code - incompatible types: void cannot be converted to java.lang.String
		at a1.libraryservice.LibraryRESTService.updateBook(LibraryRESTService.java:70)
		at sun.reflect.NativeMethodAccessorImpl.invoke0(Native Method)
		at sun.reflect.NativeMethodAccessorImpl.invoke(NativeMethodAccessorImpl.java:62)
		at sun.reflect.DelegatingMethodAccessorImpl.invoke(DelegatingMethodAccessorImpl.java:43)
		at java.lang.reflect.Method.invoke(Method.java:498)
		at org.glassfish.jersey.server.model.internal.ResourceMethodInvocationHandlerFactory$1.invoke(ResourceMethodInvocationHandlerFactory.java:81)
		at org.glassfish.jersey.server.model.internal.AbstractJavaResourceMethodDispatcher$1.run(AbstractJavaResourceMethodDispatcher.java:151)
		at org.glassfish.jersey.server.model.internal.AbstractJavaResourceMethodDispatcher.invoke(AbstractJavaResourceMethodDispatcher.java:171)
		at org.glassfish.jersey.server.model.internal.JavaResourceMethodDispatcherProvider$ResponseOutInvoker.doDispatch(JavaResourceMethodDispatcherProvider.java:152)
		at org.glassfish.jersey.server.model.internal.AbstractJavaResourceMethodDispatcher.dispatch(AbstractJavaResourceMethodDispatcher.java:104)
		at org.glassfish.jersey.server.model.ResourceMethodInvoker.invoke(ResourceMethodInvoker.java:402)
		at org.glassfish.jersey.server.model.ResourceMethodInvoker.apply(ResourceMethodInvoker.java:349)
		at org.glassfish.jersey.server.model.ResourceMethodInvoker.apply(ResourceMethodInvoker.java:106)
		at org.glassfish.jersey.server.ServerRuntime$1.run(ServerRuntime.java:259)
		at org.glassfish.jersey.internal.Errors$1.call(Errors.java:271)
		at org.glassfish.jersey.internal.Errors$1.call(Errors.java:267)
		at org.glassfish.jersey.internal.Errors.process(Errors.java:315)
		at org.glassfish.jersey.internal.Errors.process(Errors.java:297)
		at org.glassfish.jersey.internal.Errors.process(Errors.java:267)
		at org.glassfish.jersey.process.internal.RequestScope.runInScope(RequestScope.java:318)
		at org.glassfish.jersey.server.ServerRuntime.process(ServerRuntime.java:236)
		at org.glassfish.jersey.server.ApplicationHandler.handle(ApplicationHandler.java:1010)
		at org.glassfish.jersey.servlet.WebComponent.service(WebComponent.java:373)
		at org.glassfish.jersey.servlet.ServletContainer.service(ServletContainer.java:382)
		at org.glassfish.jersey.servlet.ServletContainer.service(ServletContainer.java:345)
		at org.glassfish.jersey.servlet.ServletContainer.service(ServletContainer.java:220)
		at org.apache.catalina.core.ApplicationFilterChain.internalDoFilter(ApplicationFilterChain.java:231)
		at org.apache.catalina.core.ApplicationFilterChain.doFilter(ApplicationFilterChain.java:166)
		at org.apache.tomcat.websocket.server.WsFilter.doFilter(WsFilter.java:53)
		at org.apache.catalina.core.ApplicationFilterChain.internalDoFilter(ApplicationFilterChain.java:193)
		at org.apache.catalina.core.ApplicationFilterChain.doFilter(ApplicationFilterChain.java:166)
		at org.apache.catalina.core.StandardWrapperValve.invoke(StandardWrapperValve.java:202)
		at org.apache.catalina.core.StandardContextValve.invoke(StandardContextValve.java:96)
		at org.apache.catalina.authenticator.AuthenticatorBase.invoke(AuthenticatorBase.java:541)
		at org.apache.catalina.core.StandardHostValve.invoke(StandardHostValve.java:139)
		at org.apache.catalina.valves.ErrorReportValve.invoke(ErrorReportValve.java:92)
		at org.apache.catalina.valves.AbstractAccessLogValve.invoke(AbstractAccessLogValve.java:678)
		at org.apache.catalina.core.StandardEngineValve.invoke(StandardEngineValve.java:74)
		at org.apache.catalina.connector.CoyoteAdapter.service(CoyoteAdapter.java:343)
		at org.apache.coyote.http11.Http11Processor.service(Http11Processor.java:367)
		at org.apache.coyote.AbstractProcessorLight.process(AbstractProcessorLight.java:65)
		at org.apache.coyote.AbstractProtocol$ConnectionHandler.process(AbstractProtocol.java:860)
		at org.apache.tomcat.util.net.NioEndpoint$SocketProcessor.doRun(NioEndpoint.java:1598)
		at org.apache.tomcat.util.net.SocketProcessorBase.run(SocketProcessorBase.java:49)
		at java.util.concurrent.ThreadPoolExecutor.runWorker(ThreadPoolExecutor.java:1149)
		at java.util.concurrent.ThreadPoolExecutor$Worker.run(ThreadPoolExecutor.java:624)
		at org.apache.tomcat.util.threads.TaskThread$WrappingRunnable.run(TaskThread.java:61)
		at java.lang.Thread.run(Thread.java:748)
11-Feb-2020 15:56:11.334 GRAVE [http-nio-8080-exec-24] org.apache.catalina.core.StandardWrapperValve.invoke Servlet.service() du Servlet [a1.libraryservice.ApplicationConfig] dans le contexte au chemin [/A1-LibraryService] a retourné une exception [java.lang.RuntimeException: Uncompilable source code - incompatible types: void cannot be converted to java.lang.String] avec la cause
	java.lang.RuntimeException: Uncompilable source code - incompatible types: void cannot be converted to java.lang.String
		at a1.libraryservice.LibraryRESTService.updateBook(LibraryRESTService.java:70)
		at sun.reflect.NativeMethodAccessorImpl.invoke0(Native Method)
		at sun.reflect.NativeMethodAccessorImpl.invoke(NativeMethodAccessorImpl.java:62)
		at sun.reflect.DelegatingMethodAccessorImpl.invoke(DelegatingMethodAccessorImpl.java:43)
		at java.lang.reflect.Method.invoke(Method.java:498)
		at org.glassfish.jersey.server.model.internal.ResourceMethodInvocationHandlerFactory$1.invoke(ResourceMethodInvocationHandlerFactory.java:81)
		at org.glassfish.jersey.server.model.internal.AbstractJavaResourceMethodDispatcher$1.run(AbstractJavaResourceMethodDispatcher.java:151)
		at org.glassfish.jersey.server.model.internal.AbstractJavaResourceMethodDispatcher.invoke(AbstractJavaResourceMethodDispatcher.java:171)
		at org.glassfish.jersey.server.model.internal.JavaResourceMethodDispatcherProvider$ResponseOutInvoker.doDispatch(JavaResourceMethodDispatcherProvider.java:152)
		at org.glassfish.jersey.server.model.internal.AbstractJavaResourceMethodDispatcher.dispatch(AbstractJavaResourceMethodDispatcher.java:104)
		at org.glassfish.jersey.server.model.ResourceMethodInvoker.invoke(ResourceMethodInvoker.java:402)
		at org.glassfish.jersey.server.model.ResourceMethodInvoker.apply(ResourceMethodInvoker.java:349)
		at org.glassfish.jersey.server.model.ResourceMethodInvoker.apply(ResourceMethodInvoker.java:106)
		at org.glassfish.jersey.server.ServerRuntime$1.run(ServerRuntime.java:259)
		at org.glassfish.jersey.internal.Errors$1.call(Errors.java:271)
		at org.glassfish.jersey.internal.Errors$1.call(Errors.java:267)
		at org.glassfish.jersey.internal.Errors.process(Errors.java:315)
		at org.glassfish.jersey.internal.Errors.process(Errors.java:297)
		at org.glassfish.jersey.internal.Errors.process(Errors.java:267)
		at org.glassfish.jersey.process.internal.RequestScope.runInScope(RequestScope.java:318)
		at org.glassfish.jersey.server.ServerRuntime.process(ServerRuntime.java:236)
		at org.glassfish.jersey.server.ApplicationHandler.handle(ApplicationHandler.java:1010)
		at org.glassfish.jersey.servlet.WebComponent.service(WebComponent.java:373)
		at org.glassfish.jersey.servlet.ServletContainer.service(ServletContainer.java:382)
		at org.glassfish.jersey.servlet.ServletContainer.service(ServletContainer.java:345)
		at org.glassfish.jersey.servlet.ServletContainer.service(ServletContainer.java:220)
		at org.apache.catalina.core.ApplicationFilterChain.internalDoFilter(ApplicationFilterChain.java:231)
		at org.apache.catalina.core.ApplicationFilterChain.doFilter(ApplicationFilterChain.java:166)
		at org.apache.tomcat.websocket.server.WsFilter.doFilter(WsFilter.java:53)
		at org.apache.catalina.core.ApplicationFilterChain.internalDoFilter(ApplicationFilterChain.java:193)
		at org.apache.catalina.core.ApplicationFilterChain.doFilter(ApplicationFilterChain.java:166)
		at org.apache.catalina.core.StandardWrapperValve.invoke(StandardWrapperValve.java:202)
		at org.apache.catalina.core.StandardContextValve.invoke(StandardContextValve.java:96)
		at org.apache.catalina.authenticator.AuthenticatorBase.invoke(AuthenticatorBase.java:541)
		at org.apache.catalina.core.StandardHostValve.invoke(StandardHostValve.java:139)
		at org.apache.catalina.valves.ErrorReportValve.invoke(ErrorReportValve.java:92)
		at org.apache.catalina.valves.AbstractAccessLogValve.invoke(AbstractAccessLogValve.java:678)
		at org.apache.catalina.core.StandardEngineValve.invoke(StandardEngineValve.java:74)
		at org.apache.catalina.connector.CoyoteAdapter.service(CoyoteAdapter.java:343)
		at org.apache.coyote.http11.Http11Processor.service(Http11Processor.java:367)
		at org.apache.coyote.AbstractProcessorLight.process(AbstractProcessorLight.java:65)
		at org.apache.coyote.AbstractProtocol$ConnectionHandler.process(AbstractProtocol.java:860)
		at org.apache.tomcat.util.net.NioEndpoint$SocketProcessor.doRun(NioEndpoint.java:1598)
		at org.apache.tomcat.util.net.SocketProcessorBase.run(SocketProcessorBase.java:49)
		at java.util.concurrent.ThreadPoolExecutor.runWorker(ThreadPoolExecutor.java:1149)
		at java.util.concurrent.ThreadPoolExecutor$Worker.run(ThreadPoolExecutor.java:624)
		at org.apache.tomcat.util.threads.TaskThread$WrappingRunnable.run(TaskThread.java:61)
		at java.lang.Thread.run(Thread.java:748)
11-Feb-2020 16:07:29.721 GRAVE [http-nio-8080-exec-58] org.apache.catalina.core.StandardWrapperValve.invoke Servlet.service() du Servlet [a1.libraryservice.ApplicationConfig] dans le contexte au chemin [/A1-LibraryService] a retourné une exception [java.lang.RuntimeException: Uncompilable source code - incompatible types: void cannot be converted to java.lang.String] avec la cause
	java.lang.RuntimeException: Uncompilable source code - incompatible types: void cannot be converted to java.lang.String
		at a1.libraryservice.LibraryRESTService.getBook(LibraryRESTService.java:43)
		at sun.reflect.NativeMethodAccessorImpl.invoke0(Native Method)
		at sun.reflect.NativeMethodAccessorImpl.invoke(NativeMethodAccessorImpl.java:62)
		at sun.reflect.DelegatingMethodAccessorImpl.invoke(DelegatingMethodAccessorImpl.java:43)
		at java.lang.reflect.Method.invoke(Method.java:498)
		at org.glassfish.jersey.server.model.internal.ResourceMethodInvocationHandlerFactory$1.invoke(ResourceMethodInvocationHandlerFactory.java:81)
		at org.glassfish.jersey.server.model.internal.AbstractJavaResourceMethodDispatcher$1.run(AbstractJavaResourceMethodDispatcher.java:151)
		at org.glassfish.jersey.server.model.internal.AbstractJavaResourceMethodDispatcher.invoke(AbstractJavaResourceMethodDispatcher.java:171)
		at org.glassfish.jersey.server.model.internal.JavaResourceMethodDispatcherProvider$ResponseOutInvoker.doDispatch(JavaResourceMethodDispatcherProvider.java:152)
		at org.glassfish.jersey.server.model.internal.AbstractJavaResourceMethodDispatcher.dispatch(AbstractJavaResourceMethodDispatcher.java:104)
		at org.glassfish.jersey.server.model.ResourceMethodInvoker.invoke(ResourceMethodInvoker.java:402)
		at org.glassfish.jersey.server.model.ResourceMethodInvoker.apply(ResourceMethodInvoker.java:349)
		at org.glassfish.jersey.server.model.ResourceMethodInvoker.apply(ResourceMethodInvoker.java:106)
		at org.glassfish.jersey.server.ServerRuntime$1.run(ServerRuntime.java:259)
		at org.glassfish.jersey.internal.Errors$1.call(Errors.java:271)
		at org.glassfish.jersey.internal.Errors$1.call(Errors.java:267)
		at org.glassfish.jersey.internal.Errors.process(Errors.java:315)
		at org.glassfish.jersey.internal.Errors.process(Errors.java:297)
		at org.glassfish.jersey.internal.Errors.process(Errors.java:267)
		at org.glassfish.jersey.process.internal.RequestScope.runInScope(RequestScope.java:318)
		at org.glassfish.jersey.server.ServerRuntime.process(ServerRuntime.java:236)
		at org.glassfish.jersey.server.ApplicationHandler.handle(ApplicationHandler.java:1010)
		at org.glassfish.jersey.servlet.WebComponent.service(WebComponent.java:373)
		at org.glassfish.jersey.servlet.ServletContainer.service(ServletContainer.java:382)
		at org.glassfish.jersey.servlet.ServletContainer.service(ServletContainer.java:345)
		at org.glassfish.jersey.servlet.ServletContainer.service(ServletContainer.java:220)
		at org.apache.catalina.core.ApplicationFilterChain.internalDoFilter(ApplicationFilterChain.java:231)
		at org.apache.catalina.core.ApplicationFilterChain.doFilter(ApplicationFilterChain.java:166)
		at org.apache.tomcat.websocket.server.WsFilter.doFilter(WsFilter.java:53)
		at org.apache.catalina.core.ApplicationFilterChain.internalDoFilter(ApplicationFilterChain.java:193)
		at org.apache.catalina.core.ApplicationFilterChain.doFilter(ApplicationFilterChain.java:166)
		at org.apache.catalina.core.StandardWrapperValve.invoke(StandardWrapperValve.java:202)
		at org.apache.catalina.core.StandardContextValve.invoke(StandardContextValve.java:96)
		at org.apache.catalina.authenticator.AuthenticatorBase.invoke(AuthenticatorBase.java:541)
		at org.apache.catalina.core.StandardHostValve.invoke(StandardHostValve.java:139)
		at org.apache.catalina.valves.ErrorReportValve.invoke(ErrorReportValve.java:92)
		at org.apache.catalina.valves.AbstractAccessLogValve.invoke(AbstractAccessLogValve.java:678)
		at org.apache.catalina.core.StandardEngineValve.invoke(StandardEngineValve.java:74)
		at org.apache.catalina.connector.CoyoteAdapter.service(CoyoteAdapter.java:343)
		at org.apache.coyote.http11.Http11Processor.service(Http11Processor.java:367)
		at org.apache.coyote.AbstractProcessorLight.process(AbstractProcessorLight.java:65)
		at org.apache.coyote.AbstractProtocol$ConnectionHandler.process(AbstractProtocol.java:860)
		at org.apache.tomcat.util.net.NioEndpoint$SocketProcessor.doRun(NioEndpoint.java:1598)
		at org.apache.tomcat.util.net.SocketProcessorBase.run(SocketProcessorBase.java:49)
		at java.util.concurrent.ThreadPoolExecutor.runWorker(ThreadPoolExecutor.java:1149)
		at java.util.concurrent.ThreadPoolExecutor$Worker.run(ThreadPoolExecutor.java:624)
		at org.apache.tomcat.util.threads.TaskThread$WrappingRunnable.run(TaskThread.java:61)
		at java.lang.Thread.run(Thread.java:748)
11-Feb-2020 16:34:20.674 GRAVE [http-nio-8080-exec-106] org.apache.catalina.core.StandardWrapperValve.invoke Servlet.service() du Servlet [a1.libraryservice.ApplicationConfig] dans le contexte au chemin [/A1-LibraryService] a retourné une exception [java.lang.RuntimeException: Uncompilable source code - unreported exception java.lang.Exception; must be caught or declared to be thrown] avec la cause
	java.lang.RuntimeException: Uncompilable source code - unreported exception java.lang.Exception; must be caught or declared to be thrown
		at a1.libraryservice.LibraryRESTService.getBook(LibraryRESTService.java:43)
		at sun.reflect.NativeMethodAccessorImpl.invoke0(Native Method)
		at sun.reflect.NativeMethodAccessorImpl.invoke(NativeMethodAccessorImpl.java:62)
		at sun.reflect.DelegatingMethodAccessorImpl.invoke(DelegatingMethodAccessorImpl.java:43)
		at java.lang.reflect.Method.invoke(Method.java:498)
		at org.glassfish.jersey.server.model.internal.ResourceMethodInvocationHandlerFactory$1.invoke(ResourceMethodInvocationHandlerFactory.java:81)
		at org.glassfish.jersey.server.model.internal.AbstractJavaResourceMethodDispatcher$1.run(AbstractJavaResourceMethodDispatcher.java:151)
		at org.glassfish.jersey.server.model.internal.AbstractJavaResourceMethodDispatcher.invoke(AbstractJavaResourceMethodDispatcher.java:171)
		at org.glassfish.jersey.server.model.internal.JavaResourceMethodDispatcherProvider$ResponseOutInvoker.doDispatch(JavaResourceMethodDispatcherProvider.java:152)
		at org.glassfish.jersey.server.model.internal.AbstractJavaResourceMethodDispatcher.dispatch(AbstractJavaResourceMethodDispatcher.java:104)
		at org.glassfish.jersey.server.model.ResourceMethodInvoker.invoke(ResourceMethodInvoker.java:402)
		at org.glassfish.jersey.server.model.ResourceMethodInvoker.apply(ResourceMethodInvoker.java:349)
		at org.glassfish.jersey.server.model.ResourceMethodInvoker.apply(ResourceMethodInvoker.java:106)
		at org.glassfish.jersey.server.ServerRuntime$1.run(ServerRuntime.java:259)
		at org.glassfish.jersey.internal.Errors$1.call(Errors.java:271)
		at org.glassfish.jersey.internal.Errors$1.call(Errors.java:267)
		at org.glassfish.jersey.internal.Errors.process(Errors.java:315)
		at org.glassfish.jersey.internal.Errors.process(Errors.java:297)
		at org.glassfish.jersey.internal.Errors.process(Errors.java:267)
		at org.glassfish.jersey.process.internal.RequestScope.runInScope(RequestScope.java:318)
		at org.glassfish.jersey.server.ServerRuntime.process(ServerRuntime.java:236)
		at org.glassfish.jersey.server.ApplicationHandler.handle(ApplicationHandler.java:1010)
		at org.glassfish.jersey.servlet.WebComponent.service(WebComponent.java:373)
		at org.glassfish.jersey.servlet.ServletContainer.service(ServletContainer.java:382)
		at org.glassfish.jersey.servlet.ServletContainer.service(ServletContainer.java:345)
		at org.glassfish.jersey.servlet.ServletContainer.service(ServletContainer.java:220)
		at org.apache.catalina.core.ApplicationFilterChain.internalDoFilter(ApplicationFilterChain.java:231)
		at org.apache.catalina.core.ApplicationFilterChain.doFilter(ApplicationFilterChain.java:166)
		at org.apache.tomcat.websocket.server.WsFilter.doFilter(WsFilter.java:53)
		at org.apache.catalina.core.ApplicationFilterChain.internalDoFilter(ApplicationFilterChain.java:193)
		at org.apache.catalina.core.ApplicationFilterChain.doFilter(ApplicationFilterChain.java:166)
		at org.apache.catalina.core.StandardWrapperValve.invoke(StandardWrapperValve.java:202)
		at org.apache.catalina.core.StandardContextValve.invoke(StandardContextValve.java:96)
		at org.apache.catalina.authenticator.AuthenticatorBase.invoke(AuthenticatorBase.java:541)
		at org.apache.catalina.core.StandardHostValve.invoke(StandardHostValve.java:139)
		at org.apache.catalina.valves.ErrorReportValve.invoke(ErrorReportValve.java:92)
		at org.apache.catalina.valves.AbstractAccessLogValve.invoke(AbstractAccessLogValve.java:678)
		at org.apache.catalina.core.StandardEngineValve.invoke(StandardEngineValve.java:74)
		at org.apache.catalina.connector.CoyoteAdapter.service(CoyoteAdapter.java:343)
		at org.apache.coyote.http11.Http11Processor.service(Http11Processor.java:367)
		at org.apache.coyote.AbstractProcessorLight.process(AbstractProcessorLight.java:65)
		at org.apache.coyote.AbstractProtocol$ConnectionHandler.process(AbstractProtocol.java:860)
		at org.apache.tomcat.util.net.NioEndpoint$SocketProcessor.doRun(NioEndpoint.java:1598)
		at org.apache.tomcat.util.net.SocketProcessorBase.run(SocketProcessorBase.java:49)
		at java.util.concurrent.ThreadPoolExecutor.runWorker(ThreadPoolExecutor.java:1149)
		at java.util.concurrent.ThreadPoolExecutor$Worker.run(ThreadPoolExecutor.java:624)
		at org.apache.tomcat.util.threads.TaskThread$WrappingRunnable.run(TaskThread.java:61)
		at java.lang.Thread.run(Thread.java:748)
11-Feb-2020 16:35:30.286 GRAVE [http-nio-8080-exec-125] org.apache.catalina.core.StandardWrapperValve.invoke Servlet.service() du Servlet [a1.libraryservice.ApplicationConfig] dans le contexte au chemin [/A1-LibraryService] a retourné une exception [java.lang.RuntimeException: Uncompilable source code - unreported exception java.lang.Exception; must be caught or declared to be thrown] avec la cause
	java.lang.RuntimeException: Uncompilable source code - unreported exception java.lang.Exception; must be caught or declared to be thrown
		at a1.libraryservice.LibraryRESTService.getBook(LibraryRESTService.java:43)
		at sun.reflect.NativeMethodAccessorImpl.invoke0(Native Method)
		at sun.reflect.NativeMethodAccessorImpl.invoke(NativeMethodAccessorImpl.java:62)
		at sun.reflect.DelegatingMethodAccessorImpl.invoke(DelegatingMethodAccessorImpl.java:43)
		at java.lang.reflect.Method.invoke(Method.java:498)
		at org.glassfish.jersey.server.model.internal.ResourceMethodInvocationHandlerFactory$1.invoke(ResourceMethodInvocationHandlerFactory.java:81)
		at org.glassfish.jersey.server.model.internal.AbstractJavaResourceMethodDispatcher$1.run(AbstractJavaResourceMethodDispatcher.java:151)
		at org.glassfish.jersey.server.model.internal.AbstractJavaResourceMethodDispatcher.invoke(AbstractJavaResourceMethodDispatcher.java:171)
		at org.glassfish.jersey.server.model.internal.JavaResourceMethodDispatcherProvider$ResponseOutInvoker.doDispatch(JavaResourceMethodDispatcherProvider.java:152)
		at org.glassfish.jersey.server.model.internal.AbstractJavaResourceMethodDispatcher.dispatch(AbstractJavaResourceMethodDispatcher.java:104)
		at org.glassfish.jersey.server.model.ResourceMethodInvoker.invoke(ResourceMethodInvoker.java:402)
		at org.glassfish.jersey.server.model.ResourceMethodInvoker.apply(ResourceMethodInvoker.java:349)
		at org.glassfish.jersey.server.model.ResourceMethodInvoker.apply(ResourceMethodInvoker.java:106)
		at org.glassfish.jersey.server.ServerRuntime$1.run(ServerRuntime.java:259)
		at org.glassfish.jersey.internal.Errors$1.call(Errors.java:271)
		at org.glassfish.jersey.internal.Errors$1.call(Errors.java:267)
		at org.glassfish.jersey.internal.Errors.process(Errors.java:315)
		at org.glassfish.jersey.internal.Errors.process(Errors.java:297)
		at org.glassfish.jersey.internal.Errors.process(Errors.java:267)
		at org.glassfish.jersey.process.internal.RequestScope.runInScope(RequestScope.java:318)
		at org.glassfish.jersey.server.ServerRuntime.process(ServerRuntime.java:236)
		at org.glassfish.jersey.server.ApplicationHandler.handle(ApplicationHandler.java:1010)
		at org.glassfish.jersey.servlet.WebComponent.service(WebComponent.java:373)
		at org.glassfish.jersey.servlet.ServletContainer.service(ServletContainer.java:382)
		at org.glassfish.jersey.servlet.ServletContainer.service(ServletContainer.java:345)
		at org.glassfish.jersey.servlet.ServletContainer.service(ServletContainer.java:220)
		at org.apache.catalina.core.ApplicationFilterChain.internalDoFilter(ApplicationFilterChain.java:231)
		at org.apache.catalina.core.ApplicationFilterChain.doFilter(ApplicationFilterChain.java:166)
		at org.apache.tomcat.websocket.server.WsFilter.doFilter(WsFilter.java:53)
		at org.apache.catalina.core.ApplicationFilterChain.internalDoFilter(ApplicationFilterChain.java:193)
		at org.apache.catalina.core.ApplicationFilterChain.doFilter(ApplicationFilterChain.java:166)
		at org.apache.catalina.core.StandardWrapperValve.invoke(StandardWrapperValve.java:202)
		at org.apache.catalina.core.StandardContextValve.invoke(StandardContextValve.java:96)
		at org.apache.catalina.authenticator.AuthenticatorBase.invoke(AuthenticatorBase.java:541)
		at org.apache.catalina.core.StandardHostValve.invoke(StandardHostValve.java:139)
		at org.apache.catalina.valves.ErrorReportValve.invoke(ErrorReportValve.java:92)
		at org.apache.catalina.valves.AbstractAccessLogValve.invoke(AbstractAccessLogValve.java:678)
		at org.apache.catalina.core.StandardEngineValve.invoke(StandardEngineValve.java:74)
		at org.apache.catalina.connector.CoyoteAdapter.service(CoyoteAdapter.java:343)
		at org.apache.coyote.http11.Http11Processor.service(Http11Processor.java:367)
		at org.apache.coyote.AbstractProcessorLight.process(AbstractProcessorLight.java:65)
		at org.apache.coyote.AbstractProtocol$ConnectionHandler.process(AbstractProtocol.java:860)
		at org.apache.tomcat.util.net.NioEndpoint$SocketProcessor.doRun(NioEndpoint.java:1598)
		at org.apache.tomcat.util.net.SocketProcessorBase.run(SocketProcessorBase.java:49)
		at java.util.concurrent.ThreadPoolExecutor.runWorker(ThreadPoolExecutor.java:1149)
		at java.util.concurrent.ThreadPoolExecutor$Worker.run(ThreadPoolExecutor.java:624)
		at org.apache.tomcat.util.threads.TaskThread$WrappingRunnable.run(TaskThread.java:61)
		at java.lang.Thread.run(Thread.java:748)
11-Feb-2020 16:36:00.314 GRAVE [http-nio-8080-exec-131] org.apache.catalina.core.StandardWrapperValve.invoke Servlet.service() du Servlet [a1.libraryservice.ApplicationConfig] dans le contexte au chemin [/A1-LibraryService] a retourné une exception [java.lang.RuntimeException: Uncompilable source code - unreported exception java.lang.Exception; must be caught or declared to be thrown] avec la cause
	java.lang.RuntimeException: Uncompilable source code - unreported exception java.lang.Exception; must be caught or declared to be thrown
		at a1.libraryservice.LibraryRESTService.getBook(LibraryRESTService.java:43)
		at sun.reflect.NativeMethodAccessorImpl.invoke0(Native Method)
		at sun.reflect.NativeMethodAccessorImpl.invoke(NativeMethodAccessorImpl.java:62)
		at sun.reflect.DelegatingMethodAccessorImpl.invoke(DelegatingMethodAccessorImpl.java:43)
		at java.lang.reflect.Method.invoke(Method.java:498)
		at org.glassfish.jersey.server.model.internal.ResourceMethodInvocationHandlerFactory$1.invoke(ResourceMethodInvocationHandlerFactory.java:81)
		at org.glassfish.jersey.server.model.internal.AbstractJavaResourceMethodDispatcher$1.run(AbstractJavaResourceMethodDispatcher.java:151)
		at org.glassfish.jersey.server.model.internal.AbstractJavaResourceMethodDispatcher.invoke(AbstractJavaResourceMethodDispatcher.java:171)
		at org.glassfish.jersey.server.model.internal.JavaResourceMethodDispatcherProvider$ResponseOutInvoker.doDispatch(JavaResourceMethodDispatcherProvider.java:152)
		at org.glassfish.jersey.server.model.internal.AbstractJavaResourceMethodDispatcher.dispatch(AbstractJavaResourceMethodDispatcher.java:104)
		at org.glassfish.jersey.server.model.ResourceMethodInvoker.invoke(ResourceMethodInvoker.java:402)
		at org.glassfish.jersey.server.model.ResourceMethodInvoker.apply(ResourceMethodInvoker.java:349)
		at org.glassfish.jersey.server.model.ResourceMethodInvoker.apply(ResourceMethodInvoker.java:106)
		at org.glassfish.jersey.server.ServerRuntime$1.run(ServerRuntime.java:259)
		at org.glassfish.jersey.internal.Errors$1.call(Errors.java:271)
		at org.glassfish.jersey.internal.Errors$1.call(Errors.java:267)
		at org.glassfish.jersey.internal.Errors.process(Errors.java:315)
		at org.glassfish.jersey.internal.Errors.process(Errors.java:297)
		at org.glassfish.jersey.internal.Errors.process(Errors.java:267)
		at org.glassfish.jersey.process.internal.RequestScope.runInScope(RequestScope.java:318)
		at org.glassfish.jersey.server.ServerRuntime.process(ServerRuntime.java:236)
		at org.glassfish.jersey.server.ApplicationHandler.handle(ApplicationHandler.java:1010)
		at org.glassfish.jersey.servlet.WebComponent.service(WebComponent.java:373)
		at org.glassfish.jersey.servlet.ServletContainer.service(ServletContainer.java:382)
		at org.glassfish.jersey.servlet.ServletContainer.service(ServletContainer.java:345)
		at org.glassfish.jersey.servlet.ServletContainer.service(ServletContainer.java:220)
		at org.apache.catalina.core.ApplicationFilterChain.internalDoFilter(ApplicationFilterChain.java:231)
		at org.apache.catalina.core.ApplicationFilterChain.doFilter(ApplicationFilterChain.java:166)
		at org.apache.tomcat.websocket.server.WsFilter.doFilter(WsFilter.java:53)
		at org.apache.catalina.core.ApplicationFilterChain.internalDoFilter(ApplicationFilterChain.java:193)
		at org.apache.catalina.core.ApplicationFilterChain.doFilter(ApplicationFilterChain.java:166)
		at org.apache.catalina.core.StandardWrapperValve.invoke(StandardWrapperValve.java:202)
		at org.apache.catalina.core.StandardContextValve.invoke(StandardContextValve.java:96)
		at org.apache.catalina.authenticator.AuthenticatorBase.invoke(AuthenticatorBase.java:541)
		at org.apache.catalina.core.StandardHostValve.invoke(StandardHostValve.java:139)
		at org.apache.catalina.valves.ErrorReportValve.invoke(ErrorReportValve.java:92)
		at org.apache.catalina.valves.AbstractAccessLogValve.invoke(AbstractAccessLogValve.java:678)
		at org.apache.catalina.core.StandardEngineValve.invoke(StandardEngineValve.java:74)
		at org.apache.catalina.connector.CoyoteAdapter.service(CoyoteAdapter.java:343)
		at org.apache.coyote.http11.Http11Processor.service(Http11Processor.java:367)
		at org.apache.coyote.AbstractProcessorLight.process(AbstractProcessorLight.java:65)
		at org.apache.coyote.AbstractProtocol$ConnectionHandler.process(AbstractProtocol.java:860)
		at org.apache.tomcat.util.net.NioEndpoint$SocketProcessor.doRun(NioEndpoint.java:1598)
		at org.apache.tomcat.util.net.SocketProcessorBase.run(SocketProcessorBase.java:49)
		at java.util.concurrent.ThreadPoolExecutor.runWorker(ThreadPoolExecutor.java:1149)
		at java.util.concurrent.ThreadPoolExecutor$Worker.run(ThreadPoolExecutor.java:624)
		at org.apache.tomcat.util.threads.TaskThread$WrappingRunnable.run(TaskThread.java:61)
		at java.lang.Thread.run(Thread.java:748)
11-Feb-2020 16:37:40.988 GRAVE [http-nio-8080-exec-135] org.apache.catalina.core.StandardWrapperValve.invoke Servlet.service() du Servlet [a1.libraryservice.ApplicationConfig] dans le contexte au chemin [/A1-LibraryService] a retourné une exception [java.lang.RuntimeException: Uncompilable source code - unreported exception java.lang.Exception; must be caught or declared to be thrown] avec la cause
	java.lang.RuntimeException: Uncompilable source code - unreported exception java.lang.Exception; must be caught or declared to be thrown
		at a1.libraryservice.LibraryRESTService.getBook(LibraryRESTService.java:43)
		at sun.reflect.NativeMethodAccessorImpl.invoke0(Native Method)
		at sun.reflect.NativeMethodAccessorImpl.invoke(NativeMethodAccessorImpl.java:62)
		at sun.reflect.DelegatingMethodAccessorImpl.invoke(DelegatingMethodAccessorImpl.java:43)
		at java.lang.reflect.Method.invoke(Method.java:498)
		at org.glassfish.jersey.server.model.internal.ResourceMethodInvocationHandlerFactory$1.invoke(ResourceMethodInvocationHandlerFactory.java:81)
		at org.glassfish.jersey.server.model.internal.AbstractJavaResourceMethodDispatcher$1.run(AbstractJavaResourceMethodDispatcher.java:151)
		at org.glassfish.jersey.server.model.internal.AbstractJavaResourceMethodDispatcher.invoke(AbstractJavaResourceMethodDispatcher.java:171)
		at org.glassfish.jersey.server.model.internal.JavaResourceMethodDispatcherProvider$ResponseOutInvoker.doDispatch(JavaResourceMethodDispatcherProvider.java:152)
		at org.glassfish.jersey.server.model.internal.AbstractJavaResourceMethodDispatcher.dispatch(AbstractJavaResourceMethodDispatcher.java:104)
		at org.glassfish.jersey.server.model.ResourceMethodInvoker.invoke(ResourceMethodInvoker.java:402)
		at org.glassfish.jersey.server.model.ResourceMethodInvoker.apply(ResourceMethodInvoker.java:349)
		at org.glassfish.jersey.server.model.ResourceMethodInvoker.apply(ResourceMethodInvoker.java:106)
		at org.glassfish.jersey.server.ServerRuntime$1.run(ServerRuntime.java:259)
		at org.glassfish.jersey.internal.Errors$1.call(Errors.java:271)
		at org.glassfish.jersey.internal.Errors$1.call(Errors.java:267)
		at org.glassfish.jersey.internal.Errors.process(Errors.java:315)
		at org.glassfish.jersey.internal.Errors.process(Errors.java:297)
		at org.glassfish.jersey.internal.Errors.process(Errors.java:267)
		at org.glassfish.jersey.process.internal.RequestScope.runInScope(RequestScope.java:318)
		at org.glassfish.jersey.server.ServerRuntime.process(ServerRuntime.java:236)
		at org.glassfish.jersey.server.ApplicationHandler.handle(ApplicationHandler.java:1010)
		at org.glassfish.jersey.servlet.WebComponent.service(WebComponent.java:373)
		at org.glassfish.jersey.servlet.ServletContainer.service(ServletContainer.java:382)
		at org.glassfish.jersey.servlet.ServletContainer.service(ServletContainer.java:345)
		at org.glassfish.jersey.servlet.ServletContainer.service(ServletContainer.java:220)
		at org.apache.catalina.core.ApplicationFilterChain.internalDoFilter(ApplicationFilterChain.java:231)
		at org.apache.catalina.core.ApplicationFilterChain.doFilter(ApplicationFilterChain.java:166)
		at org.apache.tomcat.websocket.server.WsFilter.doFilter(WsFilter.java:53)
		at org.apache.catalina.core.ApplicationFilterChain.internalDoFilter(ApplicationFilterChain.java:193)
		at org.apache.catalina.core.ApplicationFilterChain.doFilter(ApplicationFilterChain.java:166)
		at org.apache.catalina.core.StandardWrapperValve.invoke(StandardWrapperValve.java:202)
		at org.apache.catalina.core.StandardContextValve.invoke(StandardContextValve.java:96)
		at org.apache.catalina.authenticator.AuthenticatorBase.invoke(AuthenticatorBase.java:541)
		at org.apache.catalina.core.StandardHostValve.invoke(StandardHostValve.java:139)
		at org.apache.catalina.valves.ErrorReportValve.invoke(ErrorReportValve.java:92)
		at org.apache.catalina.valves.AbstractAccessLogValve.invoke(AbstractAccessLogValve.java:678)
		at org.apache.catalina.core.StandardEngineValve.invoke(StandardEngineValve.java:74)
		at org.apache.catalina.connector.CoyoteAdapter.service(CoyoteAdapter.java:343)
		at org.apache.coyote.http11.Http11Processor.service(Http11Processor.java:367)
		at org.apache.coyote.AbstractProcessorLight.process(AbstractProcessorLight.java:65)
		at org.apache.coyote.AbstractProtocol$ConnectionHandler.process(AbstractProtocol.java:860)
		at org.apache.tomcat.util.net.NioEndpoint$SocketProcessor.doRun(NioEndpoint.java:1598)
		at org.apache.tomcat.util.net.SocketProcessorBase.run(SocketProcessorBase.java:49)
		at java.util.concurrent.ThreadPoolExecutor.runWorker(ThreadPoolExecutor.java:1149)
		at java.util.concurrent.ThreadPoolExecutor$Worker.run(ThreadPoolExecutor.java:624)
		at org.apache.tomcat.util.threads.TaskThread$WrappingRunnable.run(TaskThread.java:61)
		at java.lang.Thread.run(Thread.java:748)
11-Feb-2020 16:38:10.404 GRAVE [http-nio-8080-exec-132] org.apache.catalina.core.StandardWrapperValve.invoke Servlet.service() du Servlet [a1.libraryservice.ApplicationConfig] dans le contexte au chemin [/A1-LibraryService] a retourné une exception [java.lang.RuntimeException: Uncompilable source code - unreported exception java.lang.Exception; must be caught or declared to be thrown] avec la cause
	java.lang.RuntimeException: Uncompilable source code - unreported exception java.lang.Exception; must be caught or declared to be thrown
		at a1.libraryservice.LibraryRESTService.getBook(LibraryRESTService.java:43)
		at sun.reflect.NativeMethodAccessorImpl.invoke0(Native Method)
		at sun.reflect.NativeMethodAccessorImpl.invoke(NativeMethodAccessorImpl.java:62)
		at sun.reflect.DelegatingMethodAccessorImpl.invoke(DelegatingMethodAccessorImpl.java:43)
		at java.lang.reflect.Method.invoke(Method.java:498)
		at org.glassfish.jersey.server.model.internal.ResourceMethodInvocationHandlerFactory$1.invoke(ResourceMethodInvocationHandlerFactory.java:81)
		at org.glassfish.jersey.server.model.internal.AbstractJavaResourceMethodDispatcher$1.run(AbstractJavaResourceMethodDispatcher.java:151)
		at org.glassfish.jersey.server.model.internal.AbstractJavaResourceMethodDispatcher.invoke(AbstractJavaResourceMethodDispatcher.java:171)
		at org.glassfish.jersey.server.model.internal.JavaResourceMethodDispatcherProvider$ResponseOutInvoker.doDispatch(JavaResourceMethodDispatcherProvider.java:152)
		at org.glassfish.jersey.server.model.internal.AbstractJavaResourceMethodDispatcher.dispatch(AbstractJavaResourceMethodDispatcher.java:104)
		at org.glassfish.jersey.server.model.ResourceMethodInvoker.invoke(ResourceMethodInvoker.java:402)
		at org.glassfish.jersey.server.model.ResourceMethodInvoker.apply(ResourceMethodInvoker.java:349)
		at org.glassfish.jersey.server.model.ResourceMethodInvoker.apply(ResourceMethodInvoker.java:106)
		at org.glassfish.jersey.server.ServerRuntime$1.run(ServerRuntime.java:259)
		at org.glassfish.jersey.internal.Errors$1.call(Errors.java:271)
		at org.glassfish.jersey.internal.Errors$1.call(Errors.java:267)
		at org.glassfish.jersey.internal.Errors.process(Errors.java:315)
		at org.glassfish.jersey.internal.Errors.process(Errors.java:297)
		at org.glassfish.jersey.internal.Errors.process(Errors.java:267)
		at org.glassfish.jersey.process.internal.RequestScope.runInScope(RequestScope.java:318)
		at org.glassfish.jersey.server.ServerRuntime.process(ServerRuntime.java:236)
		at org.glassfish.jersey.server.ApplicationHandler.handle(ApplicationHandler.java:1010)
		at org.glassfish.jersey.servlet.WebComponent.service(WebComponent.java:373)
		at org.glassfish.jersey.servlet.ServletContainer.service(ServletContainer.java:382)
		at org.glassfish.jersey.servlet.ServletContainer.service(ServletContainer.java:345)
		at org.glassfish.jersey.servlet.ServletContainer.service(ServletContainer.java:220)
		at org.apache.catalina.core.ApplicationFilterChain.internalDoFilter(ApplicationFilterChain.java:231)
		at org.apache.catalina.core.ApplicationFilterChain.doFilter(ApplicationFilterChain.java:166)
		at org.apache.tomcat.websocket.server.WsFilter.doFilter(WsFilter.java:53)
		at org.apache.catalina.core.ApplicationFilterChain.internalDoFilter(ApplicationFilterChain.java:193)
		at org.apache.catalina.core.ApplicationFilterChain.doFilter(ApplicationFilterChain.java:166)
		at org.apache.catalina.core.StandardWrapperValve.invoke(StandardWrapperValve.java:202)
		at org.apache.catalina.core.StandardContextValve.invoke(StandardContextValve.java:96)
		at org.apache.catalina.authenticator.AuthenticatorBase.invoke(AuthenticatorBase.java:541)
		at org.apache.catalina.core.StandardHostValve.invoke(StandardHostValve.java:139)
		at org.apache.catalina.valves.ErrorReportValve.invoke(ErrorReportValve.java:92)
		at org.apache.catalina.valves.AbstractAccessLogValve.invoke(AbstractAccessLogValve.java:678)
		at org.apache.catalina.core.StandardEngineValve.invoke(StandardEngineValve.java:74)
		at org.apache.catalina.connector.CoyoteAdapter.service(CoyoteAdapter.java:343)
		at org.apache.coyote.http11.Http11Processor.service(Http11Processor.java:367)
		at org.apache.coyote.AbstractProcessorLight.process(AbstractProcessorLight.java:65)
		at org.apache.coyote.AbstractProtocol$ConnectionHandler.process(AbstractProtocol.java:860)
		at org.apache.tomcat.util.net.NioEndpoint$SocketProcessor.doRun(NioEndpoint.java:1598)
		at org.apache.tomcat.util.net.SocketProcessorBase.run(SocketProcessorBase.java:49)
		at java.util.concurrent.ThreadPoolExecutor.runWorker(ThreadPoolExecutor.java:1149)
		at java.util.concurrent.ThreadPoolExecutor$Worker.run(ThreadPoolExecutor.java:624)
		at org.apache.tomcat.util.threads.TaskThread$WrappingRunnable.run(TaskThread.java:61)
		at java.lang.Thread.run(Thread.java:748)
11-Feb-2020 16:42:53.325 INFOS [main] org.apache.catalina.core.ApplicationContext.log SessionListener: contextDestroyed()
11-Feb-2020 16:42:53.325 INFOS [main] org.apache.catalina.core.ApplicationContext.log ContextListener: contextDestroyed()
11-Feb-2020 18:04:09.090 INFOS [main] org.apache.catalina.core.ApplicationContext.log ContextListener: contextInitialized()
11-Feb-2020 18:04:09.095 INFOS [main] org.apache.catalina.core.ApplicationContext.log SessionListener: contextInitialized()
11-Feb-2020 18:04:09.096 INFOS [main] org.apache.catalina.core.ApplicationContext.log ContextListener: attributeAdded('StockTicker', 'async.Stockticker@42898c45')
11-Feb-2020 18:04:34.267 GRAVE [http-nio-8080-exec-1] org.apache.catalina.core.StandardWrapperValve.invoke Servlet.service() du Servlet [a1.libraryservice.ApplicationConfig] dans le contexte au chemin [/A1-LibraryService] a retourné une exception [java.lang.RuntimeException: Uncompilable source code - unreported exception java.lang.Exception; must be caught or declared to be thrown] avec la cause
	java.lang.RuntimeException: Uncompilable source code - unreported exception java.lang.Exception; must be caught or declared to be thrown
		at a1.libraryservice.LibraryRESTService.getBook(LibraryRESTService.java:43)
		at sun.reflect.NativeMethodAccessorImpl.invoke0(Native Method)
		at sun.reflect.NativeMethodAccessorImpl.invoke(NativeMethodAccessorImpl.java:62)
		at sun.reflect.DelegatingMethodAccessorImpl.invoke(DelegatingMethodAccessorImpl.java:43)
		at java.lang.reflect.Method.invoke(Method.java:498)
		at org.glassfish.jersey.server.model.internal.ResourceMethodInvocationHandlerFactory$1.invoke(ResourceMethodInvocationHandlerFactory.java:81)
		at org.glassfish.jersey.server.model.internal.AbstractJavaResourceMethodDispatcher$1.run(AbstractJavaResourceMethodDispatcher.java:151)
		at org.glassfish.jersey.server.model.internal.AbstractJavaResourceMethodDispatcher.invoke(AbstractJavaResourceMethodDispatcher.java:171)
		at org.glassfish.jersey.server.model.internal.JavaResourceMethodDispatcherProvider$ResponseOutInvoker.doDispatch(JavaResourceMethodDispatcherProvider.java:152)
		at org.glassfish.jersey.server.model.internal.AbstractJavaResourceMethodDispatcher.dispatch(AbstractJavaResourceMethodDispatcher.java:104)
		at org.glassfish.jersey.server.model.ResourceMethodInvoker.invoke(ResourceMethodInvoker.java:402)
		at org.glassfish.jersey.server.model.ResourceMethodInvoker.apply(ResourceMethodInvoker.java:349)
		at org.glassfish.jersey.server.model.ResourceMethodInvoker.apply(ResourceMethodInvoker.java:106)
		at org.glassfish.jersey.server.ServerRuntime$1.run(ServerRuntime.java:259)
		at org.glassfish.jersey.internal.Errors$1.call(Errors.java:271)
		at org.glassfish.jersey.internal.Errors$1.call(Errors.java:267)
		at org.glassfish.jersey.internal.Errors.process(Errors.java:315)
		at org.glassfish.jersey.internal.Errors.process(Errors.java:297)
		at org.glassfish.jersey.internal.Errors.process(Errors.java:267)
		at org.glassfish.jersey.process.internal.RequestScope.runInScope(RequestScope.java:318)
		at org.glassfish.jersey.server.ServerRuntime.process(ServerRuntime.java:236)
		at org.glassfish.jersey.server.ApplicationHandler.handle(ApplicationHandler.java:1010)
		at org.glassfish.jersey.servlet.WebComponent.service(WebComponent.java:373)
		at org.glassfish.jersey.servlet.ServletContainer.service(ServletContainer.java:382)
		at org.glassfish.jersey.servlet.ServletContainer.service(ServletContainer.java:345)
		at org.glassfish.jersey.servlet.ServletContainer.service(ServletContainer.java:220)
		at org.apache.catalina.core.ApplicationFilterChain.internalDoFilter(ApplicationFilterChain.java:231)
		at org.apache.catalina.core.ApplicationFilterChain.doFilter(ApplicationFilterChain.java:166)
		at org.apache.tomcat.websocket.server.WsFilter.doFilter(WsFilter.java:53)
		at org.apache.catalina.core.ApplicationFilterChain.internalDoFilter(ApplicationFilterChain.java:193)
		at org.apache.catalina.core.ApplicationFilterChain.doFilter(ApplicationFilterChain.java:166)
		at org.apache.catalina.core.StandardWrapperValve.invoke(StandardWrapperValve.java:202)
		at org.apache.catalina.core.StandardContextValve.invoke(StandardContextValve.java:96)
		at org.apache.catalina.authenticator.AuthenticatorBase.invoke(AuthenticatorBase.java:541)
		at org.apache.catalina.core.StandardHostValve.invoke(StandardHostValve.java:139)
		at org.apache.catalina.valves.ErrorReportValve.invoke(ErrorReportValve.java:92)
		at org.apache.catalina.valves.AbstractAccessLogValve.invoke(AbstractAccessLogValve.java:678)
		at org.apache.catalina.core.StandardEngineValve.invoke(StandardEngineValve.java:74)
		at org.apache.catalina.connector.CoyoteAdapter.service(CoyoteAdapter.java:343)
		at org.apache.coyote.http11.Http11Processor.service(Http11Processor.java:367)
		at org.apache.coyote.AbstractProcessorLight.process(AbstractProcessorLight.java:65)
		at org.apache.coyote.AbstractProtocol$ConnectionHandler.process(AbstractProtocol.java:860)
		at org.apache.tomcat.util.net.NioEndpoint$SocketProcessor.doRun(NioEndpoint.java:1598)
		at org.apache.tomcat.util.net.SocketProcessorBase.run(SocketProcessorBase.java:49)
		at java.util.concurrent.ThreadPoolExecutor.runWorker(ThreadPoolExecutor.java:1149)
		at java.util.concurrent.ThreadPoolExecutor$Worker.run(ThreadPoolExecutor.java:624)
		at org.apache.tomcat.util.threads.TaskThread$WrappingRunnable.run(TaskThread.java:61)
		at java.lang.Thread.run(Thread.java:748)
11-Feb-2020 18:06:11.129 GRAVE [http-nio-8080-exec-11] org.apache.catalina.core.StandardWrapperValve.invoke Servlet.service() du Servlet [a1.libraryservice.ApplicationConfig] dans le contexte au chemin [/A1-LibraryService] a retourné une exception [java.lang.RuntimeException: Uncompilable source code - unreported exception java.lang.Exception; must be caught or declared to be thrown] avec la cause
	java.lang.RuntimeException: Uncompilable source code - unreported exception java.lang.Exception; must be caught or declared to be thrown
		at a1.libraryservice.LibraryRESTService.getBook(LibraryRESTService.java:43)
		at sun.reflect.NativeMethodAccessorImpl.invoke0(Native Method)
		at sun.reflect.NativeMethodAccessorImpl.invoke(NativeMethodAccessorImpl.java:62)
		at sun.reflect.DelegatingMethodAccessorImpl.invoke(DelegatingMethodAccessorImpl.java:43)
		at java.lang.reflect.Method.invoke(Method.java:498)
		at org.glassfish.jersey.server.model.internal.ResourceMethodInvocationHandlerFactory$1.invoke(ResourceMethodInvocationHandlerFactory.java:81)
		at org.glassfish.jersey.server.model.internal.AbstractJavaResourceMethodDispatcher$1.run(AbstractJavaResourceMethodDispatcher.java:151)
		at org.glassfish.jersey.server.model.internal.AbstractJavaResourceMethodDispatcher.invoke(AbstractJavaResourceMethodDispatcher.java:171)
		at org.glassfish.jersey.server.model.internal.JavaResourceMethodDispatcherProvider$ResponseOutInvoker.doDispatch(JavaResourceMethodDispatcherProvider.java:152)
		at org.glassfish.jersey.server.model.internal.AbstractJavaResourceMethodDispatcher.dispatch(AbstractJavaResourceMethodDispatcher.java:104)
		at org.glassfish.jersey.server.model.ResourceMethodInvoker.invoke(ResourceMethodInvoker.java:402)
		at org.glassfish.jersey.server.model.ResourceMethodInvoker.apply(ResourceMethodInvoker.java:349)
		at org.glassfish.jersey.server.model.ResourceMethodInvoker.apply(ResourceMethodInvoker.java:106)
		at org.glassfish.jersey.server.ServerRuntime$1.run(ServerRuntime.java:259)
		at org.glassfish.jersey.internal.Errors$1.call(Errors.java:271)
		at org.glassfish.jersey.internal.Errors$1.call(Errors.java:267)
		at org.glassfish.jersey.internal.Errors.process(Errors.java:315)
		at org.glassfish.jersey.internal.Errors.process(Errors.java:297)
		at org.glassfish.jersey.internal.Errors.process(Errors.java:267)
		at org.glassfish.jersey.process.internal.RequestScope.runInScope(RequestScope.java:318)
		at org.glassfish.jersey.server.ServerRuntime.process(ServerRuntime.java:236)
		at org.glassfish.jersey.server.ApplicationHandler.handle(ApplicationHandler.java:1010)
		at org.glassfish.jersey.servlet.WebComponent.service(WebComponent.java:373)
		at org.glassfish.jersey.servlet.ServletContainer.service(ServletContainer.java:382)
		at org.glassfish.jersey.servlet.ServletContainer.service(ServletContainer.java:345)
		at org.glassfish.jersey.servlet.ServletContainer.service(ServletContainer.java:220)
		at org.apache.catalina.core.ApplicationFilterChain.internalDoFilter(ApplicationFilterChain.java:231)
		at org.apache.catalina.core.ApplicationFilterChain.doFilter(ApplicationFilterChain.java:166)
		at org.apache.tomcat.websocket.server.WsFilter.doFilter(WsFilter.java:53)
		at org.apache.catalina.core.ApplicationFilterChain.internalDoFilter(ApplicationFilterChain.java:193)
		at org.apache.catalina.core.ApplicationFilterChain.doFilter(ApplicationFilterChain.java:166)
		at org.apache.catalina.core.StandardWrapperValve.invoke(StandardWrapperValve.java:202)
		at org.apache.catalina.core.StandardContextValve.invoke(StandardContextValve.java:96)
		at org.apache.catalina.authenticator.AuthenticatorBase.invoke(AuthenticatorBase.java:541)
		at org.apache.catalina.core.StandardHostValve.invoke(StandardHostValve.java:139)
		at org.apache.catalina.valves.ErrorReportValve.invoke(ErrorReportValve.java:92)
		at org.apache.catalina.valves.AbstractAccessLogValve.invoke(AbstractAccessLogValve.java:678)
		at org.apache.catalina.core.StandardEngineValve.invoke(StandardEngineValve.java:74)
		at org.apache.catalina.connector.CoyoteAdapter.service(CoyoteAdapter.java:343)
		at org.apache.coyote.http11.Http11Processor.service(Http11Processor.java:367)
		at org.apache.coyote.AbstractProcessorLight.process(AbstractProcessorLight.java:65)
		at org.apache.coyote.AbstractProtocol$ConnectionHandler.process(AbstractProtocol.java:860)
		at org.apache.tomcat.util.net.NioEndpoint$SocketProcessor.doRun(NioEndpoint.java:1598)
		at org.apache.tomcat.util.net.SocketProcessorBase.run(SocketProcessorBase.java:49)
		at java.util.concurrent.ThreadPoolExecutor.runWorker(ThreadPoolExecutor.java:1149)
		at java.util.concurrent.ThreadPoolExecutor$Worker.run(ThreadPoolExecutor.java:624)
		at org.apache.tomcat.util.threads.TaskThread$WrappingRunnable.run(TaskThread.java:61)
		at java.lang.Thread.run(Thread.java:748)
11-Feb-2020 18:10:39.965 GRAVE [http-nio-8080-exec-33] org.apache.catalina.core.StandardWrapperValve.invoke Servlet.service() du Servlet [a1.libraryservice.ApplicationConfig] dans le contexte au chemin [/A1-LibraryService] a retourné une exception [java.lang.RuntimeException: Uncompilable source code - unreported exception java.lang.Exception; must be caught or declared to be thrown] avec la cause
	java.lang.RuntimeException: Uncompilable source code - unreported exception java.lang.Exception; must be caught or declared to be thrown
		at a1.libraryservice.LibraryRESTService.getBook(LibraryRESTService.java:43)
		at sun.reflect.NativeMethodAccessorImpl.invoke0(Native Method)
		at sun.reflect.NativeMethodAccessorImpl.invoke(NativeMethodAccessorImpl.java:62)
		at sun.reflect.DelegatingMethodAccessorImpl.invoke(DelegatingMethodAccessorImpl.java:43)
		at java.lang.reflect.Method.invoke(Method.java:498)
		at org.glassfish.jersey.server.model.internal.ResourceMethodInvocationHandlerFactory$1.invoke(ResourceMethodInvocationHandlerFactory.java:81)
		at org.glassfish.jersey.server.model.internal.AbstractJavaResourceMethodDispatcher$1.run(AbstractJavaResourceMethodDispatcher.java:151)
		at org.glassfish.jersey.server.model.internal.AbstractJavaResourceMethodDispatcher.invoke(AbstractJavaResourceMethodDispatcher.java:171)
		at org.glassfish.jersey.server.model.internal.JavaResourceMethodDispatcherProvider$ResponseOutInvoker.doDispatch(JavaResourceMethodDispatcherProvider.java:152)
		at org.glassfish.jersey.server.model.internal.AbstractJavaResourceMethodDispatcher.dispatch(AbstractJavaResourceMethodDispatcher.java:104)
		at org.glassfish.jersey.server.model.ResourceMethodInvoker.invoke(ResourceMethodInvoker.java:402)
		at org.glassfish.jersey.server.model.ResourceMethodInvoker.apply(ResourceMethodInvoker.java:349)
		at org.glassfish.jersey.server.model.ResourceMethodInvoker.apply(ResourceMethodInvoker.java:106)
		at org.glassfish.jersey.server.ServerRuntime$1.run(ServerRuntime.java:259)
		at org.glassfish.jersey.internal.Errors$1.call(Errors.java:271)
		at org.glassfish.jersey.internal.Errors$1.call(Errors.java:267)
		at org.glassfish.jersey.internal.Errors.process(Errors.java:315)
		at org.glassfish.jersey.internal.Errors.process(Errors.java:297)
		at org.glassfish.jersey.internal.Errors.process(Errors.java:267)
		at org.glassfish.jersey.process.internal.RequestScope.runInScope(RequestScope.java:318)
		at org.glassfish.jersey.server.ServerRuntime.process(ServerRuntime.java:236)
		at org.glassfish.jersey.server.ApplicationHandler.handle(ApplicationHandler.java:1010)
		at org.glassfish.jersey.servlet.WebComponent.service(WebComponent.java:373)
		at org.glassfish.jersey.servlet.ServletContainer.service(ServletContainer.java:382)
		at org.glassfish.jersey.servlet.ServletContainer.service(ServletContainer.java:345)
		at org.glassfish.jersey.servlet.ServletContainer.service(ServletContainer.java:220)
		at org.apache.catalina.core.ApplicationFilterChain.internalDoFilter(ApplicationFilterChain.java:231)
		at org.apache.catalina.core.ApplicationFilterChain.doFilter(ApplicationFilterChain.java:166)
		at org.apache.tomcat.websocket.server.WsFilter.doFilter(WsFilter.java:53)
		at org.apache.catalina.core.ApplicationFilterChain.internalDoFilter(ApplicationFilterChain.java:193)
		at org.apache.catalina.core.ApplicationFilterChain.doFilter(ApplicationFilterChain.java:166)
		at org.apache.catalina.core.StandardWrapperValve.invoke(StandardWrapperValve.java:202)
		at org.apache.catalina.core.StandardContextValve.invoke(StandardContextValve.java:96)
		at org.apache.catalina.authenticator.AuthenticatorBase.invoke(AuthenticatorBase.java:541)
		at org.apache.catalina.core.StandardHostValve.invoke(StandardHostValve.java:139)
		at org.apache.catalina.valves.ErrorReportValve.invoke(ErrorReportValve.java:92)
		at org.apache.catalina.valves.AbstractAccessLogValve.invoke(AbstractAccessLogValve.java:678)
		at org.apache.catalina.core.StandardEngineValve.invoke(StandardEngineValve.java:74)
		at org.apache.catalina.connector.CoyoteAdapter.service(CoyoteAdapter.java:343)
		at org.apache.coyote.http11.Http11Processor.service(Http11Processor.java:367)
		at org.apache.coyote.AbstractProcessorLight.process(AbstractProcessorLight.java:65)
		at org.apache.coyote.AbstractProtocol$ConnectionHandler.process(AbstractProtocol.java:860)
		at org.apache.tomcat.util.net.NioEndpoint$SocketProcessor.doRun(NioEndpoint.java:1598)
		at org.apache.tomcat.util.net.SocketProcessorBase.run(SocketProcessorBase.java:49)
		at java.util.concurrent.ThreadPoolExecutor.runWorker(ThreadPoolExecutor.java:1149)
		at java.util.concurrent.ThreadPoolExecutor$Worker.run(ThreadPoolExecutor.java:624)
		at org.apache.tomcat.util.threads.TaskThread$WrappingRunnable.run(TaskThread.java:61)
		at java.lang.Thread.run(Thread.java:748)
11-Feb-2020 18:11:06.328 GRAVE [http-nio-8080-exec-28] org.apache.catalina.core.StandardWrapperValve.invoke Servlet.service() du Servlet [a1.libraryservice.ApplicationConfig] dans le contexte au chemin [/A1-LibraryService] a retourné une exception [java.lang.RuntimeException: Uncompilable source code - unreported exception java.lang.Exception; must be caught or declared to be thrown] avec la cause
	java.lang.RuntimeException: Uncompilable source code - unreported exception java.lang.Exception; must be caught or declared to be thrown
		at a1.libraryservice.LibraryRESTService.getBook(LibraryRESTService.java:43)
		at sun.reflect.NativeMethodAccessorImpl.invoke0(Native Method)
		at sun.reflect.NativeMethodAccessorImpl.invoke(NativeMethodAccessorImpl.java:62)
		at sun.reflect.DelegatingMethodAccessorImpl.invoke(DelegatingMethodAccessorImpl.java:43)
		at java.lang.reflect.Method.invoke(Method.java:498)
		at org.glassfish.jersey.server.model.internal.ResourceMethodInvocationHandlerFactory$1.invoke(ResourceMethodInvocationHandlerFactory.java:81)
		at org.glassfish.jersey.server.model.internal.AbstractJavaResourceMethodDispatcher$1.run(AbstractJavaResourceMethodDispatcher.java:151)
		at org.glassfish.jersey.server.model.internal.AbstractJavaResourceMethodDispatcher.invoke(AbstractJavaResourceMethodDispatcher.java:171)
		at org.glassfish.jersey.server.model.internal.JavaResourceMethodDispatcherProvider$ResponseOutInvoker.doDispatch(JavaResourceMethodDispatcherProvider.java:152)
		at org.glassfish.jersey.server.model.internal.AbstractJavaResourceMethodDispatcher.dispatch(AbstractJavaResourceMethodDispatcher.java:104)
		at org.glassfish.jersey.server.model.ResourceMethodInvoker.invoke(ResourceMethodInvoker.java:402)
		at org.glassfish.jersey.server.model.ResourceMethodInvoker.apply(ResourceMethodInvoker.java:349)
		at org.glassfish.jersey.server.model.ResourceMethodInvoker.apply(ResourceMethodInvoker.java:106)
		at org.glassfish.jersey.server.ServerRuntime$1.run(ServerRuntime.java:259)
		at org.glassfish.jersey.internal.Errors$1.call(Errors.java:271)
		at org.glassfish.jersey.internal.Errors$1.call(Errors.java:267)
		at org.glassfish.jersey.internal.Errors.process(Errors.java:315)
		at org.glassfish.jersey.internal.Errors.process(Errors.java:297)
		at org.glassfish.jersey.internal.Errors.process(Errors.java:267)
		at org.glassfish.jersey.process.internal.RequestScope.runInScope(RequestScope.java:318)
		at org.glassfish.jersey.server.ServerRuntime.process(ServerRuntime.java:236)
		at org.glassfish.jersey.server.ApplicationHandler.handle(ApplicationHandler.java:1010)
		at org.glassfish.jersey.servlet.WebComponent.service(WebComponent.java:373)
		at org.glassfish.jersey.servlet.ServletContainer.service(ServletContainer.java:382)
		at org.glassfish.jersey.servlet.ServletContainer.service(ServletContainer.java:345)
		at org.glassfish.jersey.servlet.ServletContainer.service(ServletContainer.java:220)
		at org.apache.catalina.core.ApplicationFilterChain.internalDoFilter(ApplicationFilterChain.java:231)
		at org.apache.catalina.core.ApplicationFilterChain.doFilter(ApplicationFilterChain.java:166)
		at org.apache.tomcat.websocket.server.WsFilter.doFilter(WsFilter.java:53)
		at org.apache.catalina.core.ApplicationFilterChain.internalDoFilter(ApplicationFilterChain.java:193)
		at org.apache.catalina.core.ApplicationFilterChain.doFilter(ApplicationFilterChain.java:166)
		at org.apache.catalina.core.StandardWrapperValve.invoke(StandardWrapperValve.java:202)
		at org.apache.catalina.core.StandardContextValve.invoke(StandardContextValve.java:96)
		at org.apache.catalina.authenticator.AuthenticatorBase.invoke(AuthenticatorBase.java:541)
		at org.apache.catalina.core.StandardHostValve.invoke(StandardHostValve.java:139)
		at org.apache.catalina.valves.ErrorReportValve.invoke(ErrorReportValve.java:92)
		at org.apache.catalina.valves.AbstractAccessLogValve.invoke(AbstractAccessLogValve.java:678)
		at org.apache.catalina.core.StandardEngineValve.invoke(StandardEngineValve.java:74)
		at org.apache.catalina.connector.CoyoteAdapter.service(CoyoteAdapter.java:343)
		at org.apache.coyote.http11.Http11Processor.service(Http11Processor.java:367)
		at org.apache.coyote.AbstractProcessorLight.process(AbstractProcessorLight.java:65)
		at org.apache.coyote.AbstractProtocol$ConnectionHandler.process(AbstractProtocol.java:860)
		at org.apache.tomcat.util.net.NioEndpoint$SocketProcessor.doRun(NioEndpoint.java:1598)
		at org.apache.tomcat.util.net.SocketProcessorBase.run(SocketProcessorBase.java:49)
		at java.util.concurrent.ThreadPoolExecutor.runWorker(ThreadPoolExecutor.java:1149)
		at java.util.concurrent.ThreadPoolExecutor$Worker.run(ThreadPoolExecutor.java:624)
		at org.apache.tomcat.util.threads.TaskThread$WrappingRunnable.run(TaskThread.java:61)
		at java.lang.Thread.run(Thread.java:748)
11-Feb-2020 18:56:40.459 INFOS [main] org.apache.catalina.core.ApplicationContext.log ContextListener: contextInitialized()
11-Feb-2020 18:56:40.460 INFOS [main] org.apache.catalina.core.ApplicationContext.log SessionListener: contextInitialized()
11-Feb-2020 18:56:40.463 INFOS [main] org.apache.catalina.core.ApplicationContext.log ContextListener: attributeAdded('StockTicker', 'async.Stockticker@3fb917bb')
