09-Feb-2020 11:05:37.638 INFOS [main] org.apache.catalina.core.ApplicationContext.log ContextListener: contextInitialized()
09-Feb-2020 11:05:37.638 INFOS [main] org.apache.catalina.core.ApplicationContext.log SessionListener: contextInitialized()
09-Feb-2020 11:05:37.640 INFOS [main] org.apache.catalina.core.ApplicationContext.log ContextListener: attributeAdded('StockTicker', 'async.Stockticker@108a411c')
09-Feb-2020 12:22:19.496 INFOS [main] org.apache.catalina.core.ApplicationContext.log SessionListener: contextDestroyed()
09-Feb-2020 12:22:19.496 INFOS [main] org.apache.catalina.core.ApplicationContext.log ContextListener: contextDestroyed()
09-Feb-2020 12:31:52.455 INFOS [main] org.apache.catalina.core.ApplicationContext.log ContextListener: contextInitialized()
09-Feb-2020 12:31:52.456 INFOS [main] org.apache.catalina.core.ApplicationContext.log SessionListener: contextInitialized()
09-Feb-2020 12:31:52.458 INFOS [main] org.apache.catalina.core.ApplicationContext.log ContextListener: attributeAdded('StockTicker', 'async.Stockticker@4f9e5d0e')
09-Feb-2020 12:43:36.757 INFOS [main] org.apache.catalina.core.ApplicationContext.log SessionListener: contextDestroyed()
09-Feb-2020 12:43:36.757 INFOS [main] org.apache.catalina.core.ApplicationContext.log ContextListener: contextDestroyed()
09-Feb-2020 12:44:11.264 INFOS [main] org.apache.catalina.core.ApplicationContext.log ContextListener: contextInitialized()
09-Feb-2020 12:44:11.264 INFOS [main] org.apache.catalina.core.ApplicationContext.log SessionListener: contextInitialized()
09-Feb-2020 12:44:11.269 INFOS [main] org.apache.catalina.core.ApplicationContext.log ContextListener: attributeAdded('StockTicker', 'async.Stockticker@1d3f9494')
09-Feb-2020 14:21:02.715 INFOS [main] org.apache.catalina.core.ApplicationContext.log ContextListener: contextInitialized()
09-Feb-2020 14:21:02.716 INFOS [main] org.apache.catalina.core.ApplicationContext.log SessionListener: contextInitialized()
09-Feb-2020 14:21:02.719 INFOS [main] org.apache.catalina.core.ApplicationContext.log ContextListener: attributeAdded('StockTicker', 'async.Stockticker@1eb45da0')
09-Feb-2020 14:50:35.987 INFOS [main] org.apache.catalina.core.ApplicationContext.log SessionListener: contextDestroyed()
09-Feb-2020 14:50:35.987 INFOS [main] org.apache.catalina.core.ApplicationContext.log ContextListener: contextDestroyed()
09-Feb-2020 16:04:09.758 INFOS [main] org.apache.catalina.core.ApplicationContext.log ContextListener: contextInitialized()
09-Feb-2020 16:04:09.759 INFOS [main] org.apache.catalina.core.ApplicationContext.log SessionListener: contextInitialized()
09-Feb-2020 16:04:09.761 INFOS [main] org.apache.catalina.core.ApplicationContext.log ContextListener: attributeAdded('StockTicker', 'async.Stockticker@58f83032')
09-Feb-2020 16:09:43.100 INFOS [main] org.apache.catalina.core.ApplicationContext.log SessionListener: contextDestroyed()
09-Feb-2020 16:09:43.100 INFOS [main] org.apache.catalina.core.ApplicationContext.log ContextListener: contextDestroyed()
09-Feb-2020 16:10:39.362 INFOS [main] org.apache.catalina.core.ApplicationContext.log ContextListener: contextInitialized()
09-Feb-2020 16:10:39.363 INFOS [main] org.apache.catalina.core.ApplicationContext.log SessionListener: contextInitialized()
09-Feb-2020 16:10:39.366 INFOS [main] org.apache.catalina.core.ApplicationContext.log ContextListener: attributeAdded('StockTicker', 'async.Stockticker@579e30b7')
09-Feb-2020 16:11:51.607 INFOS [main] org.apache.catalina.core.ApplicationContext.log SessionListener: contextDestroyed()
09-Feb-2020 16:11:51.607 INFOS [main] org.apache.catalina.core.ApplicationContext.log ContextListener: contextDestroyed()
09-Feb-2020 16:12:18.088 INFOS [main] org.apache.catalina.core.ApplicationContext.log ContextListener: contextInitialized()
09-Feb-2020 16:12:18.089 INFOS [main] org.apache.catalina.core.ApplicationContext.log SessionListener: contextInitialized()
09-Feb-2020 16:12:18.092 INFOS [main] org.apache.catalina.core.ApplicationContext.log ContextListener: attributeAdded('StockTicker', 'async.Stockticker@27af34df')
09-Feb-2020 16:47:27.821 INFOS [main] org.apache.catalina.core.ApplicationContext.log SessionListener: contextDestroyed()
09-Feb-2020 16:47:27.821 INFOS [main] org.apache.catalina.core.ApplicationContext.log ContextListener: contextDestroyed()
09-Feb-2020 16:47:52.354 INFOS [main] org.apache.catalina.core.ApplicationContext.log ContextListener: contextInitialized()
09-Feb-2020 16:47:52.354 INFOS [main] org.apache.catalina.core.ApplicationContext.log SessionListener: contextInitialized()
09-Feb-2020 16:47:52.356 INFOS [main] org.apache.catalina.core.ApplicationContext.log ContextListener: attributeAdded('StockTicker', 'async.Stockticker@7dd31f90')
09-Feb-2020 16:48:23.640 INFOS [main] org.apache.catalina.core.ApplicationContext.log SessionListener: contextDestroyed()
09-Feb-2020 16:48:23.640 INFOS [main] org.apache.catalina.core.ApplicationContext.log ContextListener: contextDestroyed()
09-Feb-2020 16:49:01.068 INFOS [main] org.apache.catalina.core.ApplicationContext.log ContextListener: contextInitialized()
09-Feb-2020 16:49:01.068 INFOS [main] org.apache.catalina.core.ApplicationContext.log SessionListener: contextInitialized()
09-Feb-2020 16:49:01.070 INFOS [main] org.apache.catalina.core.ApplicationContext.log ContextListener: attributeAdded('StockTicker', 'async.Stockticker@3cb034af')
09-Feb-2020 16:50:15.536 INFOS [main] org.apache.catalina.core.ApplicationContext.log SessionListener: contextDestroyed()
09-Feb-2020 16:50:15.536 INFOS [main] org.apache.catalina.core.ApplicationContext.log ContextListener: contextDestroyed()
09-Feb-2020 16:50:47.447 INFOS [main] org.apache.catalina.core.ApplicationContext.log ContextListener: contextInitialized()
09-Feb-2020 16:50:47.448 INFOS [main] org.apache.catalina.core.ApplicationContext.log SessionListener: contextInitialized()
09-Feb-2020 16:50:47.450 INFOS [main] org.apache.catalina.core.ApplicationContext.log ContextListener: attributeAdded('StockTicker', 'async.Stockticker@20ca1a05')
09-Feb-2020 16:52:13.599 INFOS [main] org.apache.catalina.core.ApplicationContext.log SessionListener: contextDestroyed()
09-Feb-2020 16:52:13.600 INFOS [main] org.apache.catalina.core.ApplicationContext.log ContextListener: contextDestroyed()
09-Feb-2020 16:52:35.658 INFOS [main] org.apache.catalina.core.ApplicationContext.log ContextListener: contextInitialized()
09-Feb-2020 16:52:35.659 INFOS [main] org.apache.catalina.core.ApplicationContext.log SessionListener: contextInitialized()
09-Feb-2020 16:52:35.663 INFOS [main] org.apache.catalina.core.ApplicationContext.log ContextListener: attributeAdded('StockTicker', 'async.Stockticker@1f98b6aa')
09-Feb-2020 16:55:26.660 INFOS [main] org.apache.catalina.core.ApplicationContext.log SessionListener: contextDestroyed()
09-Feb-2020 16:55:26.660 INFOS [main] org.apache.catalina.core.ApplicationContext.log ContextListener: contextDestroyed()
09-Feb-2020 16:56:32.481 INFOS [main] org.apache.catalina.core.ApplicationContext.log ContextListener: contextInitialized()
09-Feb-2020 16:56:32.481 INFOS [main] org.apache.catalina.core.ApplicationContext.log SessionListener: contextInitialized()
09-Feb-2020 16:56:32.483 INFOS [main] org.apache.catalina.core.ApplicationContext.log ContextListener: attributeAdded('StockTicker', 'async.Stockticker@108a411c')
09-Feb-2020 16:58:22.310 INFOS [main] org.apache.catalina.core.ApplicationContext.log SessionListener: contextDestroyed()
09-Feb-2020 16:58:22.310 INFOS [main] org.apache.catalina.core.ApplicationContext.log ContextListener: contextDestroyed()
09-Feb-2020 16:58:51.024 INFOS [main] org.apache.catalina.core.ApplicationContext.log ContextListener: contextInitialized()
09-Feb-2020 16:58:51.025 INFOS [main] org.apache.catalina.core.ApplicationContext.log SessionListener: contextInitialized()
09-Feb-2020 16:58:51.028 INFOS [main] org.apache.catalina.core.ApplicationContext.log ContextListener: attributeAdded('StockTicker', 'async.Stockticker@108a411c')
