20-Mar-2020 09:43:17.574 INFOS [http-nio-8080-exec-10] org.apache.catalina.core.ApplicationContext.log Manager: init: Associated with Deployer 'Catalina:type=Deployer,host=localhost'
20-Mar-2020 09:43:17.578 INFOS [http-nio-8080-exec-10] org.apache.catalina.core.ApplicationContext.log Manager: init: Global resources are available
20-Mar-2020 09:43:18.234 INFOS [http-nio-8080-exec-5] org.apache.catalina.core.ApplicationContext.log Manager: list: Listing contexts for virtual host 'localhost'
20-Mar-2020 09:43:18.251 INFOS [http-nio-8080-exec-6] org.apache.catalina.core.ApplicationContext.log Manager: list: Listing contexts for virtual host 'localhost'
20-Mar-2020 09:43:18.343 INFOS [http-nio-8080-exec-3] org.apache.catalina.core.ApplicationContext.log Manager: undeploy: Undeploying web application at '/A2-LoanService'
20-Mar-2020 09:43:18.949 INFOS [http-nio-8080-exec-10] org.apache.catalina.core.ApplicationContext.log Manager: install: Installing context configuration at 'file:/var/folders/q9/r0kqgvws6mxcw59hj8ll3z2w0000gn/T/context6272252305496939728.xml'
20-Mar-2020 09:46:24.872 INFOS [http-nio-8080-exec-7] org.apache.catalina.core.ApplicationContext.log Manager: init: Associated with Deployer 'Catalina:type=Deployer,host=localhost'
20-Mar-2020 09:46:24.873 INFOS [http-nio-8080-exec-7] org.apache.catalina.core.ApplicationContext.log Manager: init: Global resources are available
20-Mar-2020 09:46:25.240 INFOS [http-nio-8080-exec-7] org.apache.catalina.core.ApplicationContext.log Manager: list: Listing contexts for virtual host 'localhost'
20-Mar-2020 09:46:25.251 INFOS [http-nio-8080-exec-9] org.apache.catalina.core.ApplicationContext.log Manager: list: Listing contexts for virtual host 'localhost'
20-Mar-2020 09:48:31.400 INFOS [http-nio-8080-exec-5] org.apache.catalina.core.ApplicationContext.log Manager: init: Associated with Deployer 'Catalina:type=Deployer,host=localhost'
20-Mar-2020 09:48:31.402 INFOS [http-nio-8080-exec-5] org.apache.catalina.core.ApplicationContext.log Manager: init: Global resources are available
20-Mar-2020 09:48:31.956 INFOS [http-nio-8080-exec-8] org.apache.catalina.core.ApplicationContext.log Manager: list: Listing contexts for virtual host 'localhost'
20-Mar-2020 09:48:31.975 INFOS [http-nio-8080-exec-9] org.apache.catalina.core.ApplicationContext.log Manager: list: Listing contexts for virtual host 'localhost'
20-Mar-2020 09:48:57.531 INFOS [http-nio-8080-exec-6] org.apache.catalina.core.ApplicationContext.log Manager: list: Listing contexts for virtual host 'localhost'
20-Mar-2020 09:52:17.478 INFOS [http-nio-8080-exec-10] org.apache.catalina.core.ApplicationContext.log Manager: list: Listing contexts for virtual host 'localhost'
20-Mar-2020 09:52:17.849 INFOS [http-nio-8080-exec-4] org.apache.catalina.core.ApplicationContext.log Manager: list: Listing contexts for virtual host 'localhost'
20-Mar-2020 09:54:09.683 INFOS [http-nio-8080-exec-8] org.apache.catalina.core.ApplicationContext.log Manager: list: Listing contexts for virtual host 'localhost'
20-Mar-2020 09:54:09.696 INFOS [http-nio-8080-exec-10] org.apache.catalina.core.ApplicationContext.log Manager: restart: Reloading web application '/A2-LoanService'
20-Mar-2020 09:54:33.997 INFOS [http-nio-8080-exec-3] org.apache.catalina.core.ApplicationContext.log Manager: list: Listing contexts for virtual host 'localhost'
20-Mar-2020 09:54:34.031 INFOS [http-nio-8080-exec-4] org.apache.catalina.core.ApplicationContext.log Manager: restart: Reloading web application '/A2-LoanService'
20-Mar-2020 09:54:34.031 GRAVE [http-nio-8080-exec-4] org.apache.catalina.core.ApplicationContext.log Manager: Erreur lors du rechargement de [/A2-LoanService]
	java.lang.IllegalStateException: Le contexte [/A2-LoanService] n'a pas encore été démarré
		at org.apache.catalina.core.StandardContext.reload(StandardContext.java:3741)
		at org.apache.catalina.manager.ManagerServlet.reload(ManagerServlet.java:1121)
		at org.apache.catalina.manager.ManagerServlet.doGet(ManagerServlet.java:365)
		at javax.servlet.http.HttpServlet.service(HttpServlet.java:634)
		at javax.servlet.http.HttpServlet.service(HttpServlet.java:741)
		at org.apache.catalina.core.ApplicationFilterChain.internalDoFilter(ApplicationFilterChain.java:231)
		at org.apache.catalina.core.ApplicationFilterChain.doFilter(ApplicationFilterChain.java:166)
		at org.apache.tomcat.websocket.server.WsFilter.doFilter(WsFilter.java:53)
		at org.apache.catalina.core.ApplicationFilterChain.internalDoFilter(ApplicationFilterChain.java:193)
		at org.apache.catalina.core.ApplicationFilterChain.doFilter(ApplicationFilterChain.java:166)
		at org.apache.catalina.core.StandardWrapperValve.invoke(StandardWrapperValve.java:202)
		at org.apache.catalina.core.StandardContextValve.invoke(StandardContextValve.java:96)
		at org.apache.catalina.authenticator.AuthenticatorBase.invoke(AuthenticatorBase.java:666)
		at org.apache.catalina.valves.RequestFilterValve.process(RequestFilterValve.java:348)
		at org.apache.catalina.valves.RemoteAddrValve.invoke(RemoteAddrValve.java:53)
		at org.apache.catalina.core.StandardHostValve.invoke(StandardHostValve.java:139)
		at org.apache.catalina.valves.ErrorReportValve.invoke(ErrorReportValve.java:92)
		at org.apache.catalina.valves.AbstractAccessLogValve.invoke(AbstractAccessLogValve.java:678)
		at org.apache.catalina.core.StandardEngineValve.invoke(StandardEngineValve.java:74)
		at org.apache.catalina.connector.CoyoteAdapter.service(CoyoteAdapter.java:343)
		at org.apache.coyote.http11.Http11Processor.service(Http11Processor.java:367)
		at org.apache.coyote.AbstractProcessorLight.process(AbstractProcessorLight.java:65)
		at org.apache.coyote.AbstractProtocol$ConnectionHandler.process(AbstractProtocol.java:860)
		at org.apache.tomcat.util.net.NioEndpoint$SocketProcessor.doRun(NioEndpoint.java:1598)
		at org.apache.tomcat.util.net.SocketProcessorBase.run(SocketProcessorBase.java:49)
		at java.util.concurrent.ThreadPoolExecutor.runWorker(ThreadPoolExecutor.java:1149)
		at java.util.concurrent.ThreadPoolExecutor$Worker.run(ThreadPoolExecutor.java:624)
		at org.apache.tomcat.util.threads.TaskThread$WrappingRunnable.run(TaskThread.java:61)
		at java.lang.Thread.run(Thread.java:748)
20-Mar-2020 09:54:45.437 INFOS [http-nio-8080-exec-2] org.apache.catalina.core.ApplicationContext.log Manager: list: Listing contexts for virtual host 'localhost'
20-Mar-2020 09:54:45.448 INFOS [http-nio-8080-exec-7] org.apache.catalina.core.ApplicationContext.log Manager: list: Listing contexts for virtual host 'localhost'
20-Mar-2020 09:54:45.476 INFOS [http-nio-8080-exec-11] org.apache.catalina.core.ApplicationContext.log Manager: undeploy: Undeploying web application at '/A2-LoanService'
20-Mar-2020 09:54:46.032 INFOS [http-nio-8080-exec-3] org.apache.catalina.core.ApplicationContext.log Manager: install: Installing context configuration at 'file:/var/folders/q9/r0kqgvws6mxcw59hj8ll3z2w0000gn/T/context8591398867686526103.xml'
20-Mar-2020 09:55:25.809 INFOS [http-nio-8080-exec-14] org.apache.catalina.core.ApplicationContext.log Manager: list: Listing contexts for virtual host 'localhost'
20-Mar-2020 09:55:25.818 INFOS [http-nio-8080-exec-15] org.apache.catalina.core.ApplicationContext.log Manager: undeploy: Undeploying web application at '/A2-LoanService'
20-Mar-2020 09:55:32.666 INFOS [http-nio-8080-exec-17] org.apache.catalina.core.ApplicationContext.log Manager: list: Listing contexts for virtual host 'localhost'
20-Mar-2020 09:55:35.181 INFOS [http-nio-8080-exec-2] org.apache.catalina.core.ApplicationContext.log Manager: list: Listing contexts for virtual host 'localhost'
20-Mar-2020 10:46:27.010 INFOS [http-nio-8080-exec-8] org.apache.catalina.core.ApplicationContext.log Manager: init: Associated with Deployer 'Catalina:type=Deployer,host=localhost'
20-Mar-2020 10:46:27.010 INFOS [http-nio-8080-exec-8] org.apache.catalina.core.ApplicationContext.log Manager: init: Global resources are available
20-Mar-2020 10:46:28.077 INFOS [http-nio-8080-exec-1] org.apache.catalina.core.ApplicationContext.log Manager: list: Listing contexts for virtual host 'localhost'
20-Mar-2020 10:46:28.111 INFOS [http-nio-8080-exec-4] org.apache.catalina.core.ApplicationContext.log Manager: list: Listing contexts for virtual host 'localhost'
20-Mar-2020 10:46:28.704 INFOS [http-nio-8080-exec-5] org.apache.catalina.core.ApplicationContext.log Manager: undeploy: Undeploying web application at '/A2-LoanService'
20-Mar-2020 10:46:29.230 INFOS [http-nio-8080-exec-6] org.apache.catalina.core.ApplicationContext.log Manager: install: Installing context configuration at 'file:/var/folders/q9/r0kqgvws6mxcw59hj8ll3z2w0000gn/T/context5656744645342533608.xml'
20-Mar-2020 10:46:55.085 INFOS [http-nio-8080-exec-4] org.apache.catalina.core.ApplicationContext.log Manager: list: Listing contexts for virtual host 'localhost'
20-Mar-2020 10:46:55.124 INFOS [http-nio-8080-exec-11] org.apache.catalina.core.ApplicationContext.log Manager: undeploy: Undeploying web application at '/A2-LoanService'
20-Mar-2020 10:47:00.831 INFOS [http-nio-8080-exec-5] org.apache.catalina.core.ApplicationContext.log Manager: list: Listing contexts for virtual host 'localhost'
20-Mar-2020 10:47:04.802 INFOS [http-nio-8080-exec-9] org.apache.catalina.core.ApplicationContext.log Manager: list: Listing contexts for virtual host 'localhost'
20-Mar-2020 10:47:32.021 INFOS [http-nio-8080-exec-14] org.apache.catalina.core.ApplicationContext.log Manager: list: Listing contexts for virtual host 'localhost'
20-Mar-2020 10:47:32.038 INFOS [http-nio-8080-exec-5] org.apache.catalina.core.ApplicationContext.log Manager: list: Listing contexts for virtual host 'localhost'
20-Mar-2020 10:47:32.098 INFOS [http-nio-8080-exec-9] org.apache.catalina.core.ApplicationContext.log Manager: install: Installing context configuration at 'file:/var/folders/q9/r0kqgvws6mxcw59hj8ll3z2w0000gn/T/context3879599903307779245.xml'
20-Mar-2020 10:48:18.548 INFOS [http-nio-8080-exec-5] org.apache.catalina.core.ApplicationContext.log Manager: list: Listing contexts for virtual host 'localhost'
20-Mar-2020 10:48:26.086 INFOS [http-nio-8080-exec-1] org.apache.catalina.core.ApplicationContext.log Manager: list: Listing contexts for virtual host 'localhost'
20-Mar-2020 10:48:26.132 INFOS [http-nio-8080-exec-4] org.apache.catalina.core.ApplicationContext.log Manager: undeploy: Undeploying web application at '/A2-LoanService'
20-Mar-2020 10:48:33.576 INFOS [http-nio-8080-exec-20] org.apache.catalina.core.ApplicationContext.log Manager: list: Listing contexts for virtual host 'localhost'
20-Mar-2020 10:48:37.570 INFOS [http-nio-8080-exec-19] org.apache.catalina.core.ApplicationContext.log Manager: list: Listing contexts for virtual host 'localhost'
20-Mar-2020 10:49:01.545 INFOS [http-nio-8080-exec-20] org.apache.catalina.core.ApplicationContext.log Manager: list: Listing contexts for virtual host 'localhost'
20-Mar-2020 10:49:01.558 INFOS [http-nio-8080-exec-17] org.apache.catalina.core.ApplicationContext.log Manager: list: Listing contexts for virtual host 'localhost'
20-Mar-2020 10:49:01.590 INFOS [http-nio-8080-exec-22] org.apache.catalina.core.ApplicationContext.log Manager: install: Installing context configuration at 'file:/var/folders/q9/r0kqgvws6mxcw59hj8ll3z2w0000gn/T/context8384235315104511990.xml'
20-Mar-2020 10:50:25.924 INFOS [http-nio-8080-exec-21] org.apache.catalina.core.ApplicationContext.log Manager: list: Listing contexts for virtual host 'localhost'
20-Mar-2020 10:50:26.336 INFOS [http-nio-8080-exec-1] org.apache.catalina.core.ApplicationContext.log Manager: list: Listing contexts for virtual host 'localhost'
20-Mar-2020 10:50:26.348 INFOS [http-nio-8080-exec-4] org.apache.catalina.core.ApplicationContext.log Manager: restart: Reloading web application '/A2-LoanService'
20-Mar-2020 10:50:26.348 GRAVE [http-nio-8080-exec-4] org.apache.catalina.core.ApplicationContext.log Manager: Erreur lors du rechargement de [/A2-LoanService]
	java.lang.IllegalStateException: Le contexte [/A2-LoanService] n'a pas encore été démarré
		at org.apache.catalina.core.StandardContext.reload(StandardContext.java:3741)
		at org.apache.catalina.manager.ManagerServlet.reload(ManagerServlet.java:1121)
		at org.apache.catalina.manager.ManagerServlet.doGet(ManagerServlet.java:365)
		at javax.servlet.http.HttpServlet.service(HttpServlet.java:634)
		at javax.servlet.http.HttpServlet.service(HttpServlet.java:741)
		at org.apache.catalina.core.ApplicationFilterChain.internalDoFilter(ApplicationFilterChain.java:231)
		at org.apache.catalina.core.ApplicationFilterChain.doFilter(ApplicationFilterChain.java:166)
		at org.apache.tomcat.websocket.server.WsFilter.doFilter(WsFilter.java:53)
		at org.apache.catalina.core.ApplicationFilterChain.internalDoFilter(ApplicationFilterChain.java:193)
		at org.apache.catalina.core.ApplicationFilterChain.doFilter(ApplicationFilterChain.java:166)
		at org.apache.catalina.core.StandardWrapperValve.invoke(StandardWrapperValve.java:202)
		at org.apache.catalina.core.StandardContextValve.invoke(StandardContextValve.java:96)
		at org.apache.catalina.authenticator.AuthenticatorBase.invoke(AuthenticatorBase.java:666)
		at org.apache.catalina.valves.RequestFilterValve.process(RequestFilterValve.java:348)
		at org.apache.catalina.valves.RemoteAddrValve.invoke(RemoteAddrValve.java:53)
		at org.apache.catalina.core.StandardHostValve.invoke(StandardHostValve.java:139)
		at org.apache.catalina.valves.ErrorReportValve.invoke(ErrorReportValve.java:92)
		at org.apache.catalina.valves.AbstractAccessLogValve.invoke(AbstractAccessLogValve.java:678)
		at org.apache.catalina.core.StandardEngineValve.invoke(StandardEngineValve.java:74)
		at org.apache.catalina.connector.CoyoteAdapter.service(CoyoteAdapter.java:343)
		at org.apache.coyote.http11.Http11Processor.service(Http11Processor.java:367)
		at org.apache.coyote.AbstractProcessorLight.process(AbstractProcessorLight.java:65)
		at org.apache.coyote.AbstractProtocol$ConnectionHandler.process(AbstractProtocol.java:860)
		at org.apache.tomcat.util.net.NioEndpoint$SocketProcessor.doRun(NioEndpoint.java:1598)
		at org.apache.tomcat.util.net.SocketProcessorBase.run(SocketProcessorBase.java:49)
		at java.util.concurrent.ThreadPoolExecutor.runWorker(ThreadPoolExecutor.java:1149)
		at java.util.concurrent.ThreadPoolExecutor$Worker.run(ThreadPoolExecutor.java:624)
		at org.apache.tomcat.util.threads.TaskThread$WrappingRunnable.run(TaskThread.java:61)
		at java.lang.Thread.run(Thread.java:748)
20-Mar-2020 10:50:27.173 INFOS [http-nio-8080-exec-27] org.apache.catalina.core.ApplicationContext.log Manager: list: Listing contexts for virtual host 'localhost'
20-Mar-2020 10:50:27.188 INFOS [http-nio-8080-exec-28] org.apache.catalina.core.ApplicationContext.log Manager: list: Listing contexts for virtual host 'localhost'
20-Mar-2020 10:50:27.216 INFOS [http-nio-8080-exec-1] org.apache.catalina.core.ApplicationContext.log Manager: undeploy: Undeploying web application at '/A2-LoanService'
20-Mar-2020 10:50:27.755 INFOS [http-nio-8080-exec-4] org.apache.catalina.core.ApplicationContext.log Manager: install: Installing context configuration at 'file:/var/folders/q9/r0kqgvws6mxcw59hj8ll3z2w0000gn/T/context6390583217772211617.xml'
20-Mar-2020 10:50:34.644 INFOS [http-nio-8080-exec-28] org.apache.catalina.core.ApplicationContext.log Manager: list: Listing contexts for virtual host 'localhost'
20-Mar-2020 10:50:34.656 INFOS [http-nio-8080-exec-29] org.apache.catalina.core.ApplicationContext.log Manager: list: Listing contexts for virtual host 'localhost'
20-Mar-2020 10:50:39.152 INFOS [http-nio-8080-exec-30] org.apache.catalina.core.ApplicationContext.log Manager: undeploy: Undeploying web application at '/A2-LoanService'
20-Mar-2020 10:50:39.723 INFOS [http-nio-8080-exec-21] org.apache.catalina.core.ApplicationContext.log Manager: install: Installing context configuration at 'file:/var/folders/q9/r0kqgvws6mxcw59hj8ll3z2w0000gn/T/context2849159217473113472.xml'
20-Mar-2020 10:50:48.548 INFOS [http-nio-8080-exec-21] org.apache.catalina.core.ApplicationContext.log Manager: start: Starting web application '/A2-LoanService'
20-Mar-2020 10:50:48.600 INFOS [http-nio-8080-exec-26] org.apache.catalina.core.ApplicationContext.log Manager: list: Listing contexts for virtual host 'localhost'
20-Mar-2020 10:50:48.612 INFOS [http-nio-8080-exec-28] org.apache.catalina.core.ApplicationContext.log Manager: restart: Reloading web application '/A2-LoanService'
20-Mar-2020 10:54:50.977 INFOS [http-nio-8080-exec-36] org.apache.catalina.core.ApplicationContext.log Manager: list: Listing contexts for virtual host 'localhost'
20-Mar-2020 10:54:51.011 INFOS [http-nio-8080-exec-35] org.apache.catalina.core.ApplicationContext.log Manager: restart: Reloading web application '/A2-LoanService'
20-Mar-2020 10:55:47.240 INFOS [http-nio-8080-exec-25] org.apache.catalina.core.ApplicationContext.log Manager: list: Listing contexts for virtual host 'localhost'
20-Mar-2020 10:55:47.262 INFOS [http-nio-8080-exec-39] org.apache.catalina.core.ApplicationContext.log Manager: restart: Reloading web application '/A2-LoanService'
20-Mar-2020 10:56:01.754 INFOS [http-nio-8080-exec-45] org.apache.catalina.core.ApplicationContext.log Manager: list: Listing contexts for virtual host 'localhost'
20-Mar-2020 10:56:01.768 INFOS [http-nio-8080-exec-33] org.apache.catalina.core.ApplicationContext.log Manager: restart: Reloading web application '/A2-LoanService'
20-Mar-2020 10:56:01.769 GRAVE [http-nio-8080-exec-33] org.apache.catalina.core.ApplicationContext.log Manager: Erreur lors du rechargement de [/A2-LoanService]
	java.lang.IllegalStateException: Le contexte [/A2-LoanService] n'a pas encore été démarré
		at org.apache.catalina.core.StandardContext.reload(StandardContext.java:3741)
		at org.apache.catalina.manager.ManagerServlet.reload(ManagerServlet.java:1121)
		at org.apache.catalina.manager.ManagerServlet.doGet(ManagerServlet.java:365)
		at javax.servlet.http.HttpServlet.service(HttpServlet.java:634)
		at javax.servlet.http.HttpServlet.service(HttpServlet.java:741)
		at org.apache.catalina.core.ApplicationFilterChain.internalDoFilter(ApplicationFilterChain.java:231)
		at org.apache.catalina.core.ApplicationFilterChain.doFilter(ApplicationFilterChain.java:166)
		at org.apache.tomcat.websocket.server.WsFilter.doFilter(WsFilter.java:53)
		at org.apache.catalina.core.ApplicationFilterChain.internalDoFilter(ApplicationFilterChain.java:193)
		at org.apache.catalina.core.ApplicationFilterChain.doFilter(ApplicationFilterChain.java:166)
		at org.apache.catalina.core.StandardWrapperValve.invoke(StandardWrapperValve.java:202)
		at org.apache.catalina.core.StandardContextValve.invoke(StandardContextValve.java:96)
		at org.apache.catalina.authenticator.AuthenticatorBase.invoke(AuthenticatorBase.java:666)
		at org.apache.catalina.valves.RequestFilterValve.process(RequestFilterValve.java:348)
		at org.apache.catalina.valves.RemoteAddrValve.invoke(RemoteAddrValve.java:53)
		at org.apache.catalina.core.StandardHostValve.invoke(StandardHostValve.java:139)
		at org.apache.catalina.valves.ErrorReportValve.invoke(ErrorReportValve.java:92)
		at org.apache.catalina.valves.AbstractAccessLogValve.invoke(AbstractAccessLogValve.java:678)
		at org.apache.catalina.core.StandardEngineValve.invoke(StandardEngineValve.java:74)
		at org.apache.catalina.connector.CoyoteAdapter.service(CoyoteAdapter.java:343)
		at org.apache.coyote.http11.Http11Processor.service(Http11Processor.java:367)
		at org.apache.coyote.AbstractProcessorLight.process(AbstractProcessorLight.java:65)
		at org.apache.coyote.AbstractProtocol$ConnectionHandler.process(AbstractProtocol.java:860)
		at org.apache.tomcat.util.net.NioEndpoint$SocketProcessor.doRun(NioEndpoint.java:1598)
		at org.apache.tomcat.util.net.SocketProcessorBase.run(SocketProcessorBase.java:49)
		at java.util.concurrent.ThreadPoolExecutor.runWorker(ThreadPoolExecutor.java:1149)
		at java.util.concurrent.ThreadPoolExecutor$Worker.run(ThreadPoolExecutor.java:624)
		at org.apache.tomcat.util.threads.TaskThread$WrappingRunnable.run(TaskThread.java:61)
		at java.lang.Thread.run(Thread.java:748)
20-Mar-2020 10:56:29.327 INFOS [http-nio-8080-exec-46] org.apache.catalina.core.ApplicationContext.log Manager: list: Listing contexts for virtual host 'localhost'
20-Mar-2020 10:56:29.340 INFOS [http-nio-8080-exec-43] org.apache.catalina.core.ApplicationContext.log Manager: list: Listing contexts for virtual host 'localhost'
20-Mar-2020 10:56:29.364 INFOS [http-nio-8080-exec-45] org.apache.catalina.core.ApplicationContext.log Manager: undeploy: Undeploying web application at '/A2-LoanService'
20-Mar-2020 10:56:29.886 INFOS [http-nio-8080-exec-33] org.apache.catalina.core.ApplicationContext.log Manager: install: Installing context configuration at 'file:/var/folders/q9/r0kqgvws6mxcw59hj8ll3z2w0000gn/T/context8100967376976538184.xml'
20-Mar-2020 10:56:59.575 INFOS [http-nio-8080-exec-50] org.apache.catalina.core.ApplicationContext.log Manager: list: Listing contexts for virtual host 'localhost'
20-Mar-2020 10:56:59.590 INFOS [http-nio-8080-exec-51] org.apache.catalina.core.ApplicationContext.log Manager: list: Listing contexts for virtual host 'localhost'
20-Mar-2020 10:56:59.658 INFOS [http-nio-8080-exec-45] org.apache.catalina.core.ApplicationContext.log Manager: restart: Reloading web application '/A2-LoanService'
20-Mar-2020 10:56:59.658 GRAVE [http-nio-8080-exec-45] org.apache.catalina.core.ApplicationContext.log Manager: Erreur lors du rechargement de [/A2-LoanService]
	java.lang.IllegalStateException: Le contexte [/A2-LoanService] n'a pas encore été démarré
		at org.apache.catalina.core.StandardContext.reload(StandardContext.java:3741)
		at org.apache.catalina.manager.ManagerServlet.reload(ManagerServlet.java:1121)
		at org.apache.catalina.manager.ManagerServlet.doGet(ManagerServlet.java:365)
		at javax.servlet.http.HttpServlet.service(HttpServlet.java:634)
		at javax.servlet.http.HttpServlet.service(HttpServlet.java:741)
		at org.apache.catalina.core.ApplicationFilterChain.internalDoFilter(ApplicationFilterChain.java:231)
		at org.apache.catalina.core.ApplicationFilterChain.doFilter(ApplicationFilterChain.java:166)
		at org.apache.tomcat.websocket.server.WsFilter.doFilter(WsFilter.java:53)
		at org.apache.catalina.core.ApplicationFilterChain.internalDoFilter(ApplicationFilterChain.java:193)
		at org.apache.catalina.core.ApplicationFilterChain.doFilter(ApplicationFilterChain.java:166)
		at org.apache.catalina.core.StandardWrapperValve.invoke(StandardWrapperValve.java:202)
		at org.apache.catalina.core.StandardContextValve.invoke(StandardContextValve.java:96)
		at org.apache.catalina.authenticator.AuthenticatorBase.invoke(AuthenticatorBase.java:666)
		at org.apache.catalina.valves.RequestFilterValve.process(RequestFilterValve.java:348)
		at org.apache.catalina.valves.RemoteAddrValve.invoke(RemoteAddrValve.java:53)
		at org.apache.catalina.core.StandardHostValve.invoke(StandardHostValve.java:139)
		at org.apache.catalina.valves.ErrorReportValve.invoke(ErrorReportValve.java:92)
		at org.apache.catalina.valves.AbstractAccessLogValve.invoke(AbstractAccessLogValve.java:678)
		at org.apache.catalina.core.StandardEngineValve.invoke(StandardEngineValve.java:74)
		at org.apache.catalina.connector.CoyoteAdapter.service(CoyoteAdapter.java:343)
		at org.apache.coyote.http11.Http11Processor.service(Http11Processor.java:367)
		at org.apache.coyote.AbstractProcessorLight.process(AbstractProcessorLight.java:65)
		at org.apache.coyote.AbstractProtocol$ConnectionHandler.process(AbstractProtocol.java:860)
		at org.apache.tomcat.util.net.NioEndpoint$SocketProcessor.doRun(NioEndpoint.java:1598)
		at org.apache.tomcat.util.net.SocketProcessorBase.run(SocketProcessorBase.java:49)
		at java.util.concurrent.ThreadPoolExecutor.runWorker(ThreadPoolExecutor.java:1149)
		at java.util.concurrent.ThreadPoolExecutor$Worker.run(ThreadPoolExecutor.java:624)
		at org.apache.tomcat.util.threads.TaskThread$WrappingRunnable.run(TaskThread.java:61)
		at java.lang.Thread.run(Thread.java:748)
20-Mar-2020 10:57:10.624 INFOS [http-nio-8080-exec-51] org.apache.catalina.core.ApplicationContext.log Manager: list: Listing contexts for virtual host 'localhost'
20-Mar-2020 10:57:10.656 INFOS [http-nio-8080-exec-45] org.apache.catalina.core.ApplicationContext.log Manager: undeploy: Undeploying web application at '/A2-LoanService'
20-Mar-2020 10:57:17.223 INFOS [http-nio-8080-exec-52] org.apache.catalina.core.ApplicationContext.log Manager: list: Listing contexts for virtual host 'localhost'
20-Mar-2020 10:57:19.202 INFOS [http-nio-8080-exec-49] org.apache.catalina.core.ApplicationContext.log Manager: list: Listing contexts for virtual host 'localhost'
20-Mar-2020 10:57:36.714 INFOS [http-nio-8080-exec-54] org.apache.catalina.core.ApplicationContext.log Manager: list: Listing contexts for virtual host 'localhost'
20-Mar-2020 10:57:36.723 INFOS [http-nio-8080-exec-55] org.apache.catalina.core.ApplicationContext.log Manager: list: Listing contexts for virtual host 'localhost'
20-Mar-2020 10:57:36.754 INFOS [http-nio-8080-exec-52] org.apache.catalina.core.ApplicationContext.log Manager: install: Installing context configuration at 'file:/var/folders/q9/r0kqgvws6mxcw59hj8ll3z2w0000gn/T/context1144987013525898365.xml'
20-Mar-2020 10:58:32.293 INFOS [http-nio-8080-exec-54] org.apache.catalina.core.ApplicationContext.log Manager: list: Listing contexts for virtual host 'localhost'
20-Mar-2020 10:58:32.303 INFOS [http-nio-8080-exec-53] org.apache.catalina.core.ApplicationContext.log Manager: list: Listing contexts for virtual host 'localhost'
20-Mar-2020 10:58:32.351 INFOS [http-nio-8080-exec-49] org.apache.catalina.core.ApplicationContext.log Manager: undeploy: Undeploying web application at '/A2-LoanService'
20-Mar-2020 10:58:32.874 INFOS [http-nio-8080-exec-34] org.apache.catalina.core.ApplicationContext.log Manager: install: Installing context configuration at 'file:/var/folders/q9/r0kqgvws6mxcw59hj8ll3z2w0000gn/T/context1659987491544555776.xml'
20-Mar-2020 10:58:54.070 INFOS [http-nio-8080-exec-60] org.apache.catalina.core.ApplicationContext.log Manager: list: Listing contexts for virtual host 'localhost'
20-Mar-2020 10:58:54.107 INFOS [http-nio-8080-exec-61] org.apache.catalina.core.ApplicationContext.log Manager: undeploy: Undeploying web application at '/A2-LoanService'
20-Mar-2020 10:58:59.594 INFOS [http-nio-8080-exec-58] org.apache.catalina.core.ApplicationContext.log Manager: list: Listing contexts for virtual host 'localhost'
20-Mar-2020 10:59:01.597 INFOS [http-nio-8080-exec-63] org.apache.catalina.core.ApplicationContext.log Manager: list: Listing contexts for virtual host 'localhost'
20-Mar-2020 10:59:50.656 INFOS [http-nio-8080-exec-62] org.apache.catalina.core.ApplicationContext.log Manager: list: Listing contexts for virtual host 'localhost'
20-Mar-2020 10:59:50.669 INFOS [http-nio-8080-exec-60] org.apache.catalina.core.ApplicationContext.log Manager: list: Listing contexts for virtual host 'localhost'
20-Mar-2020 10:59:50.721 INFOS [http-nio-8080-exec-61] org.apache.catalina.core.ApplicationContext.log Manager: install: Installing context configuration at 'file:/var/folders/q9/r0kqgvws6mxcw59hj8ll3z2w0000gn/T/context6200503998077015728.xml'
20-Mar-2020 11:03:23.224 INFOS [http-nio-8080-exec-62] org.apache.catalina.core.ApplicationContext.log Manager: list: Listing contexts for virtual host 'localhost'
20-Mar-2020 11:03:23.242 INFOS [http-nio-8080-exec-66] org.apache.catalina.core.ApplicationContext.log Manager: list: Listing contexts for virtual host 'localhost'
20-Mar-2020 11:03:23.340 INFOS [http-nio-8080-exec-71] org.apache.catalina.core.ApplicationContext.log Manager: undeploy: Undeploying web application at '/A2-LoanService'
20-Mar-2020 11:03:23.866 INFOS [http-nio-8080-exec-67] org.apache.catalina.core.ApplicationContext.log Manager: install: Installing context configuration at 'file:/var/folders/q9/r0kqgvws6mxcw59hj8ll3z2w0000gn/T/context5482866348853741496.xml'
20-Mar-2020 11:04:10.724 INFOS [http-nio-8080-exec-66] org.apache.catalina.core.ApplicationContext.log Manager: list: Listing contexts for virtual host 'localhost'
20-Mar-2020 11:04:10.735 INFOS [http-nio-8080-exec-68] org.apache.catalina.core.ApplicationContext.log Manager: list: Listing contexts for virtual host 'localhost'
20-Mar-2020 11:04:10.751 INFOS [http-nio-8080-exec-73] org.apache.catalina.core.ApplicationContext.log Manager: undeploy: Undeploying web application at '/A2-LoanService'
20-Mar-2020 11:04:11.302 INFOS [http-nio-8080-exec-74] org.apache.catalina.core.ApplicationContext.log Manager: install: Installing context configuration at 'file:/var/folders/q9/r0kqgvws6mxcw59hj8ll3z2w0000gn/T/context3465976582515883298.xml'
20-Mar-2020 11:04:28.928 INFOS [http-nio-8080-exec-66] org.apache.catalina.core.ApplicationContext.log Manager: list: Listing contexts for virtual host 'localhost'
20-Mar-2020 11:04:28.950 INFOS [http-nio-8080-exec-68] org.apache.catalina.core.ApplicationContext.log Manager: list: Listing contexts for virtual host 'localhost'
20-Mar-2020 11:04:29.617 INFOS [http-nio-8080-exec-76] org.apache.catalina.core.ApplicationContext.log Manager: undeploy: Undeploying web application at '/A2-LoanService'
20-Mar-2020 11:04:29.626 INFOS [http-nio-8080-exec-75] org.apache.catalina.core.ApplicationContext.log Manager: list: Listing contexts for virtual host 'localhost'
20-Mar-2020 11:04:29.647 INFOS [http-nio-8080-exec-73] org.apache.catalina.core.ApplicationContext.log Manager: list: Listing contexts for virtual host 'localhost'
20-Mar-2020 11:04:30.134 INFOS [http-nio-8080-exec-57] org.apache.catalina.core.ApplicationContext.log Manager: install: Installing context configuration at 'file:/var/folders/q9/r0kqgvws6mxcw59hj8ll3z2w0000gn/T/context636024866349322299.xml'
20-Mar-2020 11:04:43.769 INFOS [http-nio-8080-exec-71] org.apache.catalina.core.ApplicationContext.log Manager: undeploy: Undeploying web application at '/A2-LoanService'
20-Mar-2020 11:04:44.942 INFOS [http-nio-8080-exec-78] org.apache.catalina.core.ApplicationContext.log Manager: install: Installing context configuration at 'file:/var/folders/q9/r0kqgvws6mxcw59hj8ll3z2w0000gn/T/context3177021362802278494.xml'
20-Mar-2020 11:04:51.869 INFOS [http-nio-8080-exec-80] org.apache.catalina.core.ApplicationContext.log Manager: list: Listing contexts for virtual host 'localhost'
20-Mar-2020 11:04:56.025 INFOS [http-nio-8080-exec-81] org.apache.catalina.core.ApplicationContext.log Manager: undeploy: Undeploying web application at '/A2-LoanService'
20-Mar-2020 11:04:56.601 INFOS [http-nio-8080-exec-74] org.apache.catalina.core.ApplicationContext.log Manager: start: Starting web application '/A2-LoanService'
20-Mar-2020 11:05:03.480 INFOS [http-nio-8080-exec-62] org.apache.catalina.core.ApplicationContext.log Manager: list: Listing contexts for virtual host 'localhost'
20-Mar-2020 11:05:05.454 INFOS [http-nio-8080-exec-62] org.apache.catalina.core.ApplicationContext.log Manager: list: Listing contexts for virtual host 'localhost'
20-Mar-2020 11:05:23.380 INFOS [http-nio-8080-exec-77] org.apache.catalina.core.ApplicationContext.log Manager: list: Listing contexts for virtual host 'localhost'
20-Mar-2020 11:05:23.388 INFOS [http-nio-8080-exec-83] org.apache.catalina.core.ApplicationContext.log Manager: list: Listing contexts for virtual host 'localhost'
20-Mar-2020 11:05:23.419 INFOS [http-nio-8080-exec-75] org.apache.catalina.core.ApplicationContext.log Manager: install: Installing context configuration at 'file:/var/folders/q9/r0kqgvws6mxcw59hj8ll3z2w0000gn/T/context1869917739577780910.xml'
20-Mar-2020 11:05:31.171 INFOS [http-nio-8080-exec-62] org.apache.catalina.core.ApplicationContext.log Manager: start: Starting web application '/A2-LoanService'
