11-Mar-2020 15:00:36.176 INFOS [main] org.apache.catalina.startup.VersionLoggerListener.log Version du serveur:        Apache Tomcat/9.0.30
11-Mar-2020 15:00:36.184 INFOS [main] org.apache.catalina.startup.VersionLoggerListener.log Serveur compilé:       Dec 7 2019 16:42:04 UTC
11-Mar-2020 15:00:36.184 INFOS [main] org.apache.catalina.startup.VersionLoggerListener.log Version du serveur:      9.0.30.0
11-Mar-2020 15:00:36.185 INFOS [main] org.apache.catalina.startup.VersionLoggerListener.log Nom de l'OS:           Mac OS X
11-Mar-2020 15:00:36.185 INFOS [main] org.apache.catalina.startup.VersionLoggerListener.log Version de l'OS:        10.15.3
11-Mar-2020 15:00:36.185 INFOS [main] org.apache.catalina.startup.VersionLoggerListener.log Architecture:          x86_64
11-Mar-2020 15:00:36.185 INFOS [main] org.apache.catalina.startup.VersionLoggerListener.log Répertoire de Java:     /Library/Java/JavaVirtualMachines/jdk1.8.0_141.jdk/Contents/Home/jre
11-Mar-2020 15:00:36.185 INFOS [main] org.apache.catalina.startup.VersionLoggerListener.log Version de la JVM:           1.8.0_141-b15
11-Mar-2020 15:00:36.185 INFOS [main] org.apache.catalina.startup.VersionLoggerListener.log Fournisseur de la JVM:            Oracle Corporation
11-Mar-2020 15:00:36.185 INFOS [main] org.apache.catalina.startup.VersionLoggerListener.log CATALINA_BASE:         /Users/Airi/Documents/SOEN487-Projects/Tutorial/apache-tomcat-9.0.30
11-Mar-2020 15:00:36.185 INFOS [main] org.apache.catalina.startup.VersionLoggerListener.log CATALINA_HOME:         /Users/Airi/Documents/SOEN487-Projects/Tutorial/apache-tomcat-9.0.30
11-Mar-2020 15:00:36.188 INFOS [main] org.apache.catalina.startup.VersionLoggerListener.log Argument de la ligne de commande: -Djava.util.logging.config.file=/Users/Airi/Documents/SOEN487-Projects/Tutorial/apache-tomcat-9.0.30/conf/logging.properties
11-Mar-2020 15:00:36.188 INFOS [main] org.apache.catalina.startup.VersionLoggerListener.log Argument de la ligne de commande: -Djava.util.logging.manager=org.apache.juli.ClassLoaderLogManager
11-Mar-2020 15:00:36.189 INFOS [main] org.apache.catalina.startup.VersionLoggerListener.log Argument de la ligne de commande: -Dhttp.nonProxyHosts=localhost|127.0.0.1|airis-mbp.wireless.concordia.ca
11-Mar-2020 15:00:36.189 INFOS [main] org.apache.catalina.startup.VersionLoggerListener.log Argument de la ligne de commande: -Djdk.tls.ephemeralDHKeySize=2048
11-Mar-2020 15:00:36.189 INFOS [main] org.apache.catalina.startup.VersionLoggerListener.log Argument de la ligne de commande: -Djava.protocol.handler.pkgs=org.apache.catalina.webresources
11-Mar-2020 15:00:36.189 INFOS [main] org.apache.catalina.startup.VersionLoggerListener.log Argument de la ligne de commande: -Dorg.apache.catalina.security.SecurityListener.UMASK=0027
11-Mar-2020 15:00:36.189 INFOS [main] org.apache.catalina.startup.VersionLoggerListener.log Argument de la ligne de commande: -Dignore.endorsed.dirs=
11-Mar-2020 15:00:36.189 INFOS [main] org.apache.catalina.startup.VersionLoggerListener.log Argument de la ligne de commande: -Dcatalina.base=/Users/Airi/Documents/SOEN487-Projects/Tutorial/apache-tomcat-9.0.30
11-Mar-2020 15:00:36.189 INFOS [main] org.apache.catalina.startup.VersionLoggerListener.log Argument de la ligne de commande: -Dcatalina.home=/Users/Airi/Documents/SOEN487-Projects/Tutorial/apache-tomcat-9.0.30
11-Mar-2020 15:00:36.189 INFOS [main] org.apache.catalina.startup.VersionLoggerListener.log Argument de la ligne de commande: -Djava.io.tmpdir=/Users/Airi/Documents/SOEN487-Projects/Tutorial/apache-tomcat-9.0.30/temp
11-Mar-2020 15:00:36.190 INFOS [main] org.apache.catalina.core.AprLifecycleListener.lifecycleEvent La librairie Apache Tomcat Native basée sur APR qui permet des performances optimales dans les environnements de production n'a pas été trouvée sur le java.library.path: [/Users/Airi/Library/Java/Extensions:/Library/Java/Extensions:/Network/Library/Java/Extensions:/System/Library/Java/Extensions:/usr/lib/java:.]
11-Mar-2020 15:00:37.513 INFOS [main] org.apache.coyote.AbstractProtocol.init Initialisation du gestionnaire de protocole ["http-nio-8080"]
11-Mar-2020 15:00:37.695 INFOS [main] org.apache.coyote.AbstractProtocol.init Initialisation du gestionnaire de protocole ["ajp-nio-8009"]
11-Mar-2020 15:00:37.711 INFOS [main] org.apache.catalina.startup.Catalina.load L'initialisation du serveur a pris [2 179] millisecondes
11-Mar-2020 15:00:37.841 INFOS [main] org.apache.catalina.core.StandardService.startInternal Démarrage du service [Catalina]
11-Mar-2020 15:00:37.842 INFOS [main] org.apache.catalina.core.StandardEngine.startInternal Démarrage du moteur de Servlets: [Apache Tomcat/9.0.30]
11-Mar-2020 15:00:37.874 INFOS [main] org.apache.catalina.startup.HostConfig.deployDescriptor Déploiement du descripteur de configuration [/Users/Airi/Documents/SOEN487-Projects/Tutorial/apache-tomcat-9.0.30/conf/Catalina/localhost/A1-LibraryServiceTest.xml]
11-Mar-2020 15:00:37.921 AVERTISSEMENT [main] org.apache.catalina.startup.HostConfig.deployDescriptor L'attribut path avec la valeur [/A1-LibraryServiceTest] dans le descripteur de déploiement [/Users/Airi/Documents/SOEN487-Projects/Tutorial/apache-tomcat-9.0.30/conf/Catalina/localhost/A1-LibraryServiceTest.xml] a été ignoré
11-Mar-2020 15:00:38.044 GRAVE [main] org.apache.catalina.startup.HostConfig.deployDescriptor Erreur lors du déploiement du descripteur de configuration [/Users/Airi/Documents/SOEN487-Projects/Tutorial/apache-tomcat-9.0.30/conf/Catalina/localhost/A1-LibraryServiceTest.xml]
	java.lang.IllegalStateException: Erreur lors du démarrage du conteneur fils
		at org.apache.catalina.core.ContainerBase.addChildInternal(ContainerBase.java:720)
		at org.apache.catalina.core.ContainerBase.addChild(ContainerBase.java:690)
		at org.apache.catalina.core.StandardHost.addChild(StandardHost.java:705)
		at org.apache.catalina.startup.HostConfig.deployDescriptor(HostConfig.java:631)
		at org.apache.catalina.startup.HostConfig$DeployDescriptor.run(HostConfig.java:1831)
		at java.util.concurrent.Executors$RunnableAdapter.call(Executors.java:511)
		at java.util.concurrent.FutureTask.run(FutureTask.java:266)
		at org.apache.tomcat.util.threads.InlineExecutorService.execute(InlineExecutorService.java:75)
		at java.util.concurrent.AbstractExecutorService.submit(AbstractExecutorService.java:112)
		at org.apache.catalina.startup.HostConfig.deployDescriptors(HostConfig.java:526)
		at org.apache.catalina.startup.HostConfig.deployApps(HostConfig.java:425)
		at org.apache.catalina.startup.HostConfig.start(HostConfig.java:1576)
		at org.apache.catalina.startup.HostConfig.lifecycleEvent(HostConfig.java:309)
		at org.apache.catalina.util.LifecycleBase.fireLifecycleEvent(LifecycleBase.java:123)
		at org.apache.catalina.util.LifecycleBase.setStateInternal(LifecycleBase.java:423)
		at org.apache.catalina.util.LifecycleBase.setState(LifecycleBase.java:366)
		at org.apache.catalina.core.ContainerBase.startInternal(ContainerBase.java:936)
		at org.apache.catalina.core.StandardHost.startInternal(StandardHost.java:841)
		at org.apache.catalina.util.LifecycleBase.start(LifecycleBase.java:183)
		at org.apache.catalina.core.ContainerBase$StartChild.call(ContainerBase.java:1384)
		at org.apache.catalina.core.ContainerBase$StartChild.call(ContainerBase.java:1374)
		at java.util.concurrent.FutureTask.run(FutureTask.java:266)
		at org.apache.tomcat.util.threads.InlineExecutorService.execute(InlineExecutorService.java:75)
		at java.util.concurrent.AbstractExecutorService.submit(AbstractExecutorService.java:134)
		at org.apache.catalina.core.ContainerBase.startInternal(ContainerBase.java:909)
		at org.apache.catalina.core.StandardEngine.startInternal(StandardEngine.java:262)
		at org.apache.catalina.util.LifecycleBase.start(LifecycleBase.java:183)
		at org.apache.catalina.core.StandardService.startInternal(StandardService.java:421)
		at org.apache.catalina.util.LifecycleBase.start(LifecycleBase.java:183)
		at org.apache.catalina.core.StandardServer.startInternal(StandardServer.java:930)
		at org.apache.catalina.util.LifecycleBase.start(LifecycleBase.java:183)
		at org.apache.catalina.startup.Catalina.start(Catalina.java:633)
		at sun.reflect.NativeMethodAccessorImpl.invoke0(Native Method)
		at sun.reflect.NativeMethodAccessorImpl.invoke(NativeMethodAccessorImpl.java:62)
		at sun.reflect.DelegatingMethodAccessorImpl.invoke(DelegatingMethodAccessorImpl.java:43)
		at java.lang.reflect.Method.invoke(Method.java:498)
		at org.apache.catalina.startup.Bootstrap.start(Bootstrap.java:343)
		at org.apache.catalina.startup.Bootstrap.main(Bootstrap.java:474)
	Caused by: org.apache.catalina.LifecycleException: Echec de démarrage du composant [org.apache.catalina.webresources.StandardRoot@491cc5c9]
		at org.apache.catalina.util.LifecycleBase.handleSubClassException(LifecycleBase.java:440)
		at org.apache.catalina.util.LifecycleBase.start(LifecycleBase.java:198)
		at org.apache.catalina.core.StandardContext.resourcesStart(StandardContext.java:4800)
		at org.apache.catalina.core.StandardContext.startInternal(StandardContext.java:4935)
		at org.apache.catalina.util.LifecycleBase.start(LifecycleBase.java:183)
		at org.apache.catalina.core.ContainerBase.addChildInternal(ContainerBase.java:717)
		... 37 more
	Caused by: java.lang.IllegalArgumentException: L'ensemble de ressources principal [/Users/Airi/Documents/SOEN487-Projects/Assignment1/A1-LibraryServiceTest/build/web] est invalide
		at org.apache.catalina.webresources.StandardRoot.createMainResourceSet(StandardRoot.java:752)
		at org.apache.catalina.webresources.StandardRoot.startInternal(StandardRoot.java:709)
		at org.apache.catalina.util.LifecycleBase.start(LifecycleBase.java:183)
		... 41 more
11-Mar-2020 15:00:38.047 INFOS [main] org.apache.catalina.startup.HostConfig.deployDescriptor Le traitement du descripteur de déploiement [/Users/Airi/Documents/SOEN487-Projects/Tutorial/apache-tomcat-9.0.30/conf/Catalina/localhost/A1-LibraryServiceTest.xml] a pris [174] ms
11-Mar-2020 15:00:38.048 INFOS [main] org.apache.catalina.startup.HostConfig.deployDescriptor Déploiement du descripteur de configuration [/Users/Airi/Documents/SOEN487-Projects/Tutorial/apache-tomcat-9.0.30/conf/Catalina/localhost/HelloWorldJersey.xml]
11-Mar-2020 15:00:38.051 AVERTISSEMENT [main] org.apache.catalina.startup.HostConfig.deployDescriptor L'attribut path avec la valeur [/HelloWorldJersey] dans le descripteur de déploiement [/Users/Airi/Documents/SOEN487-Projects/Tutorial/apache-tomcat-9.0.30/conf/Catalina/localhost/HelloWorldJersey.xml] a été ignoré
11-Mar-2020 15:00:41.956 INFOS [main] org.apache.jasper.servlet.TldScanner.scanJars Au moins un fichier JAR a été analysé pour trouver des TLDs mais il n'en contenait pas, le mode "debug" du journal peut être activé pour obtenir une liste complète de JAR scannés sans succès; éviter d'analyser des JARs inutilement peut améliorer sensiblement le temps de démarrage et le temps de compilation des JSPs
11-Mar-2020 15:00:43.810 INFOS [main] org.glassfish.jersey.server.ApplicationHandler.initialize Initiating Jersey application, version Jersey: 2.5.1 2014-01-02 13:43:00...
11-Mar-2020 15:00:45.400 INFOS [main] org.apache.catalina.startup.HostConfig.deployDescriptor Le traitement du descripteur de déploiement [/Users/Airi/Documents/SOEN487-Projects/Tutorial/apache-tomcat-9.0.30/conf/Catalina/localhost/HelloWorldJersey.xml] a pris [7 352] ms
11-Mar-2020 15:00:45.400 INFOS [main] org.apache.catalina.startup.HostConfig.deployDescriptor Déploiement du descripteur de configuration [/Users/Airi/Documents/SOEN487-Projects/Tutorial/apache-tomcat-9.0.30/conf/Catalina/localhost/HelloWorld1.xml]
11-Mar-2020 15:00:45.403 AVERTISSEMENT [main] org.apache.catalina.startup.HostConfig.deployDescriptor L'attribut path avec la valeur [/HelloWorld1] dans le descripteur de déploiement [/Users/Airi/Documents/SOEN487-Projects/Tutorial/apache-tomcat-9.0.30/conf/Catalina/localhost/HelloWorld1.xml] a été ignoré
11-Mar-2020 15:00:45.449 INFOS [main] org.apache.catalina.startup.HostConfig.deployDescriptor Le traitement du descripteur de déploiement [/Users/Airi/Documents/SOEN487-Projects/Tutorial/apache-tomcat-9.0.30/conf/Catalina/localhost/HelloWorld1.xml] a pris [48] ms
11-Mar-2020 15:00:45.449 INFOS [main] org.apache.catalina.startup.HostConfig.deployDescriptor Déploiement du descripteur de configuration [/Users/Airi/Documents/SOEN487-Projects/Tutorial/apache-tomcat-9.0.30/conf/Catalina/localhost/A1-LibraryService.xml]
11-Mar-2020 15:00:45.451 AVERTISSEMENT [main] org.apache.catalina.startup.HostConfig.deployDescriptor L'attribut path avec la valeur [/A1-LibraryService] dans le descripteur de déploiement [/Users/Airi/Documents/SOEN487-Projects/Tutorial/apache-tomcat-9.0.30/conf/Catalina/localhost/A1-LibraryService.xml] a été ignoré
11-Mar-2020 15:00:48.808 INFOS [main] org.glassfish.jersey.servlet.init.JerseyServletContainerInitializer.addServletWithApplication Registering the Jersey servlet application, named a1.libraryservice.ApplicationConfig, at the servlet mapping /webresources/*, with the Application class of the same name.
11-Mar-2020 15:00:48.868 INFOS [main] org.apache.jasper.servlet.TldScanner.scanJars Au moins un fichier JAR a été analysé pour trouver des TLDs mais il n'en contenait pas, le mode "debug" du journal peut être activé pour obtenir une liste complète de JAR scannés sans succès; éviter d'analyser des JARs inutilement peut améliorer sensiblement le temps de démarrage et le temps de compilation des JSPs
11-Mar-2020 15:00:49.802 INFOS [main] org.glassfish.jersey.server.ApplicationHandler.initialize Initiating Jersey application, version Jersey: 2.5.1 2014-01-02 13:43:00...
11-Mar-2020 15:00:51.109 INFOS [main] org.apache.catalina.startup.HostConfig.deployDescriptor Le traitement du descripteur de déploiement [/Users/Airi/Documents/SOEN487-Projects/Tutorial/apache-tomcat-9.0.30/conf/Catalina/localhost/A1-LibraryService.xml] a pris [5 659] ms
11-Mar-2020 15:00:51.110 INFOS [main] org.apache.catalina.startup.HostConfig.deployDescriptor Déploiement du descripteur de configuration [/Users/Airi/Documents/SOEN487-Projects/Tutorial/apache-tomcat-9.0.30/conf/Catalina/localhost/A1-LibraryService1.xml]
11-Mar-2020 15:00:51.116 AVERTISSEMENT [main] org.apache.catalina.startup.HostConfig.deployDescriptor L'attribut path avec la valeur [/A1-LibraryService1] dans le descripteur de déploiement [/Users/Airi/Documents/SOEN487-Projects/Tutorial/apache-tomcat-9.0.30/conf/Catalina/localhost/A1-LibraryService1.xml] a été ignoré
11-Mar-2020 15:00:51.136 GRAVE [main] org.apache.catalina.startup.HostConfig.deployDescriptor Erreur lors du déploiement du descripteur de configuration [/Users/Airi/Documents/SOEN487-Projects/Tutorial/apache-tomcat-9.0.30/conf/Catalina/localhost/A1-LibraryService1.xml]
	java.lang.IllegalStateException: Erreur lors du démarrage du conteneur fils
		at org.apache.catalina.core.ContainerBase.addChildInternal(ContainerBase.java:720)
		at org.apache.catalina.core.ContainerBase.addChild(ContainerBase.java:690)
		at org.apache.catalina.core.StandardHost.addChild(StandardHost.java:705)
		at org.apache.catalina.startup.HostConfig.deployDescriptor(HostConfig.java:631)
		at org.apache.catalina.startup.HostConfig$DeployDescriptor.run(HostConfig.java:1831)
		at java.util.concurrent.Executors$RunnableAdapter.call(Executors.java:511)
		at java.util.concurrent.FutureTask.run(FutureTask.java:266)
		at org.apache.tomcat.util.threads.InlineExecutorService.execute(InlineExecutorService.java:75)
		at java.util.concurrent.AbstractExecutorService.submit(AbstractExecutorService.java:112)
		at org.apache.catalina.startup.HostConfig.deployDescriptors(HostConfig.java:526)
		at org.apache.catalina.startup.HostConfig.deployApps(HostConfig.java:425)
		at org.apache.catalina.startup.HostConfig.start(HostConfig.java:1576)
		at org.apache.catalina.startup.HostConfig.lifecycleEvent(HostConfig.java:309)
		at org.apache.catalina.util.LifecycleBase.fireLifecycleEvent(LifecycleBase.java:123)
		at org.apache.catalina.util.LifecycleBase.setStateInternal(LifecycleBase.java:423)
		at org.apache.catalina.util.LifecycleBase.setState(LifecycleBase.java:366)
		at org.apache.catalina.core.ContainerBase.startInternal(ContainerBase.java:936)
		at org.apache.catalina.core.StandardHost.startInternal(StandardHost.java:841)
		at org.apache.catalina.util.LifecycleBase.start(LifecycleBase.java:183)
		at org.apache.catalina.core.ContainerBase$StartChild.call(ContainerBase.java:1384)
		at org.apache.catalina.core.ContainerBase$StartChild.call(ContainerBase.java:1374)
		at java.util.concurrent.FutureTask.run(FutureTask.java:266)
		at org.apache.tomcat.util.threads.InlineExecutorService.execute(InlineExecutorService.java:75)
		at java.util.concurrent.AbstractExecutorService.submit(AbstractExecutorService.java:134)
		at org.apache.catalina.core.ContainerBase.startInternal(ContainerBase.java:909)
		at org.apache.catalina.core.StandardEngine.startInternal(StandardEngine.java:262)
		at org.apache.catalina.util.LifecycleBase.start(LifecycleBase.java:183)
		at org.apache.catalina.core.StandardService.startInternal(StandardService.java:421)
		at org.apache.catalina.util.LifecycleBase.start(LifecycleBase.java:183)
		at org.apache.catalina.core.StandardServer.startInternal(StandardServer.java:930)
		at org.apache.catalina.util.LifecycleBase.start(LifecycleBase.java:183)
		at org.apache.catalina.startup.Catalina.start(Catalina.java:633)
		at sun.reflect.NativeMethodAccessorImpl.invoke0(Native Method)
		at sun.reflect.NativeMethodAccessorImpl.invoke(NativeMethodAccessorImpl.java:62)
		at sun.reflect.DelegatingMethodAccessorImpl.invoke(DelegatingMethodAccessorImpl.java:43)
		at java.lang.reflect.Method.invoke(Method.java:498)
		at org.apache.catalina.startup.Bootstrap.start(Bootstrap.java:343)
		at org.apache.catalina.startup.Bootstrap.main(Bootstrap.java:474)
	Caused by: org.apache.catalina.LifecycleException: Echec de démarrage du composant [org.apache.catalina.webresources.StandardRoot@6a2cd5ea]
		at org.apache.catalina.util.LifecycleBase.handleSubClassException(LifecycleBase.java:440)
		at org.apache.catalina.util.LifecycleBase.start(LifecycleBase.java:198)
		at org.apache.catalina.core.StandardContext.resourcesStart(StandardContext.java:4800)
		at org.apache.catalina.core.StandardContext.startInternal(StandardContext.java:4935)
		at org.apache.catalina.util.LifecycleBase.start(LifecycleBase.java:183)
		at org.apache.catalina.core.ContainerBase.addChildInternal(ContainerBase.java:717)
		... 37 more
	Caused by: java.lang.IllegalArgumentException: L'ensemble de ressources principal [/Users/Airi/Documents/SOEN487-Projects/Assignment1/A1-LibraryService1/build/web] est invalide
		at org.apache.catalina.webresources.StandardRoot.createMainResourceSet(StandardRoot.java:752)
		at org.apache.catalina.webresources.StandardRoot.startInternal(StandardRoot.java:709)
		at org.apache.catalina.util.LifecycleBase.start(LifecycleBase.java:183)
		... 41 more
11-Mar-2020 15:00:51.140 INFOS [main] org.apache.catalina.startup.HostConfig.deployDescriptor Le traitement du descripteur de déploiement [/Users/Airi/Documents/SOEN487-Projects/Tutorial/apache-tomcat-9.0.30/conf/Catalina/localhost/A1-LibraryService1.xml] a pris [29] ms
11-Mar-2020 15:00:51.140 INFOS [main] org.apache.catalina.startup.HostConfig.deployDescriptor Déploiement du descripteur de configuration [/Users/Airi/Documents/SOEN487-Projects/Tutorial/apache-tomcat-9.0.30/conf/Catalina/localhost/A1-LibraryClient.xml]
11-Mar-2020 15:00:51.144 AVERTISSEMENT [main] org.apache.catalina.startup.HostConfig.deployDescriptor L'attribut path avec la valeur [/A1-LibraryClient] dans le descripteur de déploiement [/Users/Airi/Documents/SOEN487-Projects/Tutorial/apache-tomcat-9.0.30/conf/Catalina/localhost/A1-LibraryClient.xml] a été ignoré
11-Mar-2020 15:00:54.167 INFOS [main] org.apache.jasper.servlet.TldScanner.scanJars Au moins un fichier JAR a été analysé pour trouver des TLDs mais il n'en contenait pas, le mode "debug" du journal peut être activé pour obtenir une liste complète de JAR scannés sans succès; éviter d'analyser des JARs inutilement peut améliorer sensiblement le temps de démarrage et le temps de compilation des JSPs
11-Mar-2020 15:00:54.174 INFOS [main] org.apache.catalina.startup.HostConfig.deployDescriptor Le traitement du descripteur de déploiement [/Users/Airi/Documents/SOEN487-Projects/Tutorial/apache-tomcat-9.0.30/conf/Catalina/localhost/A1-LibraryClient.xml] a pris [3 034] ms
11-Mar-2020 15:00:54.178 INFOS [main] org.apache.catalina.startup.HostConfig.deployDirectory Déploiement du répertoire d'application web [/Users/Airi/Documents/SOEN487-Projects/Tutorial/apache-tomcat-9.0.30/webapps/docs]
11-Mar-2020 15:00:54.213 INFOS [main] org.apache.catalina.startup.HostConfig.deployDirectory Le déploiement du répertoire [/Users/Airi/Documents/SOEN487-Projects/Tutorial/apache-tomcat-9.0.30/webapps/docs] de l'application web s'est terminé en [36] ms
11-Mar-2020 15:00:54.213 INFOS [main] org.apache.catalina.startup.HostConfig.deployDirectory Déploiement du répertoire d'application web [/Users/Airi/Documents/SOEN487-Projects/Tutorial/apache-tomcat-9.0.30/webapps/manager]
11-Mar-2020 15:00:54.293 INFOS [main] org.apache.catalina.startup.HostConfig.deployDirectory Le déploiement du répertoire [/Users/Airi/Documents/SOEN487-Projects/Tutorial/apache-tomcat-9.0.30/webapps/manager] de l'application web s'est terminé en [79] ms
11-Mar-2020 15:00:54.294 INFOS [main] org.apache.catalina.startup.HostConfig.deployDirectory Déploiement du répertoire d'application web [/Users/Airi/Documents/SOEN487-Projects/Tutorial/apache-tomcat-9.0.30/webapps/examples]
11-Mar-2020 15:00:54.894 INFOS [main] org.apache.catalina.startup.HostConfig.deployDirectory Le déploiement du répertoire [/Users/Airi/Documents/SOEN487-Projects/Tutorial/apache-tomcat-9.0.30/webapps/examples] de l'application web s'est terminé en [600] ms
11-Mar-2020 15:00:54.899 INFOS [main] org.apache.catalina.startup.HostConfig.deployDirectory Déploiement du répertoire d'application web [/Users/Airi/Documents/SOEN487-Projects/Tutorial/apache-tomcat-9.0.30/webapps/host-manager]
11-Mar-2020 15:00:54.944 INFOS [main] org.apache.catalina.startup.HostConfig.deployDirectory Le déploiement du répertoire [/Users/Airi/Documents/SOEN487-Projects/Tutorial/apache-tomcat-9.0.30/webapps/host-manager] de l'application web s'est terminé en [45] ms
11-Mar-2020 15:00:54.954 INFOS [main] org.apache.coyote.AbstractProtocol.start Démarrage du gestionnaire de protocole ["http-nio-8080"]
11-Mar-2020 15:00:54.982 INFOS [main] org.apache.coyote.AbstractProtocol.start Démarrage du gestionnaire de protocole ["ajp-nio-8009"]
11-Mar-2020 15:00:55.055 INFOS [main] org.apache.catalina.startup.Catalina.start Le démarrage du serveur a pris [17 342] millisecondes
11-Mar-2020 15:01:35.127 INFOS [http-nio-8080-exec-4] org.apache.catalina.startup.HostConfig.undeploy Retrait de l'application web ayant pour chemin de contexte [/A1-LibraryService]
11-Mar-2020 15:01:35.174 INFOS [http-nio-8080-exec-9] org.apache.catalina.startup.HostConfig.deployDescriptor Déploiement du descripteur de configuration [/Users/Airi/Documents/SOEN487-Projects/Tutorial/apache-tomcat-9.0.30/conf/Catalina/localhost/A1-LibraryService.xml]
11-Mar-2020 15:01:35.177 AVERTISSEMENT [http-nio-8080-exec-9] org.apache.catalina.startup.HostConfig.deployDescriptor L'attribut path avec la valeur [/A1-LibraryService] dans le descripteur de déploiement [/Users/Airi/Documents/SOEN487-Projects/Tutorial/apache-tomcat-9.0.30/conf/Catalina/localhost/A1-LibraryService.xml] a été ignoré
11-Mar-2020 15:01:39.042 INFOS [http-nio-8080-exec-9] org.glassfish.jersey.servlet.init.JerseyServletContainerInitializer.addServletWithApplication Registering the Jersey servlet application, named a1.libraryservice.ApplicationConfig, at the servlet mapping /webresources/*, with the Application class of the same name.
11-Mar-2020 15:01:39.099 INFOS [http-nio-8080-exec-9] org.apache.jasper.servlet.TldScanner.scanJars Au moins un fichier JAR a été analysé pour trouver des TLDs mais il n'en contenait pas, le mode "debug" du journal peut être activé pour obtenir une liste complète de JAR scannés sans succès; éviter d'analyser des JARs inutilement peut améliorer sensiblement le temps de démarrage et le temps de compilation des JSPs
11-Mar-2020 15:01:39.950 INFOS [http-nio-8080-exec-9] org.glassfish.jersey.server.ApplicationHandler.initialize Initiating Jersey application, version Jersey: 2.5.1 2014-01-02 13:43:00...
11-Mar-2020 15:01:40.685 INFOS [http-nio-8080-exec-9] org.apache.catalina.startup.HostConfig.deployDescriptor Le traitement du descripteur de déploiement [/Users/Airi/Documents/SOEN487-Projects/Tutorial/apache-tomcat-9.0.30/conf/Catalina/localhost/A1-LibraryService.xml] a pris [5 511] ms
11-Mar-2020 15:04:50.053 INFOS [main] org.apache.catalina.core.StandardServer.await Une commande d'arrêt valide a été reçue sur le port d'arrêt, arrêt de l'instance du serveur
11-Mar-2020 15:04:50.053 INFOS [main] org.apache.coyote.AbstractProtocol.pause Le gestionnaire de protocole ["http-nio-8080"] est mis en pause
11-Mar-2020 15:04:50.063 INFOS [main] org.apache.coyote.AbstractProtocol.pause Le gestionnaire de protocole ["ajp-nio-8009"] est mis en pause
11-Mar-2020 15:04:50.071 INFOS [main] org.apache.catalina.core.StandardService.stopInternal Arrêt du service [Catalina]
11-Mar-2020 15:04:50.098 INFOS [main] org.apache.coyote.AbstractProtocol.stop Arrêt du gestionnaire de protocole ["http-nio-8080"]
11-Mar-2020 15:04:50.100 INFOS [main] org.apache.coyote.AbstractProtocol.stop Arrêt du gestionnaire de protocole ["ajp-nio-8009"]
11-Mar-2020 15:04:50.102 INFOS [main] org.apache.coyote.AbstractProtocol.destroy Destruction du gestionnaire de protocole ["http-nio-8080"]
11-Mar-2020 15:04:50.103 INFOS [main] org.apache.coyote.AbstractProtocol.destroy Destruction du gestionnaire de protocole ["ajp-nio-8009"]
