10-Feb-2020 12:22:28.654 INFOS [http-nio-8080-exec-5] org.apache.catalina.core.ApplicationContext.log Manager: init: Associated with Deployer 'Catalina:type=Deployer,host=localhost'
10-Feb-2020 12:22:28.654 INFOS [http-nio-8080-exec-5] org.apache.catalina.core.ApplicationContext.log Manager: init: Global resources are available
10-Feb-2020 12:22:29.342 INFOS [http-nio-8080-exec-8] org.apache.catalina.core.ApplicationContext.log Manager: list: Listing contexts for virtual host 'localhost'
10-Feb-2020 12:22:29.365 INFOS [http-nio-8080-exec-6] org.apache.catalina.core.ApplicationContext.log Manager: list: Listing contexts for virtual host 'localhost'
10-Feb-2020 12:22:29.443 INFOS [http-nio-8080-exec-9] org.apache.catalina.core.ApplicationContext.log Manager: restart: Reloading web application '/A1-LibraryService'
10-Feb-2020 12:23:33.592 INFOS [http-nio-8080-exec-1] org.apache.catalina.core.ApplicationContext.log Manager: list: Listing contexts for virtual host 'localhost'
10-Feb-2020 12:23:33.604 INFOS [http-nio-8080-exec-5] org.apache.catalina.core.ApplicationContext.log Manager: list: Listing contexts for virtual host 'localhost'
10-Feb-2020 12:23:33.636 INFOS [http-nio-8080-exec-6] org.apache.catalina.core.ApplicationContext.log Manager: restart: Reloading web application '/A1-LibraryClient'
10-Feb-2020 12:25:54.719 INFOS [http-nio-8080-exec-16] org.apache.catalina.core.ApplicationContext.log Manager: list: Listing contexts for virtual host 'localhost'
10-Feb-2020 12:25:54.730 INFOS [http-nio-8080-exec-22] org.apache.catalina.core.ApplicationContext.log Manager: restart: Reloading web application '/A1-LibraryClient'
10-Feb-2020 12:27:05.691 INFOS [http-nio-8080-exec-7] org.apache.catalina.core.ApplicationContext.log Manager: init: Associated with Deployer 'Catalina:type=Deployer,host=localhost'
10-Feb-2020 12:27:05.694 INFOS [http-nio-8080-exec-7] org.apache.catalina.core.ApplicationContext.log Manager: init: Global resources are available
10-Feb-2020 12:27:06.036 INFOS [http-nio-8080-exec-10] org.apache.catalina.core.ApplicationContext.log Manager: list: Listing contexts for virtual host 'localhost'
10-Feb-2020 12:27:06.050 INFOS [http-nio-8080-exec-4] org.apache.catalina.core.ApplicationContext.log Manager: list: Listing contexts for virtual host 'localhost'
10-Feb-2020 12:27:06.108 INFOS [http-nio-8080-exec-3] org.apache.catalina.core.ApplicationContext.log Manager: restart: Reloading web application '/A1-LibraryService'
10-Feb-2020 12:27:19.952 INFOS [http-nio-8080-exec-6] org.apache.catalina.core.ApplicationContext.log Manager: list: Listing contexts for virtual host 'localhost'
10-Feb-2020 12:27:19.974 INFOS [http-nio-8080-exec-10] org.apache.catalina.core.ApplicationContext.log Manager: list: Listing contexts for virtual host 'localhost'
10-Feb-2020 12:27:20.014 INFOS [http-nio-8080-exec-11] org.apache.catalina.core.ApplicationContext.log Manager: restart: Reloading web application '/A1-LibraryClient'
10-Feb-2020 12:28:19.779 INFOS [http-nio-8080-exec-9] org.apache.catalina.core.ApplicationContext.log Manager: list: Listing contexts for virtual host 'localhost'
10-Feb-2020 12:28:19.785 INFOS [http-nio-8080-exec-4] org.apache.catalina.core.ApplicationContext.log Manager: list: Listing contexts for virtual host 'localhost'
10-Feb-2020 12:28:19.834 INFOS [http-nio-8080-exec-14] org.apache.catalina.core.ApplicationContext.log Manager: restart: Reloading web application '/A1-LibraryService'
10-Feb-2020 12:28:19.941 INFOS [http-nio-8080-exec-10] org.apache.catalina.core.ApplicationContext.log Manager: list: Listing contexts for virtual host 'localhost'
10-Feb-2020 12:28:25.114 INFOS [http-nio-8080-exec-18] org.apache.catalina.core.ApplicationContext.log Manager: restart: Reloading web application '/A1-LibraryClient'
10-Feb-2020 12:31:25.433 INFOS [http-nio-8080-exec-7] org.apache.catalina.core.ApplicationContext.log Manager: init: Associated with Deployer 'Catalina:type=Deployer,host=localhost'
10-Feb-2020 12:31:25.434 INFOS [http-nio-8080-exec-7] org.apache.catalina.core.ApplicationContext.log Manager: init: Global resources are available
10-Feb-2020 12:31:25.729 INFOS [http-nio-8080-exec-9] org.apache.catalina.core.ApplicationContext.log Manager: list: Listing contexts for virtual host 'localhost'
10-Feb-2020 12:31:25.751 INFOS [http-nio-8080-exec-10] org.apache.catalina.core.ApplicationContext.log Manager: list: Listing contexts for virtual host 'localhost'
10-Feb-2020 12:31:25.812 INFOS [http-nio-8080-exec-4] org.apache.catalina.core.ApplicationContext.log Manager: restart: Reloading web application '/A1-LibraryService'
10-Feb-2020 12:32:00.327 INFOS [http-nio-8080-exec-8] org.apache.catalina.core.ApplicationContext.log Manager: init: Associated with Deployer 'Catalina:type=Deployer,host=localhost'
10-Feb-2020 12:32:00.328 INFOS [http-nio-8080-exec-8] org.apache.catalina.core.ApplicationContext.log Manager: init: Global resources are available
10-Feb-2020 12:32:01.809 INFOS [http-nio-8080-exec-6] org.apache.catalina.core.ApplicationContext.log Manager: list: Listing contexts for virtual host 'localhost'
10-Feb-2020 12:32:01.819 INFOS [http-nio-8080-exec-9] org.apache.catalina.core.ApplicationContext.log Manager: list: Listing contexts for virtual host 'localhost'
10-Feb-2020 12:32:01.846 INFOS [http-nio-8080-exec-2] org.apache.catalina.core.ApplicationContext.log Manager: undeploy: Undeploying web application at '/A1-LibraryService'
10-Feb-2020 12:32:02.434 INFOS [http-nio-8080-exec-7] org.apache.catalina.core.ApplicationContext.log Manager: install: Installing context configuration at 'file:/var/folders/q9/r0kqgvws6mxcw59hj8ll3z2w0000gn/T/context5332726075360284642.xml'
10-Feb-2020 12:32:08.936 INFOS [http-nio-8080-exec-9] org.apache.catalina.core.ApplicationContext.log Manager: start: Starting web application '/A1-LibraryService'
10-Feb-2020 12:37:11.343 INFOS [http-nio-8080-exec-20] org.apache.catalina.core.ApplicationContext.log Manager: list: Listing contexts for virtual host 'localhost'
10-Feb-2020 12:37:11.369 INFOS [http-nio-8080-exec-19] org.apache.catalina.core.ApplicationContext.log Manager: restart: Reloading web application '/A1-LibraryClient'
10-Feb-2020 12:37:11.450 INFOS [http-nio-8080-exec-20] org.apache.catalina.core.ApplicationContext.log Manager: list: Listing contexts for virtual host 'localhost'
10-Feb-2020 12:37:11.471 INFOS [http-nio-8080-exec-11] org.apache.catalina.core.ApplicationContext.log Manager: list: Listing contexts for virtual host 'localhost'
10-Feb-2020 12:37:14.238 INFOS [http-nio-8080-exec-14] org.apache.catalina.core.ApplicationContext.log Manager: undeploy: Undeploying web application at '/A1-LibraryService'
10-Feb-2020 12:37:14.811 INFOS [http-nio-8080-exec-21] org.apache.catalina.core.ApplicationContext.log Manager: install: Installing context configuration at 'file:/var/folders/q9/r0kqgvws6mxcw59hj8ll3z2w0000gn/T/context5541497980065521467.xml'
10-Feb-2020 12:37:20.832 INFOS [http-nio-8080-exec-12] org.apache.catalina.core.ApplicationContext.log Manager: start: Starting web application '/A1-LibraryService'
10-Feb-2020 12:39:16.783 INFOS [http-nio-8080-exec-25] org.apache.catalina.core.ApplicationContext.log Manager: list: Listing contexts for virtual host 'localhost'
10-Feb-2020 12:39:16.792 INFOS [http-nio-8080-exec-23] org.apache.catalina.core.ApplicationContext.log Manager: list: Listing contexts for virtual host 'localhost'
10-Feb-2020 12:39:16.824 INFOS [http-nio-8080-exec-24] org.apache.catalina.core.ApplicationContext.log Manager: undeploy: Undeploying web application at '/A1-LibraryService'
10-Feb-2020 12:39:17.367 INFOS [http-nio-8080-exec-27] org.apache.catalina.core.ApplicationContext.log Manager: install: Installing context configuration at 'file:/var/folders/q9/r0kqgvws6mxcw59hj8ll3z2w0000gn/T/context8827271768485888011.xml'
10-Feb-2020 12:39:22.037 INFOS [http-nio-8080-exec-26] org.apache.catalina.core.ApplicationContext.log Manager: start: Starting web application '/A1-LibraryService'
10-Feb-2020 12:46:41.123 INFOS [http-nio-8080-exec-8] org.apache.catalina.core.ApplicationContext.log Manager: init: Associated with Deployer 'Catalina:type=Deployer,host=localhost'
10-Feb-2020 12:46:41.124 INFOS [http-nio-8080-exec-8] org.apache.catalina.core.ApplicationContext.log Manager: init: Global resources are available
10-Feb-2020 12:46:41.472 INFOS [http-nio-8080-exec-2] org.apache.catalina.core.ApplicationContext.log Manager: list: Listing contexts for virtual host 'localhost'
10-Feb-2020 12:46:41.481 INFOS [http-nio-8080-exec-4] org.apache.catalina.core.ApplicationContext.log Manager: list: Listing contexts for virtual host 'localhost'
10-Feb-2020 12:46:41.525 INFOS [http-nio-8080-exec-3] org.apache.catalina.core.ApplicationContext.log Manager: restart: Reloading web application '/A1-LibraryService'
10-Feb-2020 12:49:09.503 INFOS [http-nio-8080-exec-18] org.apache.catalina.core.ApplicationContext.log Manager: list: Listing contexts for virtual host 'localhost'
10-Feb-2020 12:49:09.517 INFOS [http-nio-8080-exec-13] org.apache.catalina.core.ApplicationContext.log Manager: restart: Reloading web application '/A1-LibraryService'
10-Feb-2020 12:49:31.391 INFOS [http-nio-8080-exec-22] org.apache.catalina.core.ApplicationContext.log Manager: list: Listing contexts for virtual host 'localhost'
10-Feb-2020 12:49:31.405 INFOS [http-nio-8080-exec-11] org.apache.catalina.core.ApplicationContext.log Manager: restart: Reloading web application '/A1-LibraryClient'
10-Feb-2020 12:49:36.557 INFOS [http-nio-8080-exec-14] org.apache.catalina.core.ApplicationContext.log Manager: list: Listing contexts for virtual host 'localhost'
10-Feb-2020 12:49:36.572 INFOS [http-nio-8080-exec-20] org.apache.catalina.core.ApplicationContext.log Manager: list: Listing contexts for virtual host 'localhost'
10-Feb-2020 12:49:36.680 INFOS [http-nio-8080-exec-22] org.apache.catalina.core.ApplicationContext.log Manager: restart: Reloading web application '/A1-LibraryService'
10-Feb-2020 12:49:51.063 INFOS [http-nio-8080-exec-23] org.apache.catalina.core.ApplicationContext.log Manager: list: Listing contexts for virtual host 'localhost'
10-Feb-2020 12:49:51.074 INFOS [http-nio-8080-exec-12] org.apache.catalina.core.ApplicationContext.log Manager: list: Listing contexts for virtual host 'localhost'
10-Feb-2020 12:49:51.106 INFOS [http-nio-8080-exec-25] org.apache.catalina.core.ApplicationContext.log Manager: restart: Reloading web application '/A1-LibraryClient'
10-Feb-2020 12:50:11.242 INFOS [http-nio-8080-exec-23] org.apache.catalina.core.ApplicationContext.log Manager: list: Listing contexts for virtual host 'localhost'
10-Feb-2020 12:50:11.259 INFOS [http-nio-8080-exec-24] org.apache.catalina.core.ApplicationContext.log Manager: list: Listing contexts for virtual host 'localhost'
10-Feb-2020 12:52:55.039 INFOS [http-nio-8080-exec-7] org.apache.catalina.core.ApplicationContext.log Manager: init: Associated with Deployer 'Catalina:type=Deployer,host=localhost'
10-Feb-2020 12:52:55.039 INFOS [http-nio-8080-exec-7] org.apache.catalina.core.ApplicationContext.log Manager: init: Global resources are available
10-Feb-2020 12:52:55.376 INFOS [http-nio-8080-exec-9] org.apache.catalina.core.ApplicationContext.log Manager: list: Listing contexts for virtual host 'localhost'
10-Feb-2020 12:52:55.388 INFOS [http-nio-8080-exec-7] org.apache.catalina.core.ApplicationContext.log Manager: list: Listing contexts for virtual host 'localhost'
10-Feb-2020 12:52:55.433 INFOS [http-nio-8080-exec-10] org.apache.catalina.core.ApplicationContext.log Manager: restart: Reloading web application '/A1-LibraryService'
10-Feb-2020 12:53:05.660 INFOS [http-nio-8080-exec-7] org.apache.catalina.core.ApplicationContext.log Manager: list: Listing contexts for virtual host 'localhost'
10-Feb-2020 12:53:05.670 INFOS [http-nio-8080-exec-11] org.apache.catalina.core.ApplicationContext.log Manager: list: Listing contexts for virtual host 'localhost'
10-Feb-2020 12:53:05.702 INFOS [http-nio-8080-exec-6] org.apache.catalina.core.ApplicationContext.log Manager: restart: Reloading web application '/A1-LibraryClient'
10-Feb-2020 12:58:57.010 INFOS [http-nio-8080-exec-8] org.apache.catalina.core.ApplicationContext.log Manager: init: Associated with Deployer 'Catalina:type=Deployer,host=localhost'
10-Feb-2020 12:58:57.010 INFOS [http-nio-8080-exec-8] org.apache.catalina.core.ApplicationContext.log Manager: init: Global resources are available
10-Feb-2020 12:58:58.077 INFOS [http-nio-8080-exec-1] org.apache.catalina.core.ApplicationContext.log Manager: list: Listing contexts for virtual host 'localhost'
10-Feb-2020 12:58:58.097 INFOS [http-nio-8080-exec-3] org.apache.catalina.core.ApplicationContext.log Manager: list: Listing contexts for virtual host 'localhost'
10-Feb-2020 12:58:58.160 INFOS [http-nio-8080-exec-4] org.apache.catalina.core.ApplicationContext.log Manager: restart: Reloading web application '/A1-LibraryService'
10-Feb-2020 12:59:24.317 INFOS [http-nio-8080-exec-1] org.apache.catalina.core.ApplicationContext.log Manager: list: Listing contexts for virtual host 'localhost'
10-Feb-2020 12:59:24.335 INFOS [http-nio-8080-exec-5] org.apache.catalina.core.ApplicationContext.log Manager: list: Listing contexts for virtual host 'localhost'
10-Feb-2020 12:59:24.411 INFOS [http-nio-8080-exec-7] org.apache.catalina.core.ApplicationContext.log Manager: restart: Reloading web application '/A1-LibraryClient'
