20-Mar-2020 09:38:20.827 INFOS [main] org.apache.catalina.core.ApplicationContext.log ContextListener: contextInitialized()
20-Mar-2020 09:38:20.827 INFOS [main] org.apache.catalina.core.ApplicationContext.log SessionListener: contextInitialized()
20-Mar-2020 09:38:20.829 INFOS [main] org.apache.catalina.core.ApplicationContext.log ContextListener: attributeAdded('StockTicker', 'async.Stockticker@218da1f9')
20-Mar-2020 09:43:44.976 INFOS [main] org.apache.catalina.core.ApplicationContext.log SessionListener: contextDestroyed()
20-Mar-2020 09:43:44.976 INFOS [main] org.apache.catalina.core.ApplicationContext.log ContextListener: contextDestroyed()
20-Mar-2020 09:46:24.323 INFOS [main] org.apache.catalina.core.ApplicationContext.log ContextListener: contextInitialized()
20-Mar-2020 09:46:24.324 INFOS [main] org.apache.catalina.core.ApplicationContext.log SessionListener: contextInitialized()
20-Mar-2020 09:46:24.328 INFOS [main] org.apache.catalina.core.ApplicationContext.log ContextListener: attributeAdded('StockTicker', 'async.Stockticker@f06a39e')
20-Mar-2020 09:47:29.574 INFOS [main] org.apache.catalina.core.ApplicationContext.log SessionListener: contextDestroyed()
20-Mar-2020 09:47:29.574 INFOS [main] org.apache.catalina.core.ApplicationContext.log ContextListener: contextDestroyed()
20-Mar-2020 09:48:30.827 INFOS [main] org.apache.catalina.core.ApplicationContext.log ContextListener: contextInitialized()
20-Mar-2020 09:48:30.829 INFOS [main] org.apache.catalina.core.ApplicationContext.log SessionListener: contextInitialized()
20-Mar-2020 09:48:30.837 INFOS [main] org.apache.catalina.core.ApplicationContext.log ContextListener: attributeAdded('StockTicker', 'async.Stockticker@253cbe79')
20-Mar-2020 09:56:22.459 INFOS [main] org.apache.catalina.core.ApplicationContext.log SessionListener: contextDestroyed()
20-Mar-2020 09:56:22.459 INFOS [main] org.apache.catalina.core.ApplicationContext.log ContextListener: contextDestroyed()
20-Mar-2020 10:46:19.770 INFOS [main] org.apache.catalina.core.ApplicationContext.log ContextListener: contextInitialized()
20-Mar-2020 10:46:19.771 INFOS [main] org.apache.catalina.core.ApplicationContext.log SessionListener: contextInitialized()
20-Mar-2020 10:46:19.773 INFOS [main] org.apache.catalina.core.ApplicationContext.log ContextListener: attributeAdded('StockTicker', 'async.Stockticker@26b3eb48')
20-Mar-2020 11:25:49.527 INFOS [main] org.apache.catalina.core.ApplicationContext.log ContextListener: contextInitialized()
20-Mar-2020 11:25:49.527 INFOS [main] org.apache.catalina.core.ApplicationContext.log SessionListener: contextInitialized()
20-Mar-2020 11:25:49.528 INFOS [main] org.apache.catalina.core.ApplicationContext.log ContextListener: attributeAdded('StockTicker', 'async.Stockticker@22b9f45f')
20-Mar-2020 15:47:11.604 INFOS [Thread-5] org.apache.catalina.core.ApplicationContext.log SessionListener: contextDestroyed()
20-Mar-2020 15:47:11.604 INFOS [Thread-5] org.apache.catalina.core.ApplicationContext.log ContextListener: contextDestroyed()
